{"/Users/zhangyuqing/Desktop/aaaa/json-master/src/components/ErrorPanel.ts": {"path":"/Users/zhangyuqing/Desktop/aaaa/json-master/src/components/ErrorPanel.ts","statementMap":{"0":{"start":{"line":16,"column":32},"end":{"line":16,"column":34}},"1":{"start":{"line":20,"column":4},"end":{"line":20,"column":null}},"2":{"start":{"line":21,"column":4},"end":{"line":21,"column":null}},"3":{"start":{"line":22,"column":4},"end":{"line":22,"column":null}},"4":{"start":{"line":26,"column":4},"end":{"line":26,"column":null}},"5":{"start":{"line":27,"column":4},"end":{"line":27,"column":null}},"6":{"start":{"line":31,"column":4},"end":{"line":31,"column":null}},"7":{"start":{"line":32,"column":4},"end":{"line":32,"column":null}},"8":{"start":{"line":36,"column":4},"end":{"line":36,"column":null}},"9":{"start":{"line":37,"column":4},"end":{"line":37,"column":null}},"10":{"start":{"line":41,"column":4},"end":{"line":41,"column":null}},"11":{"start":{"line":42,"column":4},"end":{"line":42,"column":null}},"12":{"start":{"line":46,"column":4},"end":{"line":46,"column":null}},"13":{"start":{"line":50,"column":4},"end":{"line":50,"column":null}},"14":{"start":{"line":54,"column":4},"end":{"line":54,"column":null}},"15":{"start":{"line":54,"column":37},"end":{"line":54,"column":61}},"16":{"start":{"line":58,"column":4},"end":{"line":58,"column":null}},"17":{"start":{"line":60,"column":4},"end":{"line":62,"column":null}},"18":{"start":{"line":61,"column":6},"end":{"line":61,"column":null}},"19":{"start":{"line":62,"column":6},"end":{"line":62,"column":null}},"20":{"start":{"line":65,"column":19},"end":{"line":65,"column":48}},"21":{"start":{"line":66,"column":4},"end":{"line":66,"column":null}},"22":{"start":{"line":68,"column":23},"end":{"line":68,"column":60}},"23":{"start":{"line":69,"column":25},"end":{"line":69,"column":64}},"24":{"start":{"line":71,"column":4},"end":{"line":74,"column":null}},"25":{"start":{"line":79,"column":21},"end":{"line":79,"column":62}},"26":{"start":{"line":80,"column":4},"end":{"line":82,"column":null}},"27":{"start":{"line":81,"column":6},"end":{"line":81,"column":null}},"28":{"start":{"line":84,"column":4},"end":{"line":84,"column":null}},"29":{"start":{"line":86,"column":17},"end":{"line":86,"column":46}},"30":{"start":{"line":87,"column":4},"end":{"line":87,"column":null}},"31":{"start":{"line":89,"column":4},"end":{"line":92,"column":null}},"32":{"start":{"line":90,"column":19},"end":{"line":90,"column":53}},"33":{"start":{"line":91,"column":6},"end":{"line":91,"column":null}},"34":{"start":{"line":94,"column":4},"end":{"line":94,"column":null}},"35":{"start":{"line":98,"column":23},"end":{"line":98,"column":52}},"36":{"start":{"line":99,"column":4},"end":{"line":99,"column":null}},"37":{"start":{"line":100,"column":4},"end":{"line":100,"column":null}},"38":{"start":{"line":106,"column":4},"end":{"line":106,"column":null}},"39":{"start":{"line":110,"column":17},"end":{"line":110,"column":46}},"40":{"start":{"line":111,"column":4},"end":{"line":111,"column":null}},"41":{"start":{"line":112,"column":4},"end":{"line":112,"column":null}},"42":{"start":{"line":114,"column":17},"end":{"line":114,"column":null}},"43":{"start":{"line":115,"column":21},"end":{"line":115,"column":null}},"44":{"start":{"line":117,"column":4},"end":{"line":123,"column":null}},"45":{"start":{"line":126,"column":4},"end":{"line":128,"column":null}},"46":{"start":{"line":127,"column":6},"end":{"line":127,"column":null}},"47":{"start":{"line":130,"column":4},"end":{"line":133,"column":null}},"48":{"start":{"line":131,"column":6},"end":{"line":131,"column":null}},"49":{"start":{"line":132,"column":6},"end":{"line":132,"column":null}},"50":{"start":{"line":135,"column":4},"end":{"line":137,"column":null}},"51":{"start":{"line":136,"column":6},"end":{"line":136,"column":null}},"52":{"start":{"line":139,"column":4},"end":{"line":139,"column":null}},"53":{"start":{"line":143,"column":16},"end":{"line":143,"column":45}},"54":{"start":{"line":144,"column":4},"end":{"line":144,"column":null}},"55":{"start":{"line":145,"column":4},"end":{"line":145,"column":null}},"56":{"start":{"line":149,"column":18},"end":{"line":149,"column":64}},"57":{"start":{"line":150,"column":4},"end":{"line":152,"column":null}},"58":{"start":{"line":151,"column":6},"end":{"line":151,"column":null}},"59":{"start":{"line":154,"column":24},"end":{"line":155,"column":null}},"60":{"start":{"line":155,"column":13},"end":{"line":155,"column":null}},"61":{"start":{"line":158,"column":4},"end":{"line":162,"column":null}},"62":{"start":{"line":159,"column":20},"end":{"line":159,"column":52}},"63":{"start":{"line":160,"column":25},"end":{"line":160,"column":80}},"64":{"start":{"line":161,"column":6},"end":{"line":161,"column":null}},"65":{"start":{"line":162,"column":6},"end":{"line":162,"column":null}},"66":{"start":{"line":167,"column":4},"end":{"line":167,"column":null}},"67":{"start":{"line":168,"column":4},"end":{"line":168,"column":null}}},"fnMap":{"0":{"name":"(anonymous_0)","decl":{"start":{"line":19,"column":2},"end":{"line":19,"column":14}},"loc":{"start":{"line":19,"column":71},"end":{"line":22,"column":null}},"line":19},"1":{"name":"(anonymous_1)","decl":{"start":{"line":25,"column":2},"end":{"line":25,"column":10}},"loc":{"start":{"line":25,"column":23},"end":{"line":27,"column":null}},"line":25},"2":{"name":"(anonymous_2)","decl":{"start":{"line":30,"column":2},"end":{"line":30,"column":12}},"loc":{"start":{"line":30,"column":39},"end":{"line":32,"column":null}},"line":30},"3":{"name":"(anonymous_3)","decl":{"start":{"line":35,"column":2},"end":{"line":35,"column":11}},"loc":{"start":{"line":35,"column":35},"end":{"line":37,"column":null}},"line":35},"4":{"name":"(anonymous_4)","decl":{"start":{"line":40,"column":2},"end":{"line":40,"column":22}},"loc":{"start":{"line":40,"column":22},"end":{"line":42,"column":null}},"line":40},"5":{"name":"(anonymous_5)","decl":{"start":{"line":45,"column":2},"end":{"line":45,"column":27}},"loc":{"start":{"line":45,"column":27},"end":{"line":46,"column":null}},"line":45},"6":{"name":"(anonymous_6)","decl":{"start":{"line":49,"column":2},"end":{"line":49,"column":26}},"loc":{"start":{"line":49,"column":26},"end":{"line":50,"column":null}},"line":49},"7":{"name":"(anonymous_7)","decl":{"start":{"line":53,"column":2},"end":{"line":53,"column":26}},"loc":{"start":{"line":53,"column":65},"end":{"line":54,"column":null}},"line":53},"8":{"name":"(anonymous_8)","decl":{"start":{"line":54,"column":23},"end":{"line":54,"column":31}},"loc":{"start":{"line":54,"column":37},"end":{"line":54,"column":61}},"line":54},"9":{"name":"(anonymous_9)","decl":{"start":{"line":57,"column":2},"end":{"line":57,"column":10}},"loc":{"start":{"line":57,"column":25},"end":{"line":94,"column":null}},"line":57},"10":{"name":"(anonymous_10)","decl":{"start":{"line":80,"column":31},"end":{"line":80,"column":46}},"loc":{"start":{"line":80,"column":46},"end":{"line":82,"column":null}},"line":80},"11":{"name":"(anonymous_11)","decl":{"start":{"line":89,"column":16},"end":{"line":89,"column":25}},"loc":{"start":{"line":89,"column":42},"end":{"line":92,"column":null}},"line":89},"12":{"name":"(anonymous_12)","decl":{"start":{"line":97,"column":2},"end":{"line":97,"column":10}},"loc":{"start":{"line":97,"column":35},"end":{"line":106,"column":null}},"line":97},"13":{"name":"(anonymous_13)","decl":{"start":{"line":109,"column":2},"end":{"line":109,"column":10}},"loc":{"start":{"line":109,"column":72},"end":{"line":139,"column":null}},"line":109},"14":{"name":"(anonymous_14)","decl":{"start":{"line":126,"column":26},"end":{"line":126,"column":41}},"loc":{"start":{"line":126,"column":41},"end":{"line":128,"column":null}},"line":126},"15":{"name":"(anonymous_15)","decl":{"start":{"line":130,"column":26},"end":{"line":130,"column":41}},"loc":{"start":{"line":130,"column":47},"end":{"line":133,"column":null}},"line":130},"16":{"name":"(anonymous_16)","decl":{"start":{"line":135,"column":26},"end":{"line":135,"column":46}},"loc":{"start":{"line":135,"column":46},"end":{"line":137,"column":null}},"line":135},"17":{"name":"(anonymous_17)","decl":{"start":{"line":142,"column":2},"end":{"line":142,"column":10}},"loc":{"start":{"line":142,"column":43},"end":{"line":145,"column":null}},"line":142},"18":{"name":"(anonymous_18)","decl":{"start":{"line":148,"column":2},"end":{"line":148,"column":17}},"loc":{"start":{"line":148,"column":53},"end":{"line":162,"column":null}},"line":148},"19":{"name":"(anonymous_19)","decl":{"start":{"line":150,"column":10},"end":{"line":150,"column":19}},"loc":{"start":{"line":150,"column":28},"end":{"line":152,"column":null}},"line":150},"20":{"name":"(anonymous_20)","decl":{"start":{"line":154,"column":36},"end":{"line":154,"column":null}},"loc":{"start":{"line":155,"column":13},"end":{"line":155,"column":null}},"line":155},"21":{"name":"(anonymous_21)","decl":{"start":{"line":166,"column":2},"end":{"line":166,"column":18}},"loc":{"start":{"line":166,"column":18},"end":{"line":168,"column":null}},"line":166}},"branchMap":{"0":{"loc":{"start":{"line":19,"column":38},"end":{"line":19,"column":69}},"type":"default-arg","locations":[{"start":{"line":19,"column":67},"end":{"line":19,"column":69}}],"line":19},"1":{"loc":{"start":{"line":60,"column":4},"end":{"line":62,"column":null}},"type":"if","locations":[{"start":{"line":60,"column":4},"end":{"line":62,"column":null}},{"start":{},"end":{}}],"line":60},"2":{"loc":{"start":{"line":73,"column":10},"end":{"line":73,"column":null}},"type":"cond-expr","locations":[{"start":{"line":73,"column":27},"end":{"line":73,"column":81}},{"start":{"line":73,"column":81},"end":{"line":73,"column":null}}],"line":73},"3":{"loc":{"start":{"line":74,"column":10},"end":{"line":74,"column":null}},"type":"cond-expr","locations":[{"start":{"line":74,"column":29},"end":{"line":74,"column":87}},{"start":{"line":74,"column":87},"end":{"line":74,"column":null}}],"line":74},"4":{"loc":{"start":{"line":114,"column":17},"end":{"line":114,"column":null}},"type":"cond-expr","locations":[{"start":{"line":114,"column":46},"end":{"line":114,"column":52}},{"start":{"line":114,"column":52},"end":{"line":114,"column":null}}],"line":114},"5":{"loc":{"start":{"line":123,"column":8},"end":{"line":123,"column":null}},"type":"cond-expr","locations":[{"start":{"line":123,"column":21},"end":{"line":123,"column":86}},{"start":{"line":123,"column":86},"end":{"line":123,"column":null}}],"line":123},"6":{"loc":{"start":{"line":155,"column":13},"end":{"line":155,"column":null}},"type":"binary-expr","locations":[{"start":{"line":155,"column":13},"end":{"line":155,"column":32}},{"start":{"line":155,"column":32},"end":{"line":155,"column":null}}],"line":155},"7":{"loc":{"start":{"line":158,"column":4},"end":{"line":162,"column":null}},"type":"if","locations":[{"start":{"line":158,"column":4},"end":{"line":162,"column":null}},{"start":{},"end":{}}],"line":158}},"s":{"0":37,"1":37,"2":37,"3":37,"4":37,"5":37,"6":34,"7":34,"8":2,"9":2,"10":4,"11":4,"12":5,"13":5,"14":73,"15":101,"16":40,"17":40,"18":5,"19":5,"20":35,"21":35,"22":35,"23":35,"24":35,"25":40,"26":40,"27":2,"28":40,"29":40,"30":40,"31":40,"32":47,"33":47,"34":40,"35":5,"36":5,"37":5,"38":5,"39":47,"40":47,"41":47,"42":47,"43":47,"44":47,"45":47,"46":1,"47":47,"48":3,"49":3,"50":47,"51":1,"52":47,"53":49,"54":49,"55":49,"56":2,"57":2,"58":4,"59":2,"60":4,"61":2,"62":2,"63":2,"64":2,"65":2,"66":1,"67":1},"f":{"0":37,"1":37,"2":34,"3":2,"4":4,"5":5,"6":5,"7":73,"8":101,"9":40,"10":2,"11":47,"12":5,"13":47,"14":1,"15":3,"16":1,"17":49,"18":2,"19":4,"20":4,"21":1},"b":{"0":[37],"1":[5,35],"2":[31,4],"3":[8,27],"4":[38,9],"5":[2,45],"6":[4,2],"7":[2,0]},"meta":{"lastBranch":8,"lastFunction":22,"lastStatement":68,"seen":{"s:16:32:16:34":0,"f:19:2:19:14":0,"b:19:67:19:69":0,"s:20:4:20:Infinity":1,"s:21:4:21:Infinity":2,"s:22:4:22:Infinity":3,"f:25:2:25:10":1,"s:26:4:26:Infinity":4,"s:27:4:27:Infinity":5,"f:30:2:30:12":2,"s:31:4:31:Infinity":6,"s:32:4:32:Infinity":7,"f:35:2:35:11":3,"s:36:4:36:Infinity":8,"s:37:4:37:Infinity":9,"f:40:2:40:22":4,"s:41:4:41:Infinity":10,"s:42:4:42:Infinity":11,"f:45:2:45:27":5,"s:46:4:46:Infinity":12,"f:49:2:49:26":6,"s:50:4:50:Infinity":13,"f:53:2:53:26":7,"s:54:4:54:Infinity":14,"f:54:23:54:31":8,"s:54:37:54:61":15,"f:57:2:57:10":9,"s:58:4:58:Infinity":16,"b:60:4:62:Infinity:undefined:undefined:undefined:undefined":1,"s:60:4:62:Infinity":17,"s:61:6:61:Infinity":18,"s:62:6:62:Infinity":19,"s:65:19:65:48":20,"s:66:4:66:Infinity":21,"s:68:23:68:60":22,"s:69:25:69:64":23,"s:71:4:74:Infinity":24,"b:73:27:73:81:73:81:73:Infinity":2,"b:74:29:74:87:74:87:74:Infinity":3,"s:79:21:79:62":25,"s:80:4:82:Infinity":26,"f:80:31:80:46":10,"s:81:6:81:Infinity":27,"s:84:4:84:Infinity":28,"s:86:17:86:46":29,"s:87:4:87:Infinity":30,"s:89:4:92:Infinity":31,"f:89:16:89:25":11,"s:90:19:90:53":32,"s:91:6:91:Infinity":33,"s:94:4:94:Infinity":34,"f:97:2:97:10":12,"s:98:23:98:52":35,"s:99:4:99:Infinity":36,"s:100:4:100:Infinity":37,"s:106:4:106:Infinity":38,"f:109:2:109:10":13,"s:110:17:110:46":39,"s:111:4:111:Infinity":40,"s:112:4:112:Infinity":41,"s:114:17:114:Infinity":42,"b:114:46:114:52:114:52:114:Infinity":4,"s:115:21:115:Infinity":43,"s:117:4:123:Infinity":44,"b:123:21:123:86:123:86:123:Infinity":5,"s:126:4:128:Infinity":45,"f:126:26:126:41":14,"s:127:6:127:Infinity":46,"s:130:4:133:Infinity":47,"f:130:26:130:41":15,"s:131:6:131:Infinity":48,"s:132:6:132:Infinity":49,"s:135:4:137:Infinity":50,"f:135:26:135:46":16,"s:136:6:136:Infinity":51,"s:139:4:139:Infinity":52,"f:142:2:142:10":17,"s:143:16:143:45":53,"s:144:4:144:Infinity":54,"s:145:4:145:Infinity":55,"f:148:2:148:17":18,"s:149:18:149:64":56,"s:150:4:152:Infinity":57,"f:150:10:150:19":19,"s:151:6:151:Infinity":58,"s:154:24:155:Infinity":59,"f:154:36:154:Infinity":20,"s:155:13:155:Infinity":60,"b:155:13:155:32:155:32:155:Infinity":6,"b:158:4:162:Infinity:undefined:undefined:undefined:undefined":7,"s:158:4:162:Infinity":61,"s:159:20:159:52":62,"s:160:25:160:80":63,"s:161:6:161:Infinity":64,"s:162:6:162:Infinity":65,"f:166:2:166:18":21,"s:167:4:167:Infinity":66,"s:168:4:168:Infinity":67}}}
,"/Users/zhangyuqing/Desktop/aaaa/json-master/src/components/JSONTreeNavigator.ts": {"path":"/Users/zhangyuqing/Desktop/aaaa/json-master/src/components/JSONTreeNavigator.ts","statementMap":{"0":{"start":{"line":22,"column":38},"end":{"line":22,"column":null}},"1":{"start":{"line":24,"column":31},"end":{"line":24,"column":null}},"2":{"start":{"line":25,"column":46},"end":{"line":25,"column":55}},"3":{"start":{"line":28,"column":4},"end":{"line":28,"column":null}},"4":{"start":{"line":29,"column":4},"end":{"line":29,"column":null}},"5":{"start":{"line":30,"column":4},"end":{"line":30,"column":null}},"6":{"start":{"line":34,"column":4},"end":{"line":34,"column":null}},"7":{"start":{"line":35,"column":4},"end":{"line":35,"column":null}},"8":{"start":{"line":39,"column":4},"end":{"line":45,"column":null}},"9":{"start":{"line":40,"column":21},"end":{"line":40,"column":37}},"10":{"start":{"line":41,"column":6},"end":{"line":41,"column":null}},"11":{"start":{"line":42,"column":6},"end":{"line":42,"column":null}},"12":{"start":{"line":44,"column":6},"end":{"line":44,"column":null}},"13":{"start":{"line":45,"column":6},"end":{"line":45,"column":null}},"14":{"start":{"line":57,"column":27},"end":{"line":67,"column":null}},"15":{"start":{"line":69,"column":4},"end":{"line":78,"column":null}},"16":{"start":{"line":70,"column":18},"end":{"line":70,"column":null}},"17":{"start":{"line":71,"column":6},"end":{"line":73,"column":null}},"18":{"start":{"line":72,"column":8},"end":{"line":72,"column":51}},"19":{"start":{"line":74,"column":15},"end":{"line":78,"column":null}},"20":{"start":{"line":75,"column":18},"end":{"line":75,"column":null}},"21":{"start":{"line":76,"column":6},"end":{"line":78,"column":null}},"22":{"start":{"line":77,"column":8},"end":{"line":77,"column":67}},"23":{"start":{"line":81,"column":4},"end":{"line":81,"column":null}},"24":{"start":{"line":85,"column":4},"end":{"line":85,"column":null}},"25":{"start":{"line":85,"column":24},"end":{"line":85,"column":null}},"26":{"start":{"line":86,"column":4},"end":{"line":86,"column":null}},"27":{"start":{"line":86,"column":30},"end":{"line":86,"column":null}},"28":{"start":{"line":87,"column":4},"end":{"line":87,"column":null}},"29":{"start":{"line":87,"column":35},"end":{"line":87,"column":null}},"30":{"start":{"line":88,"column":4},"end":{"line":88,"column":null}},"31":{"start":{"line":88,"column":35},"end":{"line":88,"column":null}},"32":{"start":{"line":89,"column":4},"end":{"line":89,"column":null}},"33":{"start":{"line":89,"column":35},"end":{"line":89,"column":null}},"34":{"start":{"line":90,"column":4},"end":{"line":90,"column":null}},"35":{"start":{"line":90,"column":36},"end":{"line":90,"column":null}},"36":{"start":{"line":91,"column":4},"end":{"line":91,"column":null}},"37":{"start":{"line":95,"column":52},"end":{"line":102,"column":null}},"38":{"start":{"line":103,"column":4},"end":{"line":103,"column":null}},"39":{"start":{"line":107,"column":4},"end":{"line":107,"column":null}},"40":{"start":{"line":111,"column":4},"end":{"line":113,"column":null}},"41":{"start":{"line":112,"column":20},"end":{"line":112,"column":null}},"42":{"start":{"line":113,"column":6},"end":{"line":113,"column":null}},"43":{"start":{"line":115,"column":4},"end":{"line":117,"column":null}},"44":{"start":{"line":116,"column":20},"end":{"line":116,"column":null}},"45":{"start":{"line":117,"column":6},"end":{"line":117,"column":null}},"46":{"start":{"line":119,"column":4},"end":{"line":121,"column":null}},"47":{"start":{"line":120,"column":18},"end":{"line":120,"column":36}},"48":{"start":{"line":121,"column":6},"end":{"line":121,"column":null}},"49":{"start":{"line":123,"column":4},"end":{"line":124,"column":null}},"50":{"start":{"line":124,"column":6},"end":{"line":124,"column":null}},"51":{"start":{"line":126,"column":4},"end":{"line":126,"column":null}},"52":{"start":{"line":130,"column":4},"end":{"line":130,"column":null}},"53":{"start":{"line":131,"column":4},"end":{"line":131,"column":null}},"54":{"start":{"line":133,"column":4},"end":{"line":135,"column":null}},"55":{"start":{"line":134,"column":6},"end":{"line":134,"column":null}},"56":{"start":{"line":135,"column":6},"end":{"line":135,"column":null}},"57":{"start":{"line":138,"column":24},"end":{"line":138,"column":53}},"58":{"start":{"line":139,"column":4},"end":{"line":139,"column":null}},"59":{"start":{"line":141,"column":24},"end":{"line":141,"column":64}},"60":{"start":{"line":142,"column":4},"end":{"line":142,"column":null}},"61":{"start":{"line":144,"column":4},"end":{"line":144,"column":null}},"62":{"start":{"line":148,"column":19},"end":{"line":148,"column":null}},"63":{"start":{"line":149,"column":24},"end":{"line":149,"column":53}},"64":{"start":{"line":150,"column":4},"end":{"line":150,"column":null}},"65":{"start":{"line":151,"column":4},"end":{"line":151,"column":null}},"66":{"start":{"line":152,"column":4},"end":{"line":152,"column":null}},"67":{"start":{"line":154,"column":4},"end":{"line":155,"column":null}},"68":{"start":{"line":155,"column":6},"end":{"line":155,"column":null}},"69":{"start":{"line":158,"column":27},"end":{"line":158,"column":56}},"70":{"start":{"line":159,"column":4},"end":{"line":159,"column":null}},"71":{"start":{"line":160,"column":4},"end":{"line":160,"column":null}},"72":{"start":{"line":162,"column":24},"end":{"line":162,"column":null}},"73":{"start":{"line":164,"column":21},"end":{"line":164,"column":51}},"74":{"start":{"line":165,"column":4},"end":{"line":165,"column":null}},"75":{"start":{"line":166,"column":4},"end":{"line":166,"column":null}},"76":{"start":{"line":167,"column":4},"end":{"line":172,"column":null}},"77":{"start":{"line":168,"column":6},"end":{"line":168,"column":null}},"78":{"start":{"line":169,"column":6},"end":{"line":170,"column":null}},"79":{"start":{"line":170,"column":8},"end":{"line":170,"column":null}},"80":{"start":{"line":173,"column":4},"end":{"line":173,"column":null}},"81":{"start":{"line":175,"column":17},"end":{"line":175,"column":47}},"82":{"start":{"line":176,"column":4},"end":{"line":176,"column":null}},"83":{"start":{"line":177,"column":4},"end":{"line":177,"column":null}},"84":{"start":{"line":178,"column":4},"end":{"line":178,"column":null}},"85":{"start":{"line":180,"column":16},"end":{"line":180,"column":46}},"86":{"start":{"line":181,"column":4},"end":{"line":181,"column":null}},"87":{"start":{"line":182,"column":4},"end":{"line":182,"column":null}},"88":{"start":{"line":183,"column":4},"end":{"line":183,"column":null}},"89":{"start":{"line":185,"column":22},"end":{"line":185,"column":52}},"90":{"start":{"line":186,"column":4},"end":{"line":186,"column":null}},"91":{"start":{"line":187,"column":4},"end":{"line":187,"column":null}},"92":{"start":{"line":188,"column":4},"end":{"line":188,"column":null}},"93":{"start":{"line":190,"column":20},"end":{"line":190,"column":50}},"94":{"start":{"line":191,"column":4},"end":{"line":191,"column":null}},"95":{"start":{"line":192,"column":4},"end":{"line":192,"column":null}},"96":{"start":{"line":193,"column":4},"end":{"line":193,"column":null}},"97":{"start":{"line":195,"column":4},"end":{"line":199,"column":null}},"98":{"start":{"line":196,"column":20},"end":{"line":196,"column":50}},"99":{"start":{"line":197,"column":6},"end":{"line":197,"column":null}},"100":{"start":{"line":198,"column":6},"end":{"line":198,"column":null}},"101":{"start":{"line":199,"column":6},"end":{"line":199,"column":null}},"102":{"start":{"line":202,"column":4},"end":{"line":204,"column":null}},"103":{"start":{"line":203,"column":6},"end":{"line":203,"column":null}},"104":{"start":{"line":206,"column":4},"end":{"line":208,"column":null}},"105":{"start":{"line":207,"column":6},"end":{"line":207,"column":null}},"106":{"start":{"line":210,"column":4},"end":{"line":210,"column":null}},"107":{"start":{"line":212,"column":4},"end":{"line":221,"column":null}},"108":{"start":{"line":213,"column":32},"end":{"line":213,"column":61}},"109":{"start":{"line":214,"column":6},"end":{"line":214,"column":null}},"110":{"start":{"line":216,"column":6},"end":{"line":219,"column":null}},"111":{"start":{"line":217,"column":29},"end":{"line":217,"column":69}},"112":{"start":{"line":218,"column":8},"end":{"line":218,"column":null}},"113":{"start":{"line":221,"column":6},"end":{"line":221,"column":null}},"114":{"start":{"line":224,"column":4},"end":{"line":224,"column":null}},"115":{"start":{"line":225,"column":4},"end":{"line":225,"column":null}},"116":{"start":{"line":229,"column":4},"end":{"line":229,"column":null}},"117":{"start":{"line":231,"column":4},"end":{"line":234,"column":null}},"118":{"start":{"line":232,"column":6},"end":{"line":232,"column":null}},"119":{"start":{"line":234,"column":6},"end":{"line":234,"column":null}},"120":{"start":{"line":237,"column":4},"end":{"line":237,"column":null}},"121":{"start":{"line":241,"column":4},"end":{"line":245,"column":null}},"122":{"start":{"line":242,"column":6},"end":{"line":243,"column":null}},"123":{"start":{"line":243,"column":8},"end":{"line":243,"column":null}},"124":{"start":{"line":246,"column":4},"end":{"line":246,"column":null}},"125":{"start":{"line":250,"column":4},"end":{"line":252,"column":null}},"126":{"start":{"line":251,"column":6},"end":{"line":251,"column":null}},"127":{"start":{"line":253,"column":4},"end":{"line":253,"column":null}},"128":{"start":{"line":257,"column":17},"end":{"line":257,"column":42}},"129":{"start":{"line":258,"column":4},"end":{"line":258,"column":null}},"130":{"start":{"line":258,"column":15},"end":{"line":258,"column":null}},"131":{"start":{"line":260,"column":40},"end":{"line":260,"column":null}},"132":{"start":{"line":261,"column":4},"end":{"line":263,"column":null}},"133":{"start":{"line":262,"column":6},"end":{"line":262,"column":null}},"134":{"start":{"line":263,"column":6},"end":{"line":263,"column":null}},"135":{"start":{"line":266,"column":4},"end":{"line":266,"column":null}},"136":{"start":{"line":268,"column":20},"end":{"line":268,"column":42}},"137":{"start":{"line":269,"column":4},"end":{"line":274,"column":null}},"138":{"start":{"line":270,"column":6},"end":{"line":270,"column":null}},"139":{"start":{"line":271,"column":6},"end":{"line":271,"column":null}},"140":{"start":{"line":272,"column":6},"end":{"line":274,"column":null}},"141":{"start":{"line":273,"column":8},"end":{"line":273,"column":null}},"142":{"start":{"line":279,"column":4},"end":{"line":279,"column":null}},"143":{"start":{"line":279,"column":15},"end":{"line":279,"column":null}},"144":{"start":{"line":280,"column":4},"end":{"line":280,"column":null}},"145":{"start":{"line":281,"column":4},"end":{"line":281,"column":null}},"146":{"start":{"line":281,"column":38},"end":{"line":281,"column":72}},"147":{"start":{"line":285,"column":34},"end":{"line":285,"column":null}},"148":{"start":{"line":286,"column":4},"end":{"line":290,"column":null}},"149":{"start":{"line":287,"column":6},"end":{"line":288,"column":null}},"150":{"start":{"line":288,"column":8},"end":{"line":288,"column":null}},"151":{"start":{"line":291,"column":4},"end":{"line":291,"column":null}},"152":{"start":{"line":295,"column":4},"end":{"line":295,"column":null}},"153":{"start":{"line":296,"column":4},"end":{"line":296,"column":null}},"154":{"start":{"line":300,"column":4},"end":{"line":300,"column":null}},"155":{"start":{"line":300,"column":26},"end":{"line":300,"column":null}},"156":{"start":{"line":302,"column":21},"end":{"line":302,"column":69}},"157":{"start":{"line":303,"column":23},"end":{"line":303,"column":81}},"158":{"start":{"line":305,"column":4},"end":{"line":305,"column":null}},"159":{"start":{"line":305,"column":32},"end":{"line":305,"column":null}},"160":{"start":{"line":307,"column":4},"end":{"line":308,"column":null}},"161":{"start":{"line":308,"column":6},"end":{"line":308,"column":null}},"162":{"start":{"line":308,"column":43},"end":{"line":308,"column":68}},"163":{"start":{"line":311,"column":4},"end":{"line":311,"column":null}},"164":{"start":{"line":315,"column":4},"end":{"line":315,"column":null}},"165":{"start":{"line":319,"column":4},"end":{"line":319,"column":null}},"166":{"start":{"line":323,"column":4},"end":{"line":323,"column":null}},"167":{"start":{"line":324,"column":4},"end":{"line":324,"column":null}},"168":{"start":{"line":325,"column":4},"end":{"line":325,"column":null}}},"fnMap":{"0":{"name":"(anonymous_0)","decl":{"start":{"line":27,"column":2},"end":{"line":27,"column":14}},"loc":{"start":{"line":27,"column":74},"end":{"line":30,"column":null}},"line":27},"1":{"name":"(anonymous_1)","decl":{"start":{"line":33,"column":2},"end":{"line":33,"column":10}},"loc":{"start":{"line":33,"column":23},"end":{"line":35,"column":null}},"line":33},"2":{"name":"(anonymous_2)","decl":{"start":{"line":38,"column":2},"end":{"line":38,"column":10}},"loc":{"start":{"line":38,"column":30},"end":{"line":45,"column":null}},"line":38},"3":{"name":"(anonymous_3)","decl":{"start":{"line":49,"column":2},"end":{"line":49,"column":10}},"loc":{"start":{"line":56,"column":14},"end":{"line":81,"column":null}},"line":56},"4":{"name":"(anonymous_4)","decl":{"start":{"line":71,"column":42},"end":{"line":71,"column":47}},"loc":{"start":{"line":72,"column":8},"end":{"line":72,"column":51}},"line":72},"5":{"name":"(anonymous_5)","decl":{"start":{"line":76,"column":26},"end":{"line":76,"column":31}},"loc":{"start":{"line":77,"column":8},"end":{"line":77,"column":67}},"line":77},"6":{"name":"(anonymous_6)","decl":{"start":{"line":84,"column":2},"end":{"line":84,"column":10}},"loc":{"start":{"line":84,"column":57},"end":{"line":91,"column":null}},"line":84},"7":{"name":"(anonymous_7)","decl":{"start":{"line":94,"column":2},"end":{"line":94,"column":10}},"loc":{"start":{"line":94,"column":54},"end":{"line":103,"column":null}},"line":94},"8":{"name":"(anonymous_8)","decl":{"start":{"line":106,"column":2},"end":{"line":106,"column":10}},"loc":{"start":{"line":106,"column":55},"end":{"line":107,"column":null}},"line":106},"9":{"name":"(anonymous_9)","decl":{"start":{"line":110,"column":2},"end":{"line":110,"column":10}},"loc":{"start":{"line":110,"column":50},"end":{"line":126,"column":null}},"line":110},"10":{"name":"(anonymous_10)","decl":{"start":{"line":129,"column":2},"end":{"line":129,"column":10}},"loc":{"start":{"line":129,"column":25},"end":{"line":144,"column":null}},"line":129},"11":{"name":"(anonymous_11)","decl":{"start":{"line":147,"column":2},"end":{"line":147,"column":10}},"loc":{"start":{"line":147,"column":72},"end":{"line":225,"column":null}},"line":147},"12":{"name":"(anonymous_12)","decl":{"start":{"line":167,"column":30},"end":{"line":167,"column":40}},"loc":{"start":{"line":167,"column":46},"end":{"line":172,"column":null}},"line":167},"13":{"name":"(anonymous_13)","decl":{"start":{"line":202,"column":36},"end":{"line":202,"column":51}},"loc":{"start":{"line":202,"column":51},"end":{"line":204,"column":null}},"line":202},"14":{"name":"(anonymous_14)","decl":{"start":{"line":206,"column":36},"end":{"line":206,"column":51}},"loc":{"start":{"line":206,"column":57},"end":{"line":208,"column":null}},"line":206},"15":{"name":"(anonymous_15)","decl":{"start":{"line":216,"column":21},"end":{"line":216,"column":30}},"loc":{"start":{"line":216,"column":40},"end":{"line":219,"column":null}},"line":216},"16":{"name":"(anonymous_16)","decl":{"start":{"line":228,"column":2},"end":{"line":228,"column":10}},"loc":{"start":{"line":228,"column":43},"end":{"line":237,"column":null}},"line":228},"17":{"name":"(anonymous_17)","decl":{"start":{"line":240,"column":2},"end":{"line":240,"column":20}},"loc":{"start":{"line":240,"column":20},"end":{"line":246,"column":null}},"line":240},"18":{"name":"(anonymous_18)","decl":{"start":{"line":241,"column":27},"end":{"line":241,"column":38}},"loc":{"start":{"line":241,"column":44},"end":{"line":245,"column":null}},"line":241},"19":{"name":"(anonymous_19)","decl":{"start":{"line":249,"column":2},"end":{"line":249,"column":22}},"loc":{"start":{"line":249,"column":22},"end":{"line":253,"column":null}},"line":249},"20":{"name":"(anonymous_20)","decl":{"start":{"line":250,"column":27},"end":{"line":250,"column":38}},"loc":{"start":{"line":250,"column":44},"end":{"line":252,"column":null}},"line":250},"21":{"name":"(anonymous_21)","decl":{"start":{"line":256,"column":2},"end":{"line":256,"column":15}},"loc":{"start":{"line":256,"column":35},"end":{"line":274,"column":null}},"line":256},"22":{"name":"(anonymous_22)","decl":{"start":{"line":272,"column":6},"end":{"line":272,"column":23}},"loc":{"start":{"line":272,"column":23},"end":{"line":274,"column":14}},"line":272},"23":{"name":"(anonymous_23)","decl":{"start":{"line":278,"column":2},"end":{"line":278,"column":10}},"loc":{"start":{"line":278,"column":85},"end":{"line":281,"column":null}},"line":278},"24":{"name":"(anonymous_24)","decl":{"start":{"line":281,"column":19},"end":{"line":281,"column":28}},"loc":{"start":{"line":281,"column":38},"end":{"line":281,"column":72}},"line":281},"25":{"name":"(anonymous_25)","decl":{"start":{"line":284,"column":2},"end":{"line":284,"column":10}},"loc":{"start":{"line":284,"column":56},"end":{"line":291,"column":null}},"line":284},"26":{"name":"(anonymous_26)","decl":{"start":{"line":286,"column":27},"end":{"line":286,"column":38}},"loc":{"start":{"line":286,"column":44},"end":{"line":290,"column":null}},"line":286},"27":{"name":"(anonymous_27)","decl":{"start":{"line":294,"column":2},"end":{"line":294,"column":12}},"loc":{"start":{"line":294,"column":32},"end":{"line":296,"column":null}},"line":294},"28":{"name":"(anonymous_28)","decl":{"start":{"line":299,"column":2},"end":{"line":299,"column":10}},"loc":{"start":{"line":299,"column":49},"end":{"line":311,"column":null}},"line":299},"29":{"name":"(anonymous_29)","decl":{"start":{"line":308,"column":27},"end":{"line":308,"column":33}},"loc":{"start":{"line":308,"column":43},"end":{"line":308,"column":68}},"line":308},"30":{"name":"(anonymous_30)","decl":{"start":{"line":314,"column":2},"end":{"line":314,"column":16}},"loc":{"start":{"line":314,"column":47},"end":{"line":315,"column":null}},"line":314},"31":{"name":"(anonymous_31)","decl":{"start":{"line":318,"column":2},"end":{"line":318,"column":33}},"loc":{"start":{"line":318,"column":33},"end":{"line":319,"column":null}},"line":318},"32":{"name":"(anonymous_32)","decl":{"start":{"line":322,"column":2},"end":{"line":322,"column":18}},"loc":{"start":{"line":322,"column":18},"end":{"line":325,"column":null}},"line":322}},"branchMap":{"0":{"loc":{"start":{"line":27,"column":38},"end":{"line":27,"column":72}},"type":"default-arg","locations":[{"start":{"line":27,"column":70},"end":{"line":27,"column":72}}],"line":27},"1":{"loc":{"start":{"line":64,"column":14},"end":{"line":64,"column":null}},"type":"binary-expr","locations":[{"start":{"line":64,"column":14},"end":{"line":64,"column":24}},{"start":{"line":64,"column":24},"end":{"line":64,"column":null}}],"line":64},"2":{"loc":{"start":{"line":69,"column":4},"end":{"line":78,"column":null}},"type":"if","locations":[{"start":{"line":69,"column":4},"end":{"line":78,"column":null}},{"start":{"line":74,"column":15},"end":{"line":78,"column":null}}],"line":69},"3":{"loc":{"start":{"line":69,"column":8},"end":{"line":69,"column":50}},"type":"binary-expr","locations":[{"start":{"line":69,"column":8},"end":{"line":69,"column":34}},{"start":{"line":69,"column":34},"end":{"line":69,"column":50}}],"line":69},"4":{"loc":{"start":{"line":74,"column":15},"end":{"line":78,"column":null}},"type":"if","locations":[{"start":{"line":74,"column":15},"end":{"line":78,"column":null}},{"start":{},"end":{}}],"line":74},"5":{"loc":{"start":{"line":85,"column":4},"end":{"line":85,"column":null}},"type":"if","locations":[{"start":{"line":85,"column":4},"end":{"line":85,"column":null}},{"start":{},"end":{}}],"line":85},"6":{"loc":{"start":{"line":86,"column":4},"end":{"line":86,"column":null}},"type":"if","locations":[{"start":{"line":86,"column":4},"end":{"line":86,"column":null}},{"start":{},"end":{}}],"line":86},"7":{"loc":{"start":{"line":87,"column":4},"end":{"line":87,"column":null}},"type":"if","locations":[{"start":{"line":87,"column":4},"end":{"line":87,"column":null}},{"start":{},"end":{}}],"line":87},"8":{"loc":{"start":{"line":88,"column":4},"end":{"line":88,"column":null}},"type":"if","locations":[{"start":{"line":88,"column":4},"end":{"line":88,"column":null}},{"start":{},"end":{}}],"line":88},"9":{"loc":{"start":{"line":89,"column":4},"end":{"line":89,"column":null}},"type":"if","locations":[{"start":{"line":89,"column":4},"end":{"line":89,"column":null}},{"start":{},"end":{}}],"line":89},"10":{"loc":{"start":{"line":90,"column":4},"end":{"line":90,"column":null}},"type":"if","locations":[{"start":{"line":90,"column":4},"end":{"line":90,"column":null}},{"start":{},"end":{}}],"line":90},"11":{"loc":{"start":{"line":111,"column":4},"end":{"line":113,"column":null}},"type":"if","locations":[{"start":{"line":111,"column":4},"end":{"line":113,"column":null}},{"start":{},"end":{}}],"line":111},"12":{"loc":{"start":{"line":112,"column":20},"end":{"line":112,"column":null}},"type":"binary-expr","locations":[{"start":{"line":112,"column":20},"end":{"line":112,"column":45}},{"start":{"line":112,"column":45},"end":{"line":112,"column":null}}],"line":112},"13":{"loc":{"start":{"line":113,"column":26},"end":{"line":113,"column":55}},"type":"cond-expr","locations":[{"start":{"line":113,"column":40},"end":{"line":113,"column":48}},{"start":{"line":113,"column":48},"end":{"line":113,"column":55}}],"line":113},"14":{"loc":{"start":{"line":115,"column":4},"end":{"line":117,"column":null}},"type":"if","locations":[{"start":{"line":115,"column":4},"end":{"line":117,"column":null}},{"start":{},"end":{}}],"line":115},"15":{"loc":{"start":{"line":116,"column":20},"end":{"line":116,"column":null}},"type":"binary-expr","locations":[{"start":{"line":116,"column":20},"end":{"line":116,"column":45}},{"start":{"line":116,"column":45},"end":{"line":116,"column":null}}],"line":116},"16":{"loc":{"start":{"line":117,"column":26},"end":{"line":117,"column":57}},"type":"cond-expr","locations":[{"start":{"line":117,"column":40},"end":{"line":117,"column":49}},{"start":{"line":117,"column":49},"end":{"line":117,"column":57}}],"line":117},"17":{"loc":{"start":{"line":119,"column":4},"end":{"line":121,"column":null}},"type":"if","locations":[{"start":{"line":119,"column":4},"end":{"line":121,"column":null}},{"start":{},"end":{}}],"line":119},"18":{"loc":{"start":{"line":121,"column":13},"end":{"line":121,"column":null}},"type":"cond-expr","locations":[{"start":{"line":121,"column":31},"end":{"line":121,"column":64}},{"start":{"line":121,"column":64},"end":{"line":121,"column":null}}],"line":121},"19":{"loc":{"start":{"line":123,"column":4},"end":{"line":124,"column":null}},"type":"if","locations":[{"start":{"line":123,"column":4},"end":{"line":124,"column":null}},{"start":{},"end":{}}],"line":123},"20":{"loc":{"start":{"line":133,"column":4},"end":{"line":135,"column":null}},"type":"if","locations":[{"start":{"line":133,"column":4},"end":{"line":135,"column":null}},{"start":{},"end":{}}],"line":133},"21":{"loc":{"start":{"line":154,"column":4},"end":{"line":155,"column":null}},"type":"if","locations":[{"start":{"line":154,"column":4},"end":{"line":155,"column":null}},{"start":{},"end":{}}],"line":154},"22":{"loc":{"start":{"line":154,"column":8},"end":{"line":154,"column":52}},"type":"binary-expr","locations":[{"start":{"line":154,"column":8},"end":{"line":154,"column":27}},{"start":{"line":154,"column":27},"end":{"line":154,"column":52}}],"line":154},"23":{"loc":{"start":{"line":162,"column":24},"end":{"line":162,"column":null}},"type":"binary-expr","locations":[{"start":{"line":162,"column":24},"end":{"line":162,"column":41}},{"start":{"line":162,"column":41},"end":{"line":162,"column":null}}],"line":162},"24":{"loc":{"start":{"line":165,"column":42},"end":{"line":165,"column":74}},"type":"cond-expr","locations":[{"start":{"line":165,"column":56},"end":{"line":165,"column":71}},{"start":{"line":165,"column":71},"end":{"line":165,"column":74}}],"line":165},"25":{"loc":{"start":{"line":165,"column":77},"end":{"line":165,"column":null}},"type":"cond-expr","locations":[{"start":{"line":165,"column":93},"end":{"line":165,"column":106}},{"start":{"line":165,"column":106},"end":{"line":165,"column":null}}],"line":165},"26":{"loc":{"start":{"line":166,"column":25},"end":{"line":166,"column":null}},"type":"cond-expr","locations":[{"start":{"line":166,"column":40},"end":{"line":166,"column":69}},{"start":{"line":166,"column":69},"end":{"line":166,"column":null}}],"line":166},"27":{"loc":{"start":{"line":166,"column":40},"end":{"line":166,"column":69}},"type":"cond-expr","locations":[{"start":{"line":166,"column":56},"end":{"line":166,"column":62}},{"start":{"line":166,"column":62},"end":{"line":166,"column":69}}],"line":166},"28":{"loc":{"start":{"line":169,"column":6},"end":{"line":170,"column":null}},"type":"if","locations":[{"start":{"line":169,"column":6},"end":{"line":170,"column":null}},{"start":{},"end":{}}],"line":169},"29":{"loc":{"start":{"line":195,"column":4},"end":{"line":199,"column":null}},"type":"if","locations":[{"start":{"line":195,"column":4},"end":{"line":199,"column":null}},{"start":{},"end":{}}],"line":195},"30":{"loc":{"start":{"line":212,"column":4},"end":{"line":221,"column":null}},"type":"if","locations":[{"start":{"line":212,"column":4},"end":{"line":221,"column":null}},{"start":{},"end":{}}],"line":212},"31":{"loc":{"start":{"line":212,"column":8},"end":{"line":212,"column":38}},"type":"binary-expr","locations":[{"start":{"line":212,"column":8},"end":{"line":212,"column":23}},{"start":{"line":212,"column":23},"end":{"line":212,"column":38}}],"line":212},"32":{"loc":{"start":{"line":231,"column":4},"end":{"line":234,"column":null}},"type":"if","locations":[{"start":{"line":231,"column":4},"end":{"line":234,"column":null}},{"start":{"line":233,"column":11},"end":{"line":234,"column":null}}],"line":231},"33":{"loc":{"start":{"line":242,"column":6},"end":{"line":243,"column":null}},"type":"if","locations":[{"start":{"line":242,"column":6},"end":{"line":243,"column":null}},{"start":{},"end":{}}],"line":242},"34":{"loc":{"start":{"line":242,"column":10},"end":{"line":242,"column":47}},"type":"binary-expr","locations":[{"start":{"line":242,"column":10},"end":{"line":242,"column":24}},{"start":{"line":242,"column":24},"end":{"line":242,"column":47}}],"line":242},"35":{"loc":{"start":{"line":258,"column":4},"end":{"line":258,"column":null}},"type":"if","locations":[{"start":{"line":258,"column":4},"end":{"line":258,"column":null}},{"start":{},"end":{}}],"line":258},"36":{"loc":{"start":{"line":269,"column":4},"end":{"line":274,"column":null}},"type":"if","locations":[{"start":{"line":269,"column":4},"end":{"line":274,"column":null}},{"start":{},"end":{}}],"line":269},"37":{"loc":{"start":{"line":279,"column":4},"end":{"line":279,"column":null}},"type":"if","locations":[{"start":{"line":279,"column":4},"end":{"line":279,"column":null}},{"start":{},"end":{}}],"line":279},"38":{"loc":{"start":{"line":287,"column":6},"end":{"line":288,"column":null}},"type":"if","locations":[{"start":{"line":287,"column":6},"end":{"line":288,"column":null}},{"start":{},"end":{}}],"line":287},"39":{"loc":{"start":{"line":300,"column":4},"end":{"line":300,"column":null}},"type":"if","locations":[{"start":{"line":300,"column":4},"end":{"line":300,"column":null}},{"start":{},"end":{}}],"line":300},"40":{"loc":{"start":{"line":305,"column":4},"end":{"line":305,"column":null}},"type":"if","locations":[{"start":{"line":305,"column":4},"end":{"line":305,"column":null}},{"start":{},"end":{}}],"line":305},"41":{"loc":{"start":{"line":305,"column":8},"end":{"line":305,"column":32}},"type":"binary-expr","locations":[{"start":{"line":305,"column":8},"end":{"line":305,"column":20}},{"start":{"line":305,"column":20},"end":{"line":305,"column":32}}],"line":305},"42":{"loc":{"start":{"line":307,"column":4},"end":{"line":308,"column":null}},"type":"if","locations":[{"start":{"line":307,"column":4},"end":{"line":308,"column":null}},{"start":{},"end":{}}],"line":307}},"s":{"0":33,"1":33,"2":33,"3":33,"4":33,"5":33,"6":33,"7":33,"8":30,"9":30,"10":30,"11":30,"12":1,"13":1,"14":70,"15":70,"16":32,"17":32,"18":34,"19":38,"20":4,"21":4,"22":7,"23":70,"24":70,"25":3,"26":67,"27":4,"28":63,"29":32,"30":31,"31":8,"32":23,"33":20,"34":3,"35":3,"36":0,"37":50,"38":50,"39":100,"40":50,"41":34,"42":34,"43":16,"44":4,"45":4,"46":12,"47":2,"48":2,"49":10,"50":2,"51":8,"52":38,"53":38,"54":38,"55":0,"56":0,"57":38,"58":38,"59":38,"60":38,"61":38,"62":50,"63":50,"64":50,"65":50,"66":50,"67":50,"68":0,"69":50,"70":50,"71":50,"72":50,"73":50,"74":50,"75":50,"76":50,"77":0,"78":0,"79":0,"80":50,"81":50,"82":50,"83":50,"84":50,"85":50,"86":50,"87":50,"88":50,"89":50,"90":50,"91":50,"92":50,"93":50,"94":50,"95":50,"96":50,"97":50,"98":34,"99":34,"100":34,"101":34,"102":50,"103":1,"104":50,"105":0,"106":50,"107":50,"108":12,"109":12,"110":12,"111":12,"112":12,"113":12,"114":50,"115":50,"116":0,"117":0,"118":0,"119":0,"120":0,"121":2,"122":8,"123":6,"124":2,"125":1,"126":4,"127":1,"128":2,"129":2,"130":0,"131":2,"132":2,"133":6,"134":6,"135":2,"136":2,"137":2,"138":2,"139":2,"140":2,"141":0,"142":37,"143":0,"144":37,"145":37,"146":27,"147":7,"148":7,"149":25,"150":6,"151":7,"152":4,"153":4,"154":7,"155":0,"156":7,"157":7,"158":7,"159":3,"160":4,"161":4,"162":4,"163":0,"164":5,"165":24,"166":2,"167":2,"168":2},"f":{"0":33,"1":33,"2":30,"3":70,"4":34,"5":7,"6":70,"7":50,"8":100,"9":50,"10":38,"11":50,"12":0,"13":1,"14":0,"15":12,"16":0,"17":2,"18":8,"19":1,"20":4,"21":2,"22":0,"23":37,"24":27,"25":7,"26":25,"27":4,"28":7,"29":4,"30":5,"31":24,"32":2},"b":{"0":[33],"1":[70,29],"2":[32,38],"3":[70,32],"4":[4,34],"5":[3,67],"6":[4,63],"7":[32,31],"8":[8,23],"9":[20,3],"10":[3,0],"11":[34,16],"12":[34,2],"13":[26,8],"14":[4,12],"15":[4,2],"16":[0,4],"17":[2,10],"18":[0,2],"19":[2,8],"20":[0,38],"21":[0,50],"22":[50,3],"23":[50,50],"24":[34,16],"25":[12,38],"26":[34,16],"27":[12,22],"28":[0,0],"29":[34,16],"30":[12,38],"31":[50,34],"32":[0,0],"33":[6,2],"34":[8,8],"35":[0,2],"36":[2,0],"37":[0,37],"38":[6,19],"39":[0,7],"40":[3,4],"41":[7,6],"42":[4,0]},"meta":{"lastBranch":43,"lastFunction":33,"lastStatement":169,"seen":{"s:22:38:22:Infinity":0,"s:24:31:24:Infinity":1,"s:25:46:25:55":2,"f:27:2:27:14":0,"b:27:70:27:72":0,"s:28:4:28:Infinity":3,"s:29:4:29:Infinity":4,"s:30:4:30:Infinity":5,"f:33:2:33:10":1,"s:34:4:34:Infinity":6,"s:35:4:35:Infinity":7,"f:38:2:38:10":2,"s:39:4:45:Infinity":8,"s:40:21:40:37":9,"s:41:6:41:Infinity":10,"s:42:6:42:Infinity":11,"s:44:6:44:Infinity":12,"s:45:6:45:Infinity":13,"f:49:2:49:10":3,"s:57:27:67:Infinity":14,"b:64:14:64:24:64:24:64:Infinity":1,"b:69:4:78:Infinity:74:15:78:Infinity":2,"s:69:4:78:Infinity":15,"b:69:8:69:34:69:34:69:50":3,"s:70:18:70:Infinity":16,"s:71:6:73:Infinity":17,"f:71:42:71:47":4,"s:72:8:72:51":18,"b:74:15:78:Infinity:undefined:undefined:undefined:undefined":4,"s:74:15:78:Infinity":19,"s:75:18:75:Infinity":20,"s:76:6:78:Infinity":21,"f:76:26:76:31":5,"s:77:8:77:67":22,"s:81:4:81:Infinity":23,"f:84:2:84:10":6,"b:85:4:85:Infinity:undefined:undefined:undefined:undefined":5,"s:85:4:85:Infinity":24,"s:85:24:85:Infinity":25,"b:86:4:86:Infinity:undefined:undefined:undefined:undefined":6,"s:86:4:86:Infinity":26,"s:86:30:86:Infinity":27,"b:87:4:87:Infinity:undefined:undefined:undefined:undefined":7,"s:87:4:87:Infinity":28,"s:87:35:87:Infinity":29,"b:88:4:88:Infinity:undefined:undefined:undefined:undefined":8,"s:88:4:88:Infinity":30,"s:88:35:88:Infinity":31,"b:89:4:89:Infinity:undefined:undefined:undefined:undefined":9,"s:89:4:89:Infinity":32,"s:89:35:89:Infinity":33,"b:90:4:90:Infinity:undefined:undefined:undefined:undefined":10,"s:90:4:90:Infinity":34,"s:90:36:90:Infinity":35,"s:91:4:91:Infinity":36,"f:94:2:94:10":7,"s:95:52:102:Infinity":37,"s:103:4:103:Infinity":38,"f:106:2:106:10":8,"s:107:4:107:Infinity":39,"f:110:2:110:10":9,"b:111:4:113:Infinity:undefined:undefined:undefined:undefined":11,"s:111:4:113:Infinity":40,"s:112:20:112:Infinity":41,"b:112:20:112:45:112:45:112:Infinity":12,"s:113:6:113:Infinity":42,"b:113:40:113:48:113:48:113:55":13,"b:115:4:117:Infinity:undefined:undefined:undefined:undefined":14,"s:115:4:117:Infinity":43,"s:116:20:116:Infinity":44,"b:116:20:116:45:116:45:116:Infinity":15,"s:117:6:117:Infinity":45,"b:117:40:117:49:117:49:117:57":16,"b:119:4:121:Infinity:undefined:undefined:undefined:undefined":17,"s:119:4:121:Infinity":46,"s:120:18:120:36":47,"s:121:6:121:Infinity":48,"b:121:31:121:64:121:64:121:Infinity":18,"b:123:4:124:Infinity:undefined:undefined:undefined:undefined":19,"s:123:4:124:Infinity":49,"s:124:6:124:Infinity":50,"s:126:4:126:Infinity":51,"f:129:2:129:10":10,"s:130:4:130:Infinity":52,"s:131:4:131:Infinity":53,"b:133:4:135:Infinity:undefined:undefined:undefined:undefined":20,"s:133:4:135:Infinity":54,"s:134:6:134:Infinity":55,"s:135:6:135:Infinity":56,"s:138:24:138:53":57,"s:139:4:139:Infinity":58,"s:141:24:141:64":59,"s:142:4:142:Infinity":60,"s:144:4:144:Infinity":61,"f:147:2:147:10":11,"s:148:19:148:Infinity":62,"s:149:24:149:53":63,"s:150:4:150:Infinity":64,"s:151:4:151:Infinity":65,"s:152:4:152:Infinity":66,"b:154:4:155:Infinity:undefined:undefined:undefined:undefined":21,"s:154:4:155:Infinity":67,"b:154:8:154:27:154:27:154:52":22,"s:155:6:155:Infinity":68,"s:158:27:158:56":69,"s:159:4:159:Infinity":70,"s:160:4:160:Infinity":71,"s:162:24:162:Infinity":72,"b:162:24:162:41:162:41:162:Infinity":23,"s:164:21:164:51":73,"s:165:4:165:Infinity":74,"b:165:56:165:71:165:71:165:74":24,"b:165:93:165:106:165:106:165:Infinity":25,"s:166:4:166:Infinity":75,"b:166:40:166:69:166:69:166:Infinity":26,"b:166:56:166:62:166:62:166:69":27,"s:167:4:172:Infinity":76,"f:167:30:167:40":12,"s:168:6:168:Infinity":77,"b:169:6:170:Infinity:undefined:undefined:undefined:undefined":28,"s:169:6:170:Infinity":78,"s:170:8:170:Infinity":79,"s:173:4:173:Infinity":80,"s:175:17:175:47":81,"s:176:4:176:Infinity":82,"s:177:4:177:Infinity":83,"s:178:4:178:Infinity":84,"s:180:16:180:46":85,"s:181:4:181:Infinity":86,"s:182:4:182:Infinity":87,"s:183:4:183:Infinity":88,"s:185:22:185:52":89,"s:186:4:186:Infinity":90,"s:187:4:187:Infinity":91,"s:188:4:188:Infinity":92,"s:190:20:190:50":93,"s:191:4:191:Infinity":94,"s:192:4:192:Infinity":95,"s:193:4:193:Infinity":96,"b:195:4:199:Infinity:undefined:undefined:undefined:undefined":29,"s:195:4:199:Infinity":97,"s:196:20:196:50":98,"s:197:6:197:Infinity":99,"s:198:6:198:Infinity":100,"s:199:6:199:Infinity":101,"s:202:4:204:Infinity":102,"f:202:36:202:51":13,"s:203:6:203:Infinity":103,"s:206:4:208:Infinity":104,"f:206:36:206:51":14,"s:207:6:207:Infinity":105,"s:210:4:210:Infinity":106,"b:212:4:221:Infinity:undefined:undefined:undefined:undefined":30,"s:212:4:221:Infinity":107,"b:212:8:212:23:212:23:212:38":31,"s:213:32:213:61":108,"s:214:6:214:Infinity":109,"s:216:6:219:Infinity":110,"f:216:21:216:30":15,"s:217:29:217:69":111,"s:218:8:218:Infinity":112,"s:221:6:221:Infinity":113,"s:224:4:224:Infinity":114,"s:225:4:225:Infinity":115,"f:228:2:228:10":16,"s:229:4:229:Infinity":116,"b:231:4:234:Infinity:233:11:234:Infinity":32,"s:231:4:234:Infinity":117,"s:232:6:232:Infinity":118,"s:234:6:234:Infinity":119,"s:237:4:237:Infinity":120,"f:240:2:240:20":17,"s:241:4:245:Infinity":121,"f:241:27:241:38":18,"b:242:6:243:Infinity:undefined:undefined:undefined:undefined":33,"s:242:6:243:Infinity":122,"b:242:10:242:24:242:24:242:47":34,"s:243:8:243:Infinity":123,"s:246:4:246:Infinity":124,"f:249:2:249:22":19,"s:250:4:252:Infinity":125,"f:250:27:250:38":20,"s:251:6:251:Infinity":126,"s:253:4:253:Infinity":127,"f:256:2:256:15":21,"s:257:17:257:42":128,"b:258:4:258:Infinity:undefined:undefined:undefined:undefined":35,"s:258:4:258:Infinity":129,"s:258:15:258:Infinity":130,"s:260:40:260:Infinity":131,"s:261:4:263:Infinity":132,"s:262:6:262:Infinity":133,"s:263:6:263:Infinity":134,"s:266:4:266:Infinity":135,"s:268:20:268:42":136,"b:269:4:274:Infinity:undefined:undefined:undefined:undefined":36,"s:269:4:274:Infinity":137,"s:270:6:270:Infinity":138,"s:271:6:271:Infinity":139,"s:272:6:274:Infinity":140,"f:272:6:272:23":22,"s:273:8:273:Infinity":141,"f:278:2:278:10":23,"b:279:4:279:Infinity:undefined:undefined:undefined:undefined":37,"s:279:4:279:Infinity":142,"s:279:15:279:Infinity":143,"s:280:4:280:Infinity":144,"s:281:4:281:Infinity":145,"f:281:19:281:28":24,"s:281:38:281:72":146,"f:284:2:284:10":25,"s:285:34:285:Infinity":147,"s:286:4:290:Infinity":148,"f:286:27:286:38":26,"b:287:6:288:Infinity:undefined:undefined:undefined:undefined":38,"s:287:6:288:Infinity":149,"s:288:8:288:Infinity":150,"s:291:4:291:Infinity":151,"f:294:2:294:12":27,"s:295:4:295:Infinity":152,"s:296:4:296:Infinity":153,"f:299:2:299:10":28,"b:300:4:300:Infinity:undefined:undefined:undefined:undefined":39,"s:300:4:300:Infinity":154,"s:300:26:300:Infinity":155,"s:302:21:302:69":156,"s:303:23:303:81":157,"b:305:4:305:Infinity:undefined:undefined:undefined:undefined":40,"s:305:4:305:Infinity":158,"b:305:8:305:20:305:20:305:32":41,"s:305:32:305:Infinity":159,"b:307:4:308:Infinity:undefined:undefined:undefined:undefined":42,"s:307:4:308:Infinity":160,"s:308:6:308:Infinity":161,"f:308:27:308:33":29,"s:308:43:308:68":162,"s:311:4:311:Infinity":163,"f:314:2:314:16":30,"s:315:4:315:Infinity":164,"f:318:2:318:33":31,"s:319:4:319:Infinity":165,"f:322:2:322:18":32,"s:323:4:323:Infinity":166,"s:324:4:324:Infinity":167,"s:325:4:325:Infinity":168}}}
,"/Users/zhangyuqing/Desktop/aaaa/json-master/src/components/MonacoEditor.ts": {"path":"/Users/zhangyuqing/Desktop/aaaa/json-master/src/components/MonacoEditor.ts","statementMap":{"0":{"start":{"line":31,"column":63},"end":{"line":31,"column":null}},"1":{"start":{"line":33,"column":46},"end":{"line":33,"column":48}},"2":{"start":{"line":34,"column":48},"end":{"line":34,"column":50}},"3":{"start":{"line":37,"column":4},"end":{"line":37,"column":null}},"4":{"start":{"line":38,"column":4},"end":{"line":38,"column":null}},"5":{"start":{"line":42,"column":79},"end":{"line":71,"column":null}},"6":{"start":{"line":73,"column":4},"end":{"line":73,"column":null}},"7":{"start":{"line":77,"column":4},"end":{"line":102,"column":null}},"8":{"start":{"line":104,"column":4},"end":{"line":129,"column":null}},"9":{"start":{"line":133,"column":4},"end":{"line":155,"column":null}},"10":{"start":{"line":157,"column":4},"end":{"line":177,"column":null}},"11":{"start":{"line":181,"column":4},"end":{"line":181,"column":null}},"12":{"start":{"line":185,"column":4},"end":{"line":185,"column":null}},"13":{"start":{"line":189,"column":22},"end":{"line":189,"column":49}},"14":{"start":{"line":190,"column":4},"end":{"line":190,"column":null}},"15":{"start":{"line":190,"column":20},"end":{"line":190,"column":null}},"16":{"start":{"line":191,"column":4},"end":{"line":191,"column":null}},"17":{"start":{"line":195,"column":4},"end":{"line":195,"column":null}},"18":{"start":{"line":196,"column":4},"end":{"line":196,"column":null}},"19":{"start":{"line":200,"column":4},"end":{"line":200,"column":null}},"20":{"start":{"line":200,"column":22},"end":{"line":200,"column":null}},"21":{"start":{"line":202,"column":16},"end":{"line":202,"column":53}},"22":{"start":{"line":203,"column":4},"end":{"line":203,"column":null}},"23":{"start":{"line":203,"column":14},"end":{"line":203,"column":null}},"24":{"start":{"line":205,"column":18},"end":{"line":209,"column":null}},"25":{"start":{"line":212,"column":4},"end":{"line":218,"column":null}},"26":{"start":{"line":222,"column":4},"end":{"line":222,"column":null}},"27":{"start":{"line":226,"column":4},"end":{"line":226,"column":null}},"28":{"start":{"line":230,"column":4},"end":{"line":230,"column":null}},"29":{"start":{"line":234,"column":4},"end":{"line":234,"column":null}},"30":{"start":{"line":238,"column":21},"end":{"line":238,"column":null}},"31":{"start":{"line":239,"column":4},"end":{"line":239,"column":null}},"32":{"start":{"line":240,"column":4},"end":{"line":240,"column":null}},"33":{"start":{"line":244,"column":4},"end":{"line":244,"column":null}},"34":{"start":{"line":248,"column":4},"end":{"line":248,"column":null}},"35":{"start":{"line":248,"column":22},"end":{"line":248,"column":null}},"36":{"start":{"line":250,"column":18},"end":{"line":250,"column":40}},"37":{"start":{"line":251,"column":4},"end":{"line":251,"column":null}},"38":{"start":{"line":251,"column":16},"end":{"line":251,"column":null}},"39":{"start":{"line":253,"column":24},"end":{"line":253,"column":56}},"40":{"start":{"line":254,"column":18},"end":{"line":254,"column":85}},"41":{"start":{"line":256,"column":23},"end":{"line":263,"column":null}},"42":{"start":{"line":265,"column":4},"end":{"line":265,"column":null}},"43":{"start":{"line":269,"column":4},"end":{"line":269,"column":null}},"44":{"start":{"line":270,"column":4},"end":{"line":270,"column":null}},"45":{"start":{"line":274,"column":4},"end":{"line":274,"column":null}},"46":{"start":{"line":275,"column":4},"end":{"line":275,"column":null}},"47":{"start":{"line":279,"column":4},"end":{"line":279,"column":null}},"48":{"start":{"line":279,"column":22},"end":{"line":279,"column":null}},"49":{"start":{"line":281,"column":18},"end":{"line":281,"column":40}},"50":{"start":{"line":282,"column":4},"end":{"line":282,"column":null}},"51":{"start":{"line":282,"column":16},"end":{"line":282,"column":null}},"52":{"start":{"line":284,"column":49},"end":{"line":293,"column":7}},"53":{"start":{"line":284,"column":87},"end":{"line":293,"column":7}},"54":{"start":{"line":295,"column":4},"end":{"line":295,"column":null}},"55":{"start":{"line":299,"column":4},"end":{"line":299,"column":null}},"56":{"start":{"line":303,"column":4},"end":{"line":303,"column":null}},"57":{"start":{"line":307,"column":23},"end":{"line":309,"column":null}},"58":{"start":{"line":308,"column":6},"end":{"line":308,"column":null}},"59":{"start":{"line":310,"column":4},"end":{"line":311,"column":null}},"60":{"start":{"line":311,"column":6},"end":{"line":311,"column":null}},"61":{"start":{"line":313,"column":4},"end":{"line":313,"column":null}},"62":{"start":{"line":317,"column":23},"end":{"line":319,"column":null}},"63":{"start":{"line":318,"column":6},"end":{"line":318,"column":null}},"64":{"start":{"line":320,"column":4},"end":{"line":321,"column":null}},"65":{"start":{"line":321,"column":6},"end":{"line":321,"column":null}},"66":{"start":{"line":323,"column":4},"end":{"line":323,"column":null}},"67":{"start":{"line":327,"column":23},"end":{"line":329,"column":null}},"68":{"start":{"line":328,"column":6},"end":{"line":328,"column":null}},"69":{"start":{"line":330,"column":4},"end":{"line":331,"column":null}},"70":{"start":{"line":331,"column":6},"end":{"line":331,"column":null}},"71":{"start":{"line":333,"column":4},"end":{"line":333,"column":null}},"72":{"start":{"line":337,"column":4},"end":{"line":337,"column":null}},"73":{"start":{"line":341,"column":4},"end":{"line":341,"column":null}},"74":{"start":{"line":345,"column":4},"end":{"line":345,"column":null}},"75":{"start":{"line":345,"column":36},"end":{"line":345,"column":47}},"76":{"start":{"line":346,"column":4},"end":{"line":346,"column":null}},"77":{"start":{"line":347,"column":4},"end":{"line":347,"column":null}},"78":{"start":{"line":348,"column":4},"end":{"line":348,"column":null}},"79":{"start":{"line":352,"column":4},"end":{"line":352,"column":null}}},"fnMap":{"0":{"name":"(anonymous_0)","decl":{"start":{"line":36,"column":2},"end":{"line":36,"column":14}},"loc":{"start":{"line":36,"column":67},"end":{"line":38,"column":null}},"line":36},"1":{"name":"(anonymous_1)","decl":{"start":{"line":41,"column":2},"end":{"line":41,"column":10}},"loc":{"start":{"line":41,"column":45},"end":{"line":73,"column":null}},"line":41},"2":{"name":"(anonymous_2)","decl":{"start":{"line":76,"column":9},"end":{"line":76,"column":30}},"loc":{"start":{"line":76,"column":30},"end":{"line":129,"column":null}},"line":76},"3":{"name":"(anonymous_3)","decl":{"start":{"line":132,"column":9},"end":{"line":132,"column":39}},"loc":{"start":{"line":132,"column":39},"end":{"line":177,"column":null}},"line":132},"4":{"name":"(anonymous_4)","decl":{"start":{"line":180,"column":2},"end":{"line":180,"column":21}},"loc":{"start":{"line":180,"column":21},"end":{"line":181,"column":null}},"line":180},"5":{"name":"(anonymous_5)","decl":{"start":{"line":184,"column":2},"end":{"line":184,"column":11}},"loc":{"start":{"line":184,"column":32},"end":{"line":185,"column":null}},"line":184},"6":{"name":"(anonymous_6)","decl":{"start":{"line":188,"column":2},"end":{"line":188,"column":28}},"loc":{"start":{"line":188,"column":28},"end":{"line":191,"column":null}},"line":188},"7":{"name":"(anonymous_7)","decl":{"start":{"line":194,"column":2},"end":{"line":194,"column":15}},"loc":{"start":{"line":194,"column":43},"end":{"line":196,"column":null}},"line":194},"8":{"name":"(anonymous_8)","decl":{"start":{"line":199,"column":2},"end":{"line":199,"column":13}},"loc":{"start":{"line":199,"column":61},"end":{"line":218,"column":null}},"line":199},"9":{"name":"(anonymous_9)","decl":{"start":{"line":221,"column":2},"end":{"line":221,"column":25}},"loc":{"start":{"line":221,"column":25},"end":{"line":222,"column":null}},"line":221},"10":{"name":"(anonymous_10)","decl":{"start":{"line":225,"column":2},"end":{"line":225,"column":18}},"loc":{"start":{"line":225,"column":18},"end":{"line":226,"column":null}},"line":225},"11":{"name":"(anonymous_11)","decl":{"start":{"line":229,"column":2},"end":{"line":229,"column":20}},"loc":{"start":{"line":229,"column":20},"end":{"line":230,"column":null}},"line":229},"12":{"name":"(anonymous_12)","decl":{"start":{"line":233,"column":2},"end":{"line":233,"column":12}},"loc":{"start":{"line":233,"column":33},"end":{"line":234,"column":null}},"line":233},"13":{"name":"(anonymous_13)","decl":{"start":{"line":237,"column":2},"end":{"line":237,"column":11}},"loc":{"start":{"line":237,"column":57},"end":{"line":240,"column":null}},"line":237},"14":{"name":"(anonymous_14)","decl":{"start":{"line":243,"column":2},"end":{"line":243,"column":13}},"loc":{"start":{"line":243,"column":39},"end":{"line":244,"column":null}},"line":243},"15":{"name":"(anonymous_15)","decl":{"start":{"line":247,"column":2},"end":{"line":247,"column":16}},"loc":{"start":{"line":247,"column":80},"end":{"line":265,"column":null}},"line":247},"16":{"name":"(anonymous_16)","decl":{"start":{"line":268,"column":2},"end":{"line":268,"column":22}},"loc":{"start":{"line":268,"column":55},"end":{"line":270,"column":null}},"line":268},"17":{"name":"(anonymous_17)","decl":{"start":{"line":273,"column":2},"end":{"line":273,"column":32}},"loc":{"start":{"line":273,"column":32},"end":{"line":275,"column":null}},"line":273},"18":{"name":"(anonymous_18)","decl":{"start":{"line":278,"column":2},"end":{"line":278,"column":10}},"loc":{"start":{"line":278,"column":41},"end":{"line":295,"column":null}},"line":278},"19":{"name":"(anonymous_19)","decl":{"start":{"line":284,"column":71},"end":{"line":284,"column":76}},"loc":{"start":{"line":284,"column":87},"end":{"line":293,"column":7}},"line":284},"20":{"name":"(anonymous_20)","decl":{"start":{"line":298,"column":2},"end":{"line":298,"column":25}},"loc":{"start":{"line":298,"column":25},"end":{"line":299,"column":null}},"line":298},"21":{"name":"(anonymous_21)","decl":{"start":{"line":302,"column":2},"end":{"line":302,"column":17}},"loc":{"start":{"line":302,"column":45},"end":{"line":303,"column":null}},"line":302},"22":{"name":"(anonymous_22)","decl":{"start":{"line":306,"column":2},"end":{"line":306,"column":11}},"loc":{"start":{"line":306,"column":66},"end":{"line":313,"column":null}},"line":306},"23":{"name":"(anonymous_23)","decl":{"start":{"line":307,"column":36},"end":{"line":307,"column":66}},"loc":{"start":{"line":307,"column":66},"end":{"line":309,"column":null}},"line":307},"24":{"name":"(anonymous_24)","decl":{"start":{"line":316,"column":2},"end":{"line":316,"column":25}},"loc":{"start":{"line":316,"column":92},"end":{"line":323,"column":null}},"line":316},"25":{"name":"(anonymous_25)","decl":{"start":{"line":317,"column":36},"end":{"line":317,"column":63}},"loc":{"start":{"line":317,"column":69},"end":{"line":319,"column":null}},"line":317},"26":{"name":"(anonymous_26)","decl":{"start":{"line":326,"column":2},"end":{"line":326,"column":20}},"loc":{"start":{"line":326,"column":89},"end":{"line":333,"column":null}},"line":326},"27":{"name":"(anonymous_27)","decl":{"start":{"line":327,"column":36},"end":{"line":327,"column":64}},"loc":{"start":{"line":327,"column":70},"end":{"line":329,"column":null}},"line":327},"28":{"name":"(anonymous_28)","decl":{"start":{"line":336,"column":2},"end":{"line":336,"column":16}},"loc":{"start":{"line":336,"column":16},"end":{"line":337,"column":null}},"line":336},"29":{"name":"(anonymous_29)","decl":{"start":{"line":340,"column":2},"end":{"line":340,"column":17}},"loc":{"start":{"line":340,"column":17},"end":{"line":341,"column":null}},"line":340},"30":{"name":"(anonymous_30)","decl":{"start":{"line":344,"column":2},"end":{"line":344,"column":18}},"loc":{"start":{"line":344,"column":18},"end":{"line":348,"column":null}},"line":344},"31":{"name":"(anonymous_31)","decl":{"start":{"line":345,"column":21},"end":{"line":345,"column":30}},"loc":{"start":{"line":345,"column":36},"end":{"line":345,"column":47}},"line":345},"32":{"name":"(anonymous_32)","decl":{"start":{"line":351,"column":2},"end":{"line":351,"column":58}},"loc":{"start":{"line":351,"column":58},"end":{"line":352,"column":null}},"line":351}},"branchMap":{"0":{"loc":{"start":{"line":36,"column":38},"end":{"line":36,"column":65}},"type":"default-arg","locations":[{"start":{"line":36,"column":63},"end":{"line":36,"column":65}}],"line":36},"1":{"loc":{"start":{"line":43,"column":13},"end":{"line":43,"column":null}},"type":"binary-expr","locations":[{"start":{"line":43,"column":13},"end":{"line":43,"column":30}},{"start":{"line":43,"column":30},"end":{"line":43,"column":null}}],"line":43},"2":{"loc":{"start":{"line":44,"column":16},"end":{"line":44,"column":null}},"type":"binary-expr","locations":[{"start":{"line":44,"column":16},"end":{"line":44,"column":36}},{"start":{"line":44,"column":36},"end":{"line":44,"column":null}}],"line":44},"3":{"loc":{"start":{"line":45,"column":13},"end":{"line":45,"column":null}},"type":"binary-expr","locations":[{"start":{"line":45,"column":13},"end":{"line":45,"column":30}},{"start":{"line":45,"column":30},"end":{"line":45,"column":null}}],"line":45},"4":{"loc":{"start":{"line":46,"column":16},"end":{"line":46,"column":null}},"type":"binary-expr","locations":[{"start":{"line":46,"column":16},"end":{"line":46,"column":36}},{"start":{"line":46,"column":36},"end":{"line":46,"column":null}}],"line":46},"5":{"loc":{"start":{"line":47,"column":26},"end":{"line":47,"column":52}},"type":"binary-expr","locations":[{"start":{"line":47,"column":26},"end":{"line":47,"column":45}},{"start":{"line":47,"column":45},"end":{"line":47,"column":52}}],"line":47},"6":{"loc":{"start":{"line":48,"column":19},"end":{"line":48,"column":null}},"type":"binary-expr","locations":[{"start":{"line":48,"column":19},"end":{"line":48,"column":42}},{"start":{"line":48,"column":42},"end":{"line":48,"column":null}}],"line":48},"7":{"loc":{"start":{"line":49,"column":15},"end":{"line":49,"column":null}},"type":"binary-expr","locations":[{"start":{"line":49,"column":15},"end":{"line":49,"column":34}},{"start":{"line":49,"column":34},"end":{"line":49,"column":null}}],"line":49},"8":{"loc":{"start":{"line":50,"column":23},"end":{"line":50,"column":null}},"type":"binary-expr","locations":[{"start":{"line":50,"column":23},"end":{"line":50,"column":50}},{"start":{"line":50,"column":50},"end":{"line":50,"column":null}}],"line":50},"9":{"loc":{"start":{"line":51,"column":28},"end":{"line":51,"column":null}},"type":"binary-expr","locations":[{"start":{"line":51,"column":28},"end":{"line":51,"column":60}},{"start":{"line":51,"column":60},"end":{"line":51,"column":null}}],"line":51},"10":{"loc":{"start":{"line":52,"column":16},"end":{"line":52,"column":null}},"type":"binary-expr","locations":[{"start":{"line":52,"column":16},"end":{"line":52,"column":36}},{"start":{"line":52,"column":36},"end":{"line":52,"column":null}}],"line":52},"11":{"loc":{"start":{"line":53,"column":16},"end":{"line":53,"column":null}},"type":"binary-expr","locations":[{"start":{"line":53,"column":16},"end":{"line":53,"column":36}},{"start":{"line":53,"column":36},"end":{"line":53,"column":null}}],"line":53},"12":{"loc":{"start":{"line":54,"column":18},"end":{"line":54,"column":null}},"type":"binary-expr","locations":[{"start":{"line":54,"column":18},"end":{"line":54,"column":40}},{"start":{"line":54,"column":40},"end":{"line":54,"column":null}}],"line":54},"13":{"loc":{"start":{"line":55,"column":15},"end":{"line":55,"column":null}},"type":"binary-expr","locations":[{"start":{"line":55,"column":15},"end":{"line":55,"column":34}},{"start":{"line":55,"column":34},"end":{"line":55,"column":null}}],"line":55},"14":{"loc":{"start":{"line":56,"column":20},"end":{"line":56,"column":null}},"type":"binary-expr","locations":[{"start":{"line":56,"column":20},"end":{"line":56,"column":44}},{"start":{"line":56,"column":44},"end":{"line":56,"column":null}}],"line":56},"15":{"loc":{"start":{"line":57,"column":25},"end":{"line":57,"column":null}},"type":"binary-expr","locations":[{"start":{"line":57,"column":25},"end":{"line":57,"column":54}},{"start":{"line":57,"column":54},"end":{"line":57,"column":null}}],"line":57},"16":{"loc":{"start":{"line":58,"column":21},"end":{"line":58,"column":null}},"type":"binary-expr","locations":[{"start":{"line":58,"column":21},"end":{"line":58,"column":46}},{"start":{"line":58,"column":46},"end":{"line":58,"column":null}}],"line":58},"17":{"loc":{"start":{"line":59,"column":20},"end":{"line":59,"column":null}},"type":"binary-expr","locations":[{"start":{"line":59,"column":20},"end":{"line":59,"column":44}},{"start":{"line":59,"column":44},"end":{"line":59,"column":null}}],"line":59},"18":{"loc":{"start":{"line":181,"column":11},"end":{"line":181,"column":null}},"type":"binary-expr","locations":[{"start":{"line":181,"column":11},"end":{"line":181,"column":34}},{"start":{"line":181,"column":38},"end":{"line":181,"column":null}}],"line":181},"19":{"loc":{"start":{"line":190,"column":4},"end":{"line":190,"column":null}},"type":"if","locations":[{"start":{"line":190,"column":4},"end":{"line":190,"column":null}},{"start":{},"end":{}}],"line":190},"20":{"loc":{"start":{"line":191,"column":11},"end":{"line":191,"column":null}},"type":"binary-expr","locations":[{"start":{"line":191,"column":11},"end":{"line":191,"column":62}},{"start":{"line":191,"column":66},"end":{"line":191,"column":null}}],"line":191},"21":{"loc":{"start":{"line":200,"column":4},"end":{"line":200,"column":null}},"type":"if","locations":[{"start":{"line":200,"column":4},"end":{"line":200,"column":null}},{"start":{},"end":{}}],"line":200},"22":{"loc":{"start":{"line":202,"column":16},"end":{"line":202,"column":53}},"type":"binary-expr","locations":[{"start":{"line":202,"column":16},"end":{"line":202,"column":28}},{"start":{"line":202,"column":28},"end":{"line":202,"column":53}}],"line":202},"23":{"loc":{"start":{"line":203,"column":4},"end":{"line":203,"column":null}},"type":"if","locations":[{"start":{"line":203,"column":4},"end":{"line":203,"column":null}},{"start":{},"end":{}}],"line":203},"24":{"loc":{"start":{"line":237,"column":31},"end":{"line":237,"column":57}},"type":"default-arg","locations":[{"start":{"line":237,"column":48},"end":{"line":237,"column":57}}],"line":237},"25":{"loc":{"start":{"line":247,"column":36},"end":{"line":247,"column":80}},"type":"default-arg","locations":[{"start":{"line":247,"column":56},"end":{"line":247,"column":80}}],"line":247},"26":{"loc":{"start":{"line":248,"column":4},"end":{"line":248,"column":null}},"type":"if","locations":[{"start":{"line":248,"column":4},"end":{"line":248,"column":null}},{"start":{},"end":{}}],"line":248},"27":{"loc":{"start":{"line":251,"column":4},"end":{"line":251,"column":null}},"type":"if","locations":[{"start":{"line":251,"column":4},"end":{"line":251,"column":null}},{"start":{},"end":{}}],"line":251},"28":{"loc":{"start":{"line":279,"column":4},"end":{"line":279,"column":null}},"type":"if","locations":[{"start":{"line":279,"column":4},"end":{"line":279,"column":null}},{"start":{},"end":{}}],"line":279},"29":{"loc":{"start":{"line":282,"column":4},"end":{"line":282,"column":null}},"type":"if","locations":[{"start":{"line":282,"column":4},"end":{"line":282,"column":null}},{"start":{},"end":{}}],"line":282},"30":{"loc":{"start":{"line":285,"column":16},"end":{"line":287,"column":null}},"type":"cond-expr","locations":[{"start":{"line":286,"column":10},"end":{"line":286,"column":null}},{"start":{"line":287,"column":10},"end":{"line":287,"column":null}}],"line":285},"31":{"loc":{"start":{"line":299,"column":11},"end":{"line":299,"column":null}},"type":"binary-expr","locations":[{"start":{"line":299,"column":11},"end":{"line":299,"column":50}},{"start":{"line":299,"column":54},"end":{"line":299,"column":null}}],"line":299},"32":{"loc":{"start":{"line":303,"column":11},"end":{"line":303,"column":null}},"type":"binary-expr","locations":[{"start":{"line":303,"column":11},"end":{"line":303,"column":62}},{"start":{"line":303,"column":66},"end":{"line":303,"column":null}}],"line":303},"33":{"loc":{"start":{"line":310,"column":4},"end":{"line":311,"column":null}},"type":"if","locations":[{"start":{"line":310,"column":4},"end":{"line":311,"column":null}},{"start":{},"end":{}}],"line":310},"34":{"loc":{"start":{"line":320,"column":4},"end":{"line":321,"column":null}},"type":"if","locations":[{"start":{"line":320,"column":4},"end":{"line":321,"column":null}},{"start":{},"end":{}}],"line":320},"35":{"loc":{"start":{"line":330,"column":4},"end":{"line":331,"column":null}},"type":"if","locations":[{"start":{"line":330,"column":4},"end":{"line":331,"column":null}},{"start":{},"end":{}}],"line":330}},"s":{"0":27,"1":27,"2":27,"3":27,"4":27,"5":27,"6":27,"7":1,"8":1,"9":1,"10":1,"11":1,"12":1,"13":1,"14":1,"15":1,"16":0,"17":0,"18":0,"19":1,"20":0,"21":1,"22":1,"23":0,"24":1,"25":1,"26":1,"27":1,"28":1,"29":0,"30":1,"31":1,"32":1,"33":1,"34":1,"35":0,"36":1,"37":1,"38":0,"39":1,"40":1,"41":1,"42":1,"43":2,"44":2,"45":1,"46":1,"47":3,"48":0,"49":3,"50":3,"51":0,"52":3,"53":3,"54":3,"55":1,"56":1,"57":1,"58":0,"59":1,"60":1,"61":1,"62":1,"63":0,"64":1,"65":1,"66":1,"67":1,"68":0,"69":1,"70":1,"71":1,"72":1,"73":1,"74":29,"75":3,"76":29,"77":29,"78":29,"79":2},"f":{"0":27,"1":27,"2":27,"3":27,"4":1,"5":1,"6":1,"7":0,"8":1,"9":1,"10":1,"11":1,"12":0,"13":1,"14":1,"15":1,"16":2,"17":1,"18":3,"19":3,"20":1,"21":1,"22":1,"23":0,"24":1,"25":0,"26":1,"27":0,"28":1,"29":1,"30":29,"31":3,"32":2},"b":{"0":[27],"1":[27,26],"2":[27,26],"3":[27,27],"4":[27,26],"5":[27,27],"6":[27,27],"7":[27,27],"8":[27,27],"9":[27,27],"10":[27,27],"11":[27,27],"12":[27,27],"13":[27,27],"14":[27,27],"15":[27,27],"16":[27,27],"17":[27,27],"18":[1,1],"19":[1,0],"20":[0,0],"21":[0,1],"22":[1,1],"23":[0,1],"24":[1],"25":[1],"26":[0,1],"27":[0,1],"28":[0,3],"29":[0,3],"30":[2,1],"31":[1,0],"32":[1,1],"33":[1,0],"34":[1,0],"35":[1,0]},"meta":{"lastBranch":36,"lastFunction":33,"lastStatement":80,"seen":{"s:31:63:31:Infinity":0,"s:33:46:33:48":1,"s:34:48:34:50":2,"f:36:2:36:14":0,"b:36:63:36:65":0,"s:37:4:37:Infinity":3,"s:38:4:38:Infinity":4,"f:41:2:41:10":1,"s:42:79:71:Infinity":5,"b:43:13:43:30:43:30:43:Infinity":1,"b:44:16:44:36:44:36:44:Infinity":2,"b:45:13:45:30:45:30:45:Infinity":3,"b:46:16:46:36:46:36:46:Infinity":4,"b:47:26:47:45:47:45:47:52":5,"b:48:19:48:42:48:42:48:Infinity":6,"b:49:15:49:34:49:34:49:Infinity":7,"b:50:23:50:50:50:50:50:Infinity":8,"b:51:28:51:60:51:60:51:Infinity":9,"b:52:16:52:36:52:36:52:Infinity":10,"b:53:16:53:36:53:36:53:Infinity":11,"b:54:18:54:40:54:40:54:Infinity":12,"b:55:15:55:34:55:34:55:Infinity":13,"b:56:20:56:44:56:44:56:Infinity":14,"b:57:25:57:54:57:54:57:Infinity":15,"b:58:21:58:46:58:46:58:Infinity":16,"b:59:20:59:44:59:44:59:Infinity":17,"s:73:4:73:Infinity":6,"f:76:9:76:30":2,"s:77:4:102:Infinity":7,"s:104:4:129:Infinity":8,"f:132:9:132:39":3,"s:133:4:155:Infinity":9,"s:157:4:177:Infinity":10,"f:180:2:180:21":4,"s:181:4:181:Infinity":11,"b:181:11:181:34:181:38:181:Infinity":18,"f:184:2:184:11":5,"s:185:4:185:Infinity":12,"f:188:2:188:28":6,"s:189:22:189:49":13,"b:190:4:190:Infinity:undefined:undefined:undefined:undefined":19,"s:190:4:190:Infinity":14,"s:190:20:190:Infinity":15,"s:191:4:191:Infinity":16,"b:191:11:191:62:191:66:191:Infinity":20,"f:194:2:194:15":7,"s:195:4:195:Infinity":17,"s:196:4:196:Infinity":18,"f:199:2:199:13":8,"b:200:4:200:Infinity:undefined:undefined:undefined:undefined":21,"s:200:4:200:Infinity":19,"s:200:22:200:Infinity":20,"s:202:16:202:53":21,"b:202:16:202:28:202:28:202:53":22,"b:203:4:203:Infinity:undefined:undefined:undefined:undefined":23,"s:203:4:203:Infinity":22,"s:203:14:203:Infinity":23,"s:205:18:209:Infinity":24,"s:212:4:218:Infinity":25,"f:221:2:221:25":9,"s:222:4:222:Infinity":26,"f:225:2:225:18":10,"s:226:4:226:Infinity":27,"f:229:2:229:20":11,"s:230:4:230:Infinity":28,"f:233:2:233:12":12,"s:234:4:234:Infinity":29,"f:237:2:237:11":13,"b:237:48:237:57":24,"s:238:21:238:Infinity":30,"s:239:4:239:Infinity":31,"s:240:4:240:Infinity":32,"f:243:2:243:13":14,"s:244:4:244:Infinity":33,"f:247:2:247:16":15,"b:247:56:247:80":25,"b:248:4:248:Infinity:undefined:undefined:undefined:undefined":26,"s:248:4:248:Infinity":34,"s:248:22:248:Infinity":35,"s:250:18:250:40":36,"b:251:4:251:Infinity:undefined:undefined:undefined:undefined":27,"s:251:4:251:Infinity":37,"s:251:16:251:Infinity":38,"s:253:24:253:56":39,"s:254:18:254:85":40,"s:256:23:263:Infinity":41,"s:265:4:265:Infinity":42,"f:268:2:268:22":16,"s:269:4:269:Infinity":43,"s:270:4:270:Infinity":44,"f:273:2:273:32":17,"s:274:4:274:Infinity":45,"s:275:4:275:Infinity":46,"f:278:2:278:10":18,"b:279:4:279:Infinity:undefined:undefined:undefined:undefined":28,"s:279:4:279:Infinity":47,"s:279:22:279:Infinity":48,"s:281:18:281:40":49,"b:282:4:282:Infinity:undefined:undefined:undefined:undefined":29,"s:282:4:282:Infinity":50,"s:282:16:282:Infinity":51,"s:284:49:293:7":52,"f:284:71:284:76":19,"s:284:87:293:7":53,"b:286:10:286:Infinity:287:10:287:Infinity":30,"s:295:4:295:Infinity":54,"f:298:2:298:25":20,"s:299:4:299:Infinity":55,"b:299:11:299:50:299:54:299:Infinity":31,"f:302:2:302:17":21,"s:303:4:303:Infinity":56,"b:303:11:303:62:303:66:303:Infinity":32,"f:306:2:306:11":22,"s:307:23:309:Infinity":57,"f:307:36:307:66":23,"s:308:6:308:Infinity":58,"b:310:4:311:Infinity:undefined:undefined:undefined:undefined":33,"s:310:4:311:Infinity":59,"s:311:6:311:Infinity":60,"s:313:4:313:Infinity":61,"f:316:2:316:25":24,"s:317:23:319:Infinity":62,"f:317:36:317:63":25,"s:318:6:318:Infinity":63,"b:320:4:321:Infinity:undefined:undefined:undefined:undefined":34,"s:320:4:321:Infinity":64,"s:321:6:321:Infinity":65,"s:323:4:323:Infinity":66,"f:326:2:326:20":26,"s:327:23:329:Infinity":67,"f:327:36:327:64":27,"s:328:6:328:Infinity":68,"b:330:4:331:Infinity:undefined:undefined:undefined:undefined":35,"s:330:4:331:Infinity":69,"s:331:6:331:Infinity":70,"s:333:4:333:Infinity":71,"f:336:2:336:16":28,"s:337:4:337:Infinity":72,"f:340:2:340:17":29,"s:341:4:341:Infinity":73,"f:344:2:344:18":30,"s:345:4:345:Infinity":74,"f:345:21:345:30":31,"s:345:36:345:47":75,"s:346:4:346:Infinity":76,"s:347:4:347:Infinity":77,"s:348:4:348:Infinity":78,"f:351:2:351:58":32,"s:352:4:352:Infinity":79}}}
,"/Users/zhangyuqing/Desktop/aaaa/json-master/src/utils/jsonValidator.ts": {"path":"/Users/zhangyuqing/Desktop/aaaa/json-master/src/utils/jsonValidator.ts","statementMap":{"0":{"start":{"line":16,"column":38},"end":{"line":16,"column":40}},"1":{"start":{"line":18,"column":4},"end":{"line":19,"column":null}},"2":{"start":{"line":19,"column":6},"end":{"line":19,"column":null}},"3":{"start":{"line":22,"column":4},"end":{"line":57,"column":null}},"4":{"start":{"line":23,"column":6},"end":{"line":23,"column":null}},"5":{"start":{"line":24,"column":6},"end":{"line":24,"column":null}},"6":{"start":{"line":26,"column":6},"end":{"line":52,"column":null}},"7":{"start":{"line":27,"column":27},"end":{"line":27,"column":null}},"8":{"start":{"line":28,"column":25},"end":{"line":28,"column":71}},"9":{"start":{"line":30,"column":8},"end":{"line":44,"column":null}},"10":{"start":{"line":31,"column":27},"end":{"line":31,"column":61}},"11":{"start":{"line":32,"column":10},"end":{"line":37,"column":null}},"12":{"start":{"line":39,"column":10},"end":{"line":44,"column":null}},"13":{"start":{"line":47,"column":8},"end":{"line":52,"column":null}},"14":{"start":{"line":55,"column":6},"end":{"line":55,"column":null}},"15":{"start":{"line":57,"column":6},"end":{"line":57,"column":null}},"16":{"start":{"line":62,"column":26},"end":{"line":62,"column":60}},"17":{"start":{"line":63,"column":4},"end":{"line":64,"column":null}},"18":{"start":{"line":64,"column":6},"end":{"line":64,"column":null}},"19":{"start":{"line":67,"column":22},"end":{"line":67,"column":52}},"20":{"start":{"line":68,"column":24},"end":{"line":68,"column":56}},"21":{"start":{"line":70,"column":4},"end":{"line":73,"column":null}},"22":{"start":{"line":71,"column":19},"end":{"line":71,"column":45}},"23":{"start":{"line":72,"column":21},"end":{"line":72,"column":49}},"24":{"start":{"line":73,"column":6},"end":{"line":73,"column":null}},"25":{"start":{"line":76,"column":4},"end":{"line":76,"column":null}},"26":{"start":{"line":80,"column":18},"end":{"line":80,"column":57}},"27":{"start":{"line":81,"column":4},"end":{"line":84,"column":null}},"28":{"start":{"line":88,"column":18},"end":{"line":88,"column":34}},"29":{"start":{"line":89,"column":19},"end":{"line":89,"column":null}},"30":{"start":{"line":91,"column":4},"end":{"line":92,"column":null}},"31":{"start":{"line":91,"column":17},"end":{"line":91,"column":20}},"32":{"start":{"line":92,"column":6},"end":{"line":92,"column":null}},"33":{"start":{"line":95,"column":4},"end":{"line":95,"column":null}},"34":{"start":{"line":96,"column":4},"end":{"line":96,"column":null}},"35":{"start":{"line":100,"column":38},"end":{"line":100,"column":40}},"36":{"start":{"line":101,"column":18},"end":{"line":101,"column":34}},"37":{"start":{"line":103,"column":4},"end":{"line":159,"column":null}},"38":{"start":{"line":104,"column":22},"end":{"line":104,"column":null}},"39":{"start":{"line":106,"column":33},"end":{"line":106,"column":56}},"40":{"start":{"line":107,"column":6},"end":{"line":113,"column":null}},"41":{"start":{"line":108,"column":8},"end":{"line":113,"column":null}},"42":{"start":{"line":116,"column":31},"end":{"line":116,"column":52}},"43":{"start":{"line":117,"column":6},"end":{"line":123,"column":null}},"44":{"start":{"line":118,"column":8},"end":{"line":123,"column":null}},"45":{"start":{"line":126,"column":31},"end":{"line":126,"column":70}},"46":{"start":{"line":127,"column":6},"end":{"line":133,"column":null}},"47":{"start":{"line":128,"column":8},"end":{"line":133,"column":null}},"48":{"start":{"line":136,"column":6},"end":{"line":144,"column":null}},"49":{"start":{"line":137,"column":29},"end":{"line":137,"column":50}},"50":{"start":{"line":138,"column":8},"end":{"line":144,"column":null}},"51":{"start":{"line":139,"column":10},"end":{"line":144,"column":null}},"52":{"start":{"line":148,"column":6},"end":{"line":156,"column":null}},"53":{"start":{"line":149,"column":29},"end":{"line":149,"column":50}},"54":{"start":{"line":150,"column":8},"end":{"line":156,"column":null}},"55":{"start":{"line":151,"column":10},"end":{"line":156,"column":null}},"56":{"start":{"line":161,"column":10},"end":{"line":161,"column":null}},"57":{"start":{"line":162,"column":10},"end":{"line":162,"column":null}},"58":{"start":{"line":163,"column":4},"end":{"line":170,"column":null}},"59":{"start":{"line":164,"column":23},"end":{"line":164,"column":null}},"60":{"start":{"line":165,"column":6},"end":{"line":170,"column":null}},"61":{"start":{"line":173,"column":10},"end":{"line":173,"column":null}},"62":{"start":{"line":174,"column":10},"end":{"line":174,"column":null}},"63":{"start":{"line":175,"column":4},"end":{"line":182,"column":null}},"64":{"start":{"line":176,"column":23},"end":{"line":176,"column":null}},"65":{"start":{"line":177,"column":6},"end":{"line":182,"column":null}},"66":{"start":{"line":185,"column":4},"end":{"line":185,"column":null}},"67":{"start":{"line":189,"column":4},"end":{"line":189,"column":null}},"68":{"start":{"line":193,"column":23},"end":{"line":193,"column":null}},"69":{"start":{"line":193,"column":44},"end":{"line":193,"column":67}},"70":{"start":{"line":194,"column":25},"end":{"line":194,"column":null}},"71":{"start":{"line":194,"column":46},"end":{"line":194,"column":71}},"72":{"start":{"line":196,"column":4},"end":{"line":197,"column":null}},"73":{"start":{"line":197,"column":6},"end":{"line":197,"column":null}},"74":{"start":{"line":200,"column":28},"end":{"line":200,"column":30}},"75":{"start":{"line":201,"column":4},"end":{"line":202,"column":null}},"76":{"start":{"line":202,"column":6},"end":{"line":202,"column":null}},"77":{"start":{"line":204,"column":4},"end":{"line":205,"column":null}},"78":{"start":{"line":205,"column":6},"end":{"line":205,"column":null}},"79":{"start":{"line":208,"column":4},"end":{"line":208,"column":null}}},"fnMap":{"0":{"name":"(anonymous_0)","decl":{"start":{"line":15,"column":9},"end":{"line":15,"column":18}},"loc":{"start":{"line":15,"column":50},"end":{"line":57,"column":null}},"line":15},"1":{"name":"(anonymous_1)","decl":{"start":{"line":61,"column":17},"end":{"line":61,"column":33}},"loc":{"start":{"line":61,"column":84},"end":{"line":76,"column":null}},"line":61},"2":{"name":"(anonymous_2)","decl":{"start":{"line":79,"column":9},"end":{"line":79,"column":23}},"loc":{"start":{"line":79,"column":89},"end":{"line":84,"column":null}},"line":79},"3":{"name":"(anonymous_3)","decl":{"start":{"line":87,"column":9},"end":{"line":87,"column":35}},"loc":{"start":{"line":87,"column":87},"end":{"line":96,"column":null}},"line":87},"4":{"name":"(anonymous_4)","decl":{"start":{"line":99,"column":17},"end":{"line":99,"column":38}},"loc":{"start":{"line":99,"column":71},"end":{"line":185,"column":null}},"line":99},"5":{"name":"(anonymous_5)","decl":{"start":{"line":103,"column":10},"end":{"line":103,"column":19}},"loc":{"start":{"line":103,"column":35},"end":{"line":159,"column":null}},"line":103},"6":{"name":"(anonymous_6)","decl":{"start":{"line":188,"column":9},"end":{"line":188,"column":28}},"loc":{"start":{"line":188,"column":60},"end":{"line":189,"column":null}},"line":188},"7":{"name":"(anonymous_7)","decl":{"start":{"line":192,"column":9},"end":{"line":192,"column":25}},"loc":{"start":{"line":192,"column":60},"end":{"line":208,"column":null}},"line":192},"8":{"name":"(anonymous_8)","decl":{"start":{"line":193,"column":30},"end":{"line":193,"column":38}},"loc":{"start":{"line":193,"column":44},"end":{"line":193,"column":67}},"line":193},"9":{"name":"(anonymous_9)","decl":{"start":{"line":194,"column":32},"end":{"line":194,"column":40}},"loc":{"start":{"line":194,"column":46},"end":{"line":194,"column":71}},"line":194}},"branchMap":{"0":{"loc":{"start":{"line":18,"column":4},"end":{"line":19,"column":null}},"type":"if","locations":[{"start":{"line":18,"column":4},"end":{"line":19,"column":null}},{"start":{},"end":{}}],"line":18},"1":{"loc":{"start":{"line":18,"column":8},"end":{"line":18,"column":37}},"type":"binary-expr","locations":[{"start":{"line":18,"column":8},"end":{"line":18,"column":17}},{"start":{"line":18,"column":17},"end":{"line":18,"column":37}}],"line":18},"2":{"loc":{"start":{"line":26,"column":6},"end":{"line":52,"column":null}},"type":"if","locations":[{"start":{"line":26,"column":6},"end":{"line":52,"column":null}},{"start":{"line":46,"column":13},"end":{"line":52,"column":null}}],"line":26},"3":{"loc":{"start":{"line":30,"column":8},"end":{"line":44,"column":null}},"type":"if","locations":[{"start":{"line":30,"column":8},"end":{"line":44,"column":null}},{"start":{"line":38,"column":15},"end":{"line":44,"column":null}}],"line":30},"4":{"loc":{"start":{"line":50,"column":19},"end":{"line":50,"column":null}},"type":"cond-expr","locations":[{"start":{"line":50,"column":44},"end":{"line":50,"column":60}},{"start":{"line":50,"column":60},"end":{"line":50,"column":null}}],"line":50},"5":{"loc":{"start":{"line":63,"column":4},"end":{"line":64,"column":null}},"type":"if","locations":[{"start":{"line":63,"column":4},"end":{"line":64,"column":null}},{"start":{},"end":{}}],"line":63},"6":{"loc":{"start":{"line":70,"column":4},"end":{"line":73,"column":null}},"type":"if","locations":[{"start":{"line":70,"column":4},"end":{"line":73,"column":null}},{"start":{},"end":{}}],"line":70},"7":{"loc":{"start":{"line":70,"column":8},"end":{"line":70,"column":34}},"type":"binary-expr","locations":[{"start":{"line":70,"column":8},"end":{"line":70,"column":21}},{"start":{"line":70,"column":21},"end":{"line":70,"column":34}}],"line":70},"8":{"loc":{"start":{"line":91,"column":20},"end":{"line":91,"column":54}},"type":"binary-expr","locations":[{"start":{"line":91,"column":20},"end":{"line":91,"column":36}},{"start":{"line":91,"column":36},"end":{"line":91,"column":54}}],"line":91},"9":{"loc":{"start":{"line":107,"column":6},"end":{"line":113,"column":null}},"type":"if","locations":[{"start":{"line":107,"column":6},"end":{"line":113,"column":null}},{"start":{},"end":{}}],"line":107},"10":{"loc":{"start":{"line":117,"column":6},"end":{"line":123,"column":null}},"type":"if","locations":[{"start":{"line":117,"column":6},"end":{"line":123,"column":null}},{"start":{},"end":{}}],"line":117},"11":{"loc":{"start":{"line":127,"column":6},"end":{"line":133,"column":null}},"type":"if","locations":[{"start":{"line":127,"column":6},"end":{"line":133,"column":null}},{"start":{},"end":{}}],"line":127},"12":{"loc":{"start":{"line":136,"column":6},"end":{"line":144,"column":null}},"type":"if","locations":[{"start":{"line":136,"column":6},"end":{"line":144,"column":null}},{"start":{},"end":{}}],"line":136},"13":{"loc":{"start":{"line":136,"column":11},"end":{"line":136,"column":34}},"type":"binary-expr","locations":[{"start":{"line":136,"column":11},"end":{"line":136,"column":28}},{"start":{"line":136,"column":32},"end":{"line":136,"column":34}}],"line":136},"14":{"loc":{"start":{"line":136,"column":46},"end":{"line":136,"column":69}},"type":"binary-expr","locations":[{"start":{"line":136,"column":46},"end":{"line":136,"column":63}},{"start":{"line":136,"column":67},"end":{"line":136,"column":69}}],"line":136},"15":{"loc":{"start":{"line":138,"column":8},"end":{"line":144,"column":null}},"type":"if","locations":[{"start":{"line":138,"column":8},"end":{"line":144,"column":null}},{"start":{},"end":{}}],"line":138},"16":{"loc":{"start":{"line":148,"column":6},"end":{"line":156,"column":null}},"type":"if","locations":[{"start":{"line":148,"column":6},"end":{"line":156,"column":null}},{"start":{},"end":{}}],"line":148},"17":{"loc":{"start":{"line":148,"column":11},"end":{"line":148,"column":34}},"type":"binary-expr","locations":[{"start":{"line":148,"column":11},"end":{"line":148,"column":28}},{"start":{"line":148,"column":32},"end":{"line":148,"column":34}}],"line":148},"18":{"loc":{"start":{"line":148,"column":46},"end":{"line":148,"column":69}},"type":"binary-expr","locations":[{"start":{"line":148,"column":46},"end":{"line":148,"column":63}},{"start":{"line":148,"column":67},"end":{"line":148,"column":69}}],"line":148},"19":{"loc":{"start":{"line":150,"column":8},"end":{"line":156,"column":null}},"type":"if","locations":[{"start":{"line":150,"column":8},"end":{"line":156,"column":null}},{"start":{},"end":{}}],"line":150},"20":{"loc":{"start":{"line":161,"column":24},"end":{"line":161,"column":47}},"type":"binary-expr","locations":[{"start":{"line":161,"column":24},"end":{"line":161,"column":41}},{"start":{"line":161,"column":45},"end":{"line":161,"column":47}}],"line":161},"21":{"loc":{"start":{"line":162,"column":25},"end":{"line":162,"column":48}},"type":"binary-expr","locations":[{"start":{"line":162,"column":25},"end":{"line":162,"column":42}},{"start":{"line":162,"column":46},"end":{"line":162,"column":48}}],"line":162},"22":{"loc":{"start":{"line":163,"column":4},"end":{"line":170,"column":null}},"type":"if","locations":[{"start":{"line":163,"column":4},"end":{"line":170,"column":null}},{"start":{},"end":{}}],"line":163},"23":{"loc":{"start":{"line":173,"column":26},"end":{"line":173,"column":49}},"type":"binary-expr","locations":[{"start":{"line":173,"column":26},"end":{"line":173,"column":43}},{"start":{"line":173,"column":47},"end":{"line":173,"column":49}}],"line":173},"24":{"loc":{"start":{"line":174,"column":27},"end":{"line":174,"column":50}},"type":"binary-expr","locations":[{"start":{"line":174,"column":27},"end":{"line":174,"column":44}},{"start":{"line":174,"column":48},"end":{"line":174,"column":50}}],"line":174},"25":{"loc":{"start":{"line":175,"column":4},"end":{"line":182,"column":null}},"type":"if","locations":[{"start":{"line":175,"column":4},"end":{"line":182,"column":null}},{"start":{},"end":{}}],"line":175},"26":{"loc":{"start":{"line":196,"column":4},"end":{"line":197,"column":null}},"type":"if","locations":[{"start":{"line":196,"column":4},"end":{"line":197,"column":null}},{"start":{},"end":{}}],"line":196},"27":{"loc":{"start":{"line":196,"column":8},"end":{"line":196,"column":48}},"type":"binary-expr","locations":[{"start":{"line":196,"column":8},"end":{"line":196,"column":28}},{"start":{"line":196,"column":28},"end":{"line":196,"column":48}}],"line":196},"28":{"loc":{"start":{"line":201,"column":4},"end":{"line":202,"column":null}},"type":"if","locations":[{"start":{"line":201,"column":4},"end":{"line":202,"column":null}},{"start":{},"end":{}}],"line":201},"29":{"loc":{"start":{"line":204,"column":4},"end":{"line":205,"column":null}},"type":"if","locations":[{"start":{"line":204,"column":4},"end":{"line":205,"column":null}},{"start":{},"end":{}}],"line":204}},"s":{"0":56,"1":56,"2":4,"3":52,"4":52,"5":52,"6":37,"7":37,"8":37,"9":37,"10":28,"11":28,"12":9,"13":0,"14":37,"15":37,"16":37,"17":37,"18":28,"19":9,"20":9,"21":9,"22":0,"23":0,"24":0,"25":9,"26":32,"27":32,"28":3,"29":3,"30":3,"31":3,"32":1,"33":3,"34":3,"35":37,"36":37,"37":37,"38":49,"39":49,"40":49,"41":4,"42":49,"43":49,"44":1,"45":49,"46":49,"47":1,"48":49,"49":8,"50":8,"51":8,"52":49,"53":1,"54":1,"55":1,"56":37,"57":37,"58":37,"59":3,"60":3,"61":37,"62":37,"63":37,"64":3,"65":3,"66":37,"67":1,"68":3,"69":4,"70":3,"71":4,"72":3,"73":1,"74":2,"75":2,"76":2,"77":2,"78":1,"79":2},"f":{"0":2,"1":2,"2":2,"3":2,"4":2,"5":49,"6":2,"7":2,"8":4,"9":4},"b":{"0":[4,52],"1":[56,55],"2":[37,0],"3":[28,9],"4":[0,0],"5":[28,9],"6":[0,9],"7":[9,0],"8":[3,1],"9":[4,45],"10":[1,48],"11":[1,48],"12":[8,41],"13":[49,16],"14":[49,17],"15":[8,0],"16":[1,48],"17":[49,41],"18":[49,43],"19":[1,0],"20":[37,6],"21":[37,7],"22":[3,34],"23":[37,29],"24":[37,31],"25":[3,34],"26":[1,2],"27":[3,1],"28":[2,0],"29":[1,1]},"meta":{"lastBranch":30,"lastFunction":10,"lastStatement":80,"seen":{"f:15:9:15:18":0,"s:16:38:16:40":0,"b:18:4:19:Infinity:undefined:undefined:undefined:undefined":0,"s:18:4:19:Infinity":1,"b:18:8:18:17:18:17:18:37":1,"s:19:6:19:Infinity":2,"s:22:4:57:Infinity":3,"s:23:6:23:Infinity":4,"s:24:6:24:Infinity":5,"b:26:6:52:Infinity:46:13:52:Infinity":2,"s:26:6:52:Infinity":6,"s:27:27:27:Infinity":7,"s:28:25:28:71":8,"b:30:8:44:Infinity:38:15:44:Infinity":3,"s:30:8:44:Infinity":9,"s:31:27:31:61":10,"s:32:10:37:Infinity":11,"s:39:10:44:Infinity":12,"s:47:8:52:Infinity":13,"b:50:44:50:60:50:60:50:Infinity":4,"s:55:6:55:Infinity":14,"s:57:6:57:Infinity":15,"f:61:17:61:33":1,"s:62:26:62:60":16,"b:63:4:64:Infinity:undefined:undefined:undefined:undefined":5,"s:63:4:64:Infinity":17,"s:64:6:64:Infinity":18,"s:67:22:67:52":19,"s:68:24:68:56":20,"b:70:4:73:Infinity:undefined:undefined:undefined:undefined":6,"s:70:4:73:Infinity":21,"b:70:8:70:21:70:21:70:34":7,"s:71:19:71:45":22,"s:72:21:72:49":23,"s:73:6:73:Infinity":24,"s:76:4:76:Infinity":25,"f:79:9:79:23":2,"s:80:18:80:57":26,"s:81:4:84:Infinity":27,"f:87:9:87:35":3,"s:88:18:88:34":28,"s:89:19:89:Infinity":29,"s:91:4:92:Infinity":30,"s:91:17:91:20":31,"b:91:20:91:36:91:36:91:54":8,"s:92:6:92:Infinity":32,"s:95:4:95:Infinity":33,"s:96:4:96:Infinity":34,"f:99:17:99:38":4,"s:100:38:100:40":35,"s:101:18:101:34":36,"s:103:4:159:Infinity":37,"f:103:10:103:19":5,"s:104:22:104:Infinity":38,"s:106:33:106:56":39,"b:107:6:113:Infinity:undefined:undefined:undefined:undefined":9,"s:107:6:113:Infinity":40,"s:108:8:113:Infinity":41,"s:116:31:116:52":42,"b:117:6:123:Infinity:undefined:undefined:undefined:undefined":10,"s:117:6:123:Infinity":43,"s:118:8:123:Infinity":44,"s:126:31:126:70":45,"b:127:6:133:Infinity:undefined:undefined:undefined:undefined":11,"s:127:6:133:Infinity":46,"s:128:8:133:Infinity":47,"b:136:6:144:Infinity:undefined:undefined:undefined:undefined":12,"s:136:6:144:Infinity":48,"b:136:11:136:28:136:32:136:34":13,"b:136:46:136:63:136:67:136:69":14,"s:137:29:137:50":49,"b:138:8:144:Infinity:undefined:undefined:undefined:undefined":15,"s:138:8:144:Infinity":50,"s:139:10:144:Infinity":51,"b:148:6:156:Infinity:undefined:undefined:undefined:undefined":16,"s:148:6:156:Infinity":52,"b:148:11:148:28:148:32:148:34":17,"b:148:46:148:63:148:67:148:69":18,"s:149:29:149:50":53,"b:150:8:156:Infinity:undefined:undefined:undefined:undefined":19,"s:150:8:156:Infinity":54,"s:151:10:156:Infinity":55,"s:161:10:161:Infinity":56,"b:161:24:161:41:161:45:161:47":20,"s:162:10:162:Infinity":57,"b:162:25:162:42:162:46:162:48":21,"b:163:4:170:Infinity:undefined:undefined:undefined:undefined":22,"s:163:4:170:Infinity":58,"s:164:23:164:Infinity":59,"s:165:6:170:Infinity":60,"s:173:10:173:Infinity":61,"b:173:26:173:43:173:47:173:49":23,"s:174:10:174:Infinity":62,"b:174:27:174:44:174:48:174:50":24,"b:175:4:182:Infinity:undefined:undefined:undefined:undefined":25,"s:175:4:182:Infinity":63,"s:176:23:176:Infinity":64,"s:177:6:182:Infinity":65,"s:185:4:185:Infinity":66,"f:188:9:188:28":6,"s:189:4:189:Infinity":67,"f:192:9:192:25":7,"s:193:23:193:Infinity":68,"f:193:30:193:38":8,"s:193:44:193:67":69,"s:194:25:194:Infinity":70,"f:194:32:194:40":9,"s:194:46:194:71":71,"b:196:4:197:Infinity:undefined:undefined:undefined:undefined":26,"s:196:4:197:Infinity":72,"b:196:8:196:28:196:28:196:48":27,"s:197:6:197:Infinity":73,"s:200:28:200:30":74,"b:201:4:202:Infinity:undefined:undefined:undefined:undefined":28,"s:201:4:202:Infinity":75,"s:202:6:202:Infinity":76,"b:204:4:205:Infinity:undefined:undefined:undefined:undefined":29,"s:204:4:205:Infinity":77,"s:205:6:205:Infinity":78,"s:208:4:208:Infinity":79}}}
}
