{"/Users/zhangyuqing/Desktop/aaaa/json-master/src/editor/ErrorListPanel.ts": {"path":"/Users/zhangyuqing/Desktop/aaaa/json-master/src/editor/ErrorListPanel.ts","statementMap":{"0":{"start":{"line":9,"column":33},"end":{"line":9,"column":35}},"1":{"start":{"line":13,"column":4},"end":{"line":13,"column":null}},"2":{"start":{"line":14,"column":4},"end":{"line":14,"column":null}},"3":{"start":{"line":15,"column":4},"end":{"line":15,"column":null}},"4":{"start":{"line":19,"column":4},"end":{"line":19,"column":null}},"5":{"start":{"line":20,"column":4},"end":{"line":20,"column":null}},"6":{"start":{"line":22,"column":4},"end":{"line":24,"column":null}},"7":{"start":{"line":23,"column":6},"end":{"line":23,"column":null}},"8":{"start":{"line":24,"column":6},"end":{"line":24,"column":null}},"9":{"start":{"line":27,"column":19},"end":{"line":27,"column":48}},"10":{"start":{"line":28,"column":4},"end":{"line":28,"column":null}},"11":{"start":{"line":29,"column":4},"end":{"line":34,"column":null}},"12":{"start":{"line":37,"column":4},"end":{"line":37,"column":null}},"13":{"start":{"line":39,"column":17},"end":{"line":39,"column":46}},"14":{"start":{"line":40,"column":4},"end":{"line":40,"column":null}},"15":{"start":{"line":42,"column":4},"end":{"line":44,"column":null}},"16":{"start":{"line":43,"column":19},"end":{"line":43,"column":44}},"17":{"start":{"line":44,"column":6},"end":{"line":44,"column":null}},"18":{"start":{"line":47,"column":4},"end":{"line":47,"column":null}},"19":{"start":{"line":51,"column":17},"end":{"line":51,"column":46}},"20":{"start":{"line":52,"column":4},"end":{"line":52,"column":null}},"21":{"start":{"line":54,"column":17},"end":{"line":54,"column":47}},"22":{"start":{"line":55,"column":4},"end":{"line":55,"column":null}},"23":{"start":{"line":56,"column":4},"end":{"line":58,"column":null}},"24":{"start":{"line":60,"column":20},"end":{"line":60,"column":49}},"25":{"start":{"line":61,"column":4},"end":{"line":61,"column":null}},"26":{"start":{"line":63,"column":21},"end":{"line":63,"column":51}},"27":{"start":{"line":64,"column":4},"end":{"line":64,"column":null}},"28":{"start":{"line":65,"column":4},"end":{"line":65,"column":null}},"29":{"start":{"line":67,"column":20},"end":{"line":67,"column":50}},"30":{"start":{"line":68,"column":4},"end":{"line":68,"column":null}},"31":{"start":{"line":69,"column":4},"end":{"line":69,"column":null}},"32":{"start":{"line":71,"column":4},"end":{"line":71,"column":null}},"33":{"start":{"line":72,"column":4},"end":{"line":72,"column":null}},"34":{"start":{"line":74,"column":4},"end":{"line":74,"column":null}},"35":{"start":{"line":75,"column":4},"end":{"line":75,"column":null}},"36":{"start":{"line":77,"column":4},"end":{"line":81,"column":null}},"37":{"start":{"line":78,"column":6},"end":{"line":79,"column":null}},"38":{"start":{"line":79,"column":8},"end":{"line":79,"column":null}},"39":{"start":{"line":83,"column":4},"end":{"line":83,"column":null}},"40":{"start":{"line":87,"column":4},"end":{"line":87,"column":null}},"41":{"start":{"line":88,"column":4},"end":{"line":88,"column":null}},"42":{"start":{"line":92,"column":4},"end":{"line":92,"column":null}},"43":{"start":{"line":96,"column":4},"end":{"line":96,"column":null}},"44":{"start":{"line":97,"column":4},"end":{"line":97,"column":null}},"45":{"start":{"line":101,"column":4},"end":{"line":101,"column":null}}},"fnMap":{"0":{"name":"(anonymous_0)","decl":{"start":{"line":12,"column":2},"end":{"line":12,"column":14}},"loc":{"start":{"line":12,"column":70},"end":{"line":15,"column":null}},"line":12},"1":{"name":"(anonymous_1)","decl":{"start":{"line":18,"column":2},"end":{"line":18,"column":10}},"loc":{"start":{"line":18,"column":25},"end":{"line":47,"column":null}},"line":18},"2":{"name":"(anonymous_2)","decl":{"start":{"line":50,"column":2},"end":{"line":50,"column":10}},"loc":{"start":{"line":50,"column":56},"end":{"line":83,"column":null}},"line":50},"3":{"name":"(anonymous_3)","decl":{"start":{"line":77,"column":26},"end":{"line":77,"column":41}},"loc":{"start":{"line":77,"column":41},"end":{"line":81,"column":null}},"line":77},"4":{"name":"(anonymous_4)","decl":{"start":{"line":86,"column":2},"end":{"line":86,"column":12}},"loc":{"start":{"line":86,"column":40},"end":{"line":88,"column":null}},"line":86},"5":{"name":"(anonymous_5)","decl":{"start":{"line":91,"column":2},"end":{"line":91,"column":28}},"loc":{"start":{"line":91,"column":28},"end":{"line":92,"column":null}},"line":91},"6":{"name":"(anonymous_6)","decl":{"start":{"line":95,"column":2},"end":{"line":95,"column":16}},"loc":{"start":{"line":95,"column":16},"end":{"line":97,"column":null}},"line":95},"7":{"name":"(anonymous_7)","decl":{"start":{"line":100,"column":2},"end":{"line":100,"column":23}},"loc":{"start":{"line":100,"column":23},"end":{"line":101,"column":null}},"line":100}},"branchMap":{"0":{"loc":{"start":{"line":12,"column":38},"end":{"line":12,"column":68}},"type":"default-arg","locations":[{"start":{"line":12,"column":66},"end":{"line":12,"column":68}}],"line":12},"1":{"loc":{"start":{"line":22,"column":4},"end":{"line":24,"column":null}},"type":"if","locations":[{"start":{"line":22,"column":4},"end":{"line":24,"column":null}},{"start":{},"end":{}}],"line":22},"2":{"loc":{"start":{"line":56,"column":21},"end":{"line":58,"column":null}},"type":"cond-expr","locations":[{"start":{"line":57,"column":8},"end":{"line":57,"column":null}},{"start":{"line":58,"column":8},"end":{"line":58,"column":null}}],"line":56},"3":{"loc":{"start":{"line":78,"column":6},"end":{"line":79,"column":null}},"type":"if","locations":[{"start":{"line":78,"column":6},"end":{"line":79,"column":null}},{"start":{},"end":{}}],"line":78}},"s":{"0":17,"1":17,"2":17,"3":17,"4":48,"5":48,"6":48,"7":36,"8":36,"9":12,"10":12,"11":12,"12":12,"13":12,"14":12,"15":12,"16":14,"17":14,"18":12,"19":14,"20":14,"21":14,"22":14,"23":14,"24":14,"25":14,"26":14,"27":14,"28":14,"29":14,"30":14,"31":14,"32":14,"33":14,"34":14,"35":14,"36":14,"37":1,"38":1,"39":14,"40":13,"41":13,"42":4,"43":18,"44":18,"45":2},"f":{"0":17,"1":48,"2":14,"3":1,"4":13,"5":4,"6":18,"7":2},"b":{"0":[17],"1":[36,12],"2":[13,1],"3":[1,0]},"meta":{"lastBranch":4,"lastFunction":8,"lastStatement":46,"seen":{"s:9:33:9:35":0,"f:12:2:12:14":0,"b:12:66:12:68":0,"s:13:4:13:Infinity":1,"s:14:4:14:Infinity":2,"s:15:4:15:Infinity":3,"f:18:2:18:10":1,"s:19:4:19:Infinity":4,"s:20:4:20:Infinity":5,"b:22:4:24:Infinity:undefined:undefined:undefined:undefined":1,"s:22:4:24:Infinity":6,"s:23:6:23:Infinity":7,"s:24:6:24:Infinity":8,"s:27:19:27:48":9,"s:28:4:28:Infinity":10,"s:29:4:34:Infinity":11,"s:37:4:37:Infinity":12,"s:39:17:39:46":13,"s:40:4:40:Infinity":14,"s:42:4:44:Infinity":15,"s:43:19:43:44":16,"s:44:6:44:Infinity":17,"s:47:4:47:Infinity":18,"f:50:2:50:10":2,"s:51:17:51:46":19,"s:52:4:52:Infinity":20,"s:54:17:54:47":21,"s:55:4:55:Infinity":22,"s:56:4:58:Infinity":23,"b:57:8:57:Infinity:58:8:58:Infinity":2,"s:60:20:60:49":24,"s:61:4:61:Infinity":25,"s:63:21:63:51":26,"s:64:4:64:Infinity":27,"s:65:4:65:Infinity":28,"s:67:20:67:50":29,"s:68:4:68:Infinity":30,"s:69:4:69:Infinity":31,"s:71:4:71:Infinity":32,"s:72:4:72:Infinity":33,"s:74:4:74:Infinity":34,"s:75:4:75:Infinity":35,"s:77:4:81:Infinity":36,"f:77:26:77:41":3,"b:78:6:79:Infinity:undefined:undefined:undefined:undefined":3,"s:78:6:79:Infinity":37,"s:79:8:79:Infinity":38,"s:83:4:83:Infinity":39,"f:86:2:86:12":4,"s:87:4:87:Infinity":40,"s:88:4:88:Infinity":41,"f:91:2:91:28":5,"s:92:4:92:Infinity":42,"f:95:2:95:16":6,"s:96:4:96:Infinity":43,"s:97:4:97:Infinity":44,"f:100:2:100:23":7,"s:101:4:101:Infinity":45}}}
,"/Users/zhangyuqing/Desktop/aaaa/json-master/src/editor/JSONEditor.ts": {"path":"/Users/zhangyuqing/Desktop/aaaa/json-master/src/editor/JSONEditor.ts","statementMap":{"0":{"start":{"line":35,"column":27},"end":{"line":45,"column":2}},"1":{"start":{"line":47,"column":28},"end":{"line":49,"column":2}},"2":{"start":{"line":51,"column":23},"end":{"line":58,"column":2}},"3":{"start":{"line":52,"column":16},"end":{"line":52,"column":null}},"4":{"start":{"line":54,"column":4},"end":{"line":54,"column":null}},"5":{"start":{"line":54,"column":24},"end":{"line":54,"column":null}},"6":{"start":{"line":55,"column":4},"end":{"line":55,"column":null}},"7":{"start":{"line":57,"column":18},"end":{"line":57,"column":null}},"8":{"start":{"line":60,"column":28},"end":{"line":60,"column":58}},"9":{"start":{"line":62,"column":24},"end":{"line":93,"column":null}},"10":{"start":{"line":66,"column":6},"end":{"line":66,"column":null}},"11":{"start":{"line":69,"column":6},"end":{"line":73,"column":null}},"12":{"start":{"line":70,"column":8},"end":{"line":73,"column":null}},"13":{"start":{"line":71,"column":10},"end":{"line":73,"column":null}},"14":{"start":{"line":72,"column":12},"end":{"line":72,"column":null}},"15":{"start":{"line":73,"column":12},"end":{"line":73,"column":null}},"16":{"start":{"line":77,"column":6},"end":{"line":78,"column":null}},"17":{"start":{"line":78,"column":8},"end":{"line":78,"column":null}},"18":{"start":{"line":82,"column":20},"end":{"line":82,"column":36}},"19":{"start":{"line":83,"column":43},"end":{"line":83,"column":45}},"20":{"start":{"line":84,"column":6},"end":{"line":86,"column":null}},"21":{"start":{"line":85,"column":25},"end":{"line":85,"column":50}},"22":{"start":{"line":86,"column":8},"end":{"line":86,"column":null}},"23":{"start":{"line":88,"column":6},"end":{"line":88,"column":null}},"24":{"start":{"line":92,"column":24},"end":{"line":92,"column":null}},"25":{"start":{"line":96,"column":14},"end":{"line":194,"column":19}},"26":{"start":{"line":196,"column":18},"end":{"line":239,"column":18}},"27":{"start":{"line":245,"column":33},"end":{"line":245,"column":35}},"28":{"start":{"line":246,"column":61},"end":{"line":246,"column":null}},"29":{"start":{"line":247,"column":73},"end":{"line":247,"column":null}},"30":{"start":{"line":250,"column":4},"end":{"line":250,"column":null}},"31":{"start":{"line":251,"column":4},"end":{"line":251,"column":null}},"32":{"start":{"line":252,"column":4},"end":{"line":255,"column":null}},"33":{"start":{"line":256,"column":4},"end":{"line":257,"column":null}},"34":{"start":{"line":257,"column":6},"end":{"line":257,"column":null}},"35":{"start":{"line":262,"column":23},"end":{"line":299,"column":null}},"36":{"start":{"line":294,"column":8},"end":{"line":295,"column":null}},"37":{"start":{"line":295,"column":10},"end":{"line":295,"column":null}},"38":{"start":{"line":301,"column":4},"end":{"line":302,"column":null}},"39":{"start":{"line":302,"column":6},"end":{"line":302,"column":null}},"40":{"start":{"line":305,"column":4},"end":{"line":307,"column":null}},"41":{"start":{"line":311,"column":4},"end":{"line":367,"column":null}},"42":{"start":{"line":312,"column":40},"end":{"line":312,"column":42}},"43":{"start":{"line":313,"column":22},"end":{"line":313,"column":47}},"44":{"start":{"line":315,"column":6},"end":{"line":320,"column":null}},"45":{"start":{"line":316,"column":8},"end":{"line":317,"column":null}},"46":{"start":{"line":317,"column":10},"end":{"line":317,"column":null}},"47":{"start":{"line":319,"column":8},"end":{"line":319,"column":null}},"48":{"start":{"line":320,"column":8},"end":{"line":320,"column":null}},"49":{"start":{"line":323,"column":6},"end":{"line":363,"column":null}},"50":{"start":{"line":324,"column":8},"end":{"line":324,"column":null}},"51":{"start":{"line":325,"column":8},"end":{"line":326,"column":null}},"52":{"start":{"line":326,"column":10},"end":{"line":326,"column":null}},"53":{"start":{"line":328,"column":8},"end":{"line":328,"column":null}},"54":{"start":{"line":330,"column":8},"end":{"line":363,"column":null}},"55":{"start":{"line":331,"column":24},"end":{"line":331,"column":61}},"56":{"start":{"line":332,"column":25},"end":{"line":332,"column":null}},"57":{"start":{"line":334,"column":10},"end":{"line":335,"column":null}},"58":{"start":{"line":335,"column":12},"end":{"line":335,"column":null}},"59":{"start":{"line":338,"column":24},"end":{"line":338,"column":null}},"60":{"start":{"line":339,"column":10},"end":{"line":342,"column":null}},"61":{"start":{"line":340,"column":12},"end":{"line":340,"column":null}},"62":{"start":{"line":341,"column":21},"end":{"line":342,"column":null}},"63":{"start":{"line":342,"column":12},"end":{"line":342,"column":null}},"64":{"start":{"line":345,"column":23},"end":{"line":345,"column":87}},"65":{"start":{"line":346,"column":41},"end":{"line":351,"column":null}},"66":{"start":{"line":353,"column":10},"end":{"line":358,"column":null}},"67":{"start":{"line":360,"column":10},"end":{"line":361,"column":null}},"68":{"start":{"line":361,"column":12},"end":{"line":361,"column":null}},"69":{"start":{"line":363,"column":10},"end":{"line":363,"column":null}},"70":{"start":{"line":367,"column":6},"end":{"line":367,"column":null}},"71":{"start":{"line":372,"column":4},"end":{"line":372,"column":null}},"72":{"start":{"line":373,"column":4},"end":{"line":375,"column":null}},"73":{"start":{"line":379,"column":4},"end":{"line":379,"column":null}},"74":{"start":{"line":383,"column":4},"end":{"line":389,"column":null}},"75":{"start":{"line":393,"column":4},"end":{"line":393,"column":null}},"76":{"start":{"line":397,"column":4},"end":{"line":397,"column":null}},"77":{"start":{"line":401,"column":4},"end":{"line":401,"column":null}},"78":{"start":{"line":405,"column":4},"end":{"line":405,"column":null}},"79":{"start":{"line":409,"column":4},"end":{"line":409,"column":null}},"80":{"start":{"line":413,"column":17},"end":{"line":413,"column":90}},"81":{"start":{"line":414,"column":4},"end":{"line":418,"column":null}},"82":{"start":{"line":419,"column":4},"end":{"line":419,"column":null}},"83":{"start":{"line":423,"column":4},"end":{"line":427,"column":null}},"84":{"start":{"line":428,"column":4},"end":{"line":428,"column":null}},"85":{"start":{"line":432,"column":4},"end":{"line":433,"column":null}},"86":{"start":{"line":433,"column":6},"end":{"line":433,"column":null}},"87":{"start":{"line":435,"column":17},"end":{"line":435,"column":53}},"88":{"start":{"line":436,"column":4},"end":{"line":436,"column":null}},"89":{"start":{"line":440,"column":22},"end":{"line":440,"column":null}},"90":{"start":{"line":441,"column":10},"end":{"line":441,"column":34}},"91":{"start":{"line":442,"column":51},"end":{"line":442,"column":53}},"92":{"start":{"line":444,"column":4},"end":{"line":450,"column":null}},"93":{"start":{"line":446,"column":8},"end":{"line":447,"column":null}},"94":{"start":{"line":447,"column":10},"end":{"line":447,"column":null}},"95":{"start":{"line":452,"column":4},"end":{"line":459,"column":null}},"96":{"start":{"line":452,"column":17},"end":{"line":452,"column":36}},"97":{"start":{"line":453,"column":20},"end":{"line":453,"column":null}},"98":{"start":{"line":454,"column":23},"end":{"line":454,"column":51}},"99":{"start":{"line":455,"column":21},"end":{"line":455,"column":47}},"100":{"start":{"line":456,"column":6},"end":{"line":459,"column":null}},"101":{"start":{"line":457,"column":8},"end":{"line":459,"column":null}},"102":{"start":{"line":465,"column":44},"end":{"line":465,"column":46}},"103":{"start":{"line":466,"column":22},"end":{"line":466,"column":null}},"104":{"start":{"line":468,"column":19},"end":{"line":473,"column":null}},"105":{"start":{"line":470,"column":22},"end":{"line":470,"column":null}},"106":{"start":{"line":471,"column":22},"end":{"line":471,"column":null}},"107":{"start":{"line":476,"column":4},"end":{"line":479,"column":null}},"108":{"start":{"line":477,"column":6},"end":{"line":479,"column":null}},"109":{"start":{"line":484,"column":20},"end":{"line":484,"column":50}},"110":{"start":{"line":485,"column":33},"end":{"line":485,"column":35}},"111":{"start":{"line":487,"column":4},"end":{"line":488,"column":null}},"112":{"start":{"line":488,"column":6},"end":{"line":488,"column":null}},"113":{"start":{"line":491,"column":4},"end":{"line":504,"column":null}},"114":{"start":{"line":492,"column":6},"end":{"line":492,"column":null}},"115":{"start":{"line":494,"column":6},"end":{"line":504,"column":null}},"116":{"start":{"line":495,"column":22},"end":{"line":495,"column":59}},"117":{"start":{"line":496,"column":25},"end":{"line":496,"column":null}},"118":{"start":{"line":497,"column":21},"end":{"line":497,"column":95}},"119":{"start":{"line":499,"column":8},"end":{"line":504,"column":null}},"120":{"start":{"line":508,"column":4},"end":{"line":508,"column":null}},"121":{"start":{"line":512,"column":4},"end":{"line":514,"column":null}},"122":{"start":{"line":518,"column":4},"end":{"line":518,"column":null}},"123":{"start":{"line":522,"column":4},"end":{"line":522,"column":null}}},"fnMap":{"0":{"name":"(anonymous_0)","decl":{"start":{"line":52,"column":2},"end":{"line":52,"column":16}},"loc":{"start":{"line":52,"column":16},"end":{"line":52,"column":null}},"line":52},"1":{"name":"(anonymous_1)","decl":{"start":{"line":53,"column":2},"end":{"line":53,"column":11}},"loc":{"start":{"line":53,"column":25},"end":{"line":55,"column":null}},"line":53},"2":{"name":"(anonymous_2)","decl":{"start":{"line":57,"column":2},"end":{"line":57,"column":12}},"loc":{"start":{"line":57,"column":18},"end":{"line":57,"column":null}},"line":57},"3":{"name":"(anonymous_3)","decl":{"start":{"line":65,"column":4},"end":{"line":65,"column":16}},"loc":{"start":{"line":65,"column":34},"end":{"line":66,"column":null}},"line":65},"4":{"name":"(anonymous_4)","decl":{"start":{"line":68,"column":4},"end":{"line":68,"column":11}},"loc":{"start":{"line":68,"column":100},"end":{"line":78,"column":null}},"line":68},"5":{"name":"(anonymous_5)","decl":{"start":{"line":81,"column":4},"end":{"line":81,"column":21}},"loc":{"start":{"line":81,"column":84},"end":{"line":88,"column":null}},"line":81},"6":{"name":"(anonymous_6)","decl":{"start":{"line":92,"column":4},"end":{"line":92,"column":18}},"loc":{"start":{"line":92,"column":24},"end":{"line":92,"column":null}},"line":92},"7":{"name":"(anonymous_7)","decl":{"start":{"line":249,"column":2},"end":{"line":249,"column":14}},"loc":{"start":{"line":249,"column":64},"end":{"line":257,"column":null}},"line":249},"8":{"name":"(anonymous_8)","decl":{"start":{"line":261,"column":2},"end":{"line":261,"column":10}},"loc":{"start":{"line":261,"column":37},"end":{"line":307,"column":null}},"line":261},"9":{"name":"(anonymous_9)","decl":{"start":{"line":293,"column":32},"end":{"line":293,"column":36}},"loc":{"start":{"line":293,"column":47},"end":{"line":297,"column":null}},"line":293},"10":{"name":"(anonymous_10)","decl":{"start":{"line":310,"column":2},"end":{"line":310,"column":10}},"loc":{"start":{"line":310,"column":25},"end":{"line":367,"column":null}},"line":310},"11":{"name":"(anonymous_11)","decl":{"start":{"line":311,"column":4},"end":{"line":311,"column":12}},"loc":{"start":{"line":311,"column":47},"end":{"line":367,"column":null}},"line":311},"12":{"name":"(anonymous_12)","decl":{"start":{"line":371,"column":2},"end":{"line":371,"column":10}},"loc":{"start":{"line":371,"column":50},"end":{"line":375,"column":null}},"line":371},"13":{"name":"(anonymous_13)","decl":{"start":{"line":378,"column":2},"end":{"line":378,"column":21}},"loc":{"start":{"line":378,"column":21},"end":{"line":379,"column":null}},"line":378},"14":{"name":"(anonymous_14)","decl":{"start":{"line":382,"column":2},"end":{"line":382,"column":11}},"loc":{"start":{"line":382,"column":32},"end":{"line":389,"column":null}},"line":382},"15":{"name":"(anonymous_15)","decl":{"start":{"line":392,"column":2},"end":{"line":392,"column":11}},"loc":{"start":{"line":392,"column":52},"end":{"line":393,"column":null}},"line":392},"16":{"name":"(anonymous_16)","decl":{"start":{"line":396,"column":2},"end":{"line":396,"column":16}},"loc":{"start":{"line":396,"column":64},"end":{"line":397,"column":null}},"line":396},"17":{"name":"(anonymous_17)","decl":{"start":{"line":400,"column":2},"end":{"line":400,"column":16}},"loc":{"start":{"line":400,"column":16},"end":{"line":401,"column":null}},"line":400},"18":{"name":"(anonymous_18)","decl":{"start":{"line":404,"column":2},"end":{"line":404,"column":18}},"loc":{"start":{"line":404,"column":18},"end":{"line":405,"column":null}},"line":404},"19":{"name":"(anonymous_19)","decl":{"start":{"line":408,"column":2},"end":{"line":408,"column":25}},"loc":{"start":{"line":408,"column":25},"end":{"line":409,"column":null}},"line":408},"20":{"name":"(anonymous_20)","decl":{"start":{"line":412,"column":2},"end":{"line":412,"column":11}},"loc":{"start":{"line":412,"column":37},"end":{"line":419,"column":null}},"line":412},"21":{"name":"(anonymous_21)","decl":{"start":{"line":422,"column":2},"end":{"line":422,"column":15}},"loc":{"start":{"line":422,"column":47},"end":{"line":428,"column":null}},"line":422},"22":{"name":"(anonymous_22)","decl":{"start":{"line":431,"column":2},"end":{"line":431,"column":18}},"loc":{"start":{"line":431,"column":75},"end":{"line":436,"column":null}},"line":431},"23":{"name":"(anonymous_23)","decl":{"start":{"line":439,"column":2},"end":{"line":439,"column":18}},"loc":{"start":{"line":439,"column":18},"end":{"line":459,"column":null}},"line":439},"24":{"name":"(anonymous_24)","decl":{"start":{"line":445,"column":6},"end":{"line":445,"column":14}},"loc":{"start":{"line":445,"column":23},"end":{"line":450,"column":6}},"line":445},"25":{"name":"(anonymous_25)","decl":{"start":{"line":464,"column":2},"end":{"line":464,"column":20}},"loc":{"start":{"line":464,"column":20},"end":{"line":479,"column":null}},"line":464},"26":{"name":"(anonymous_26)","decl":{"start":{"line":470,"column":8},"end":{"line":470,"column":22}},"loc":{"start":{"line":470,"column":22},"end":{"line":470,"column":null}},"line":470},"27":{"name":"(anonymous_27)","decl":{"start":{"line":471,"column":8},"end":{"line":471,"column":22}},"loc":{"start":{"line":471,"column":22},"end":{"line":471,"column":null}},"line":471},"28":{"name":"(anonymous_28)","decl":{"start":{"line":483,"column":2},"end":{"line":483,"column":28}},"loc":{"start":{"line":483,"column":28},"end":{"line":508,"column":null}},"line":483},"29":{"name":"(anonymous_29)","decl":{"start":{"line":511,"column":2},"end":{"line":511,"column":11}},"loc":{"start":{"line":511,"column":34},"end":{"line":514,"column":null}},"line":511},"30":{"name":"(anonymous_30)","decl":{"start":{"line":517,"column":2},"end":{"line":517,"column":30}},"loc":{"start":{"line":517,"column":30},"end":{"line":518,"column":null}},"line":517},"31":{"name":"(anonymous_31)","decl":{"start":{"line":521,"column":2},"end":{"line":521,"column":28}},"loc":{"start":{"line":521,"column":28},"end":{"line":522,"column":null}},"line":521}},"branchMap":{"0":{"loc":{"start":{"line":54,"column":4},"end":{"line":54,"column":null}},"type":"if","locations":[{"start":{"line":54,"column":4},"end":{"line":54,"column":null}},{"start":{},"end":{}}],"line":54},"1":{"loc":{"start":{"line":71,"column":10},"end":{"line":73,"column":null}},"type":"if","locations":[{"start":{"line":71,"column":10},"end":{"line":73,"column":null}},{"start":{},"end":{}}],"line":71},"2":{"loc":{"start":{"line":77,"column":6},"end":{"line":78,"column":null}},"type":"if","locations":[{"start":{"line":77,"column":6},"end":{"line":78,"column":null}},{"start":{},"end":{}}],"line":77},"3":{"loc":{"start":{"line":82,"column":20},"end":{"line":82,"column":36}},"type":"binary-expr","locations":[{"start":{"line":82,"column":20},"end":{"line":82,"column":34}},{"start":{"line":82,"column":34},"end":{"line":82,"column":36}}],"line":82},"4":{"loc":{"start":{"line":249,"column":35},"end":{"line":249,"column":62}},"type":"default-arg","locations":[{"start":{"line":249,"column":60},"end":{"line":249,"column":62}}],"line":249},"5":{"loc":{"start":{"line":256,"column":4},"end":{"line":257,"column":null}},"type":"if","locations":[{"start":{"line":256,"column":4},"end":{"line":257,"column":null}},{"start":{},"end":{}}],"line":256},"6":{"loc":{"start":{"line":294,"column":8},"end":{"line":295,"column":null}},"type":"if","locations":[{"start":{"line":294,"column":8},"end":{"line":295,"column":null}},{"start":{},"end":{}}],"line":294},"7":{"loc":{"start":{"line":294,"column":12},"end":{"line":294,"column":54}},"type":"binary-expr","locations":[{"start":{"line":294,"column":12},"end":{"line":294,"column":33}},{"start":{"line":294,"column":33},"end":{"line":294,"column":54}}],"line":294},"8":{"loc":{"start":{"line":301,"column":4},"end":{"line":302,"column":null}},"type":"if","locations":[{"start":{"line":301,"column":4},"end":{"line":302,"column":null}},{"start":{},"end":{}}],"line":301},"9":{"loc":{"start":{"line":315,"column":6},"end":{"line":320,"column":null}},"type":"if","locations":[{"start":{"line":315,"column":6},"end":{"line":320,"column":null}},{"start":{},"end":{}}],"line":315},"10":{"loc":{"start":{"line":316,"column":8},"end":{"line":317,"column":null}},"type":"if","locations":[{"start":{"line":316,"column":8},"end":{"line":317,"column":null}},{"start":{},"end":{}}],"line":316},"11":{"loc":{"start":{"line":325,"column":8},"end":{"line":326,"column":null}},"type":"if","locations":[{"start":{"line":325,"column":8},"end":{"line":326,"column":null}},{"start":{},"end":{}}],"line":325},"12":{"loc":{"start":{"line":330,"column":8},"end":{"line":363,"column":null}},"type":"if","locations":[{"start":{"line":330,"column":8},"end":{"line":363,"column":null}},{"start":{},"end":{}}],"line":330},"13":{"loc":{"start":{"line":332,"column":25},"end":{"line":332,"column":null}},"type":"cond-expr","locations":[{"start":{"line":332,"column":33},"end":{"line":332,"column":55}},{"start":{"line":332,"column":58},"end":{"line":332,"column":null}}],"line":332},"14":{"loc":{"start":{"line":334,"column":10},"end":{"line":335,"column":null}},"type":"if","locations":[{"start":{"line":334,"column":10},"end":{"line":335,"column":null}},{"start":{},"end":{}}],"line":334},"15":{"loc":{"start":{"line":339,"column":10},"end":{"line":342,"column":null}},"type":"if","locations":[{"start":{"line":339,"column":10},"end":{"line":342,"column":null}},{"start":{"line":341,"column":21},"end":{"line":342,"column":null}}],"line":339},"16":{"loc":{"start":{"line":341,"column":21},"end":{"line":342,"column":null}},"type":"if","locations":[{"start":{"line":341,"column":21},"end":{"line":342,"column":null}},{"start":{},"end":{}}],"line":341},"17":{"loc":{"start":{"line":360,"column":10},"end":{"line":361,"column":null}},"type":"if","locations":[{"start":{"line":360,"column":10},"end":{"line":361,"column":null}},{"start":{},"end":{}}],"line":360},"18":{"loc":{"start":{"line":432,"column":4},"end":{"line":433,"column":null}},"type":"if","locations":[{"start":{"line":432,"column":4},"end":{"line":433,"column":null}},{"start":{},"end":{}}],"line":432},"19":{"loc":{"start":{"line":432,"column":8},"end":{"line":432,"column":66}},"type":"binary-expr","locations":[{"start":{"line":432,"column":8},"end":{"line":432,"column":26}},{"start":{"line":432,"column":26},"end":{"line":432,"column":66}}],"line":432},"20":{"loc":{"start":{"line":446,"column":8},"end":{"line":447,"column":null}},"type":"if","locations":[{"start":{"line":446,"column":8},"end":{"line":447,"column":null}},{"start":{},"end":{}}],"line":446},"21":{"loc":{"start":{"line":446,"column":12},"end":{"line":446,"column":61}},"type":"binary-expr","locations":[{"start":{"line":446,"column":12},"end":{"line":446,"column":37}},{"start":{"line":446,"column":37},"end":{"line":446,"column":61}}],"line":446},"22":{"loc":{"start":{"line":456,"column":6},"end":{"line":459,"column":null}},"type":"if","locations":[{"start":{"line":456,"column":6},"end":{"line":459,"column":null}},{"start":{},"end":{}}],"line":456},"23":{"loc":{"start":{"line":476,"column":4},"end":{"line":479,"column":null}},"type":"if","locations":[{"start":{"line":476,"column":4},"end":{"line":479,"column":null}},{"start":{},"end":{}}],"line":476},"24":{"loc":{"start":{"line":487,"column":4},"end":{"line":488,"column":null}},"type":"if","locations":[{"start":{"line":487,"column":4},"end":{"line":488,"column":null}},{"start":{},"end":{}}],"line":487},"25":{"loc":{"start":{"line":494,"column":6},"end":{"line":504,"column":null}},"type":"if","locations":[{"start":{"line":494,"column":6},"end":{"line":504,"column":null}},{"start":{},"end":{}}],"line":494},"26":{"loc":{"start":{"line":496,"column":25},"end":{"line":496,"column":null}},"type":"cond-expr","locations":[{"start":{"line":496,"column":33},"end":{"line":496,"column":55}},{"start":{"line":496,"column":58},"end":{"line":496,"column":null}}],"line":496},"27":{"loc":{"start":{"line":513,"column":43},"end":{"line":513,"column":70}},"type":"cond-expr","locations":[{"start":{"line":513,"column":52},"end":{"line":513,"column":64}},{"start":{"line":513,"column":64},"end":{"line":513,"column":70}}],"line":513}},"s":{"0":1,"1":1,"2":1,"3":34,"4":40,"5":19,"6":21,"7":1,"8":1,"9":1,"10":34,"11":40,"12":40,"13":11,"14":3,"15":3,"16":37,"17":21,"18":58,"19":58,"20":58,"21":1,"22":1,"23":58,"24":74,"25":1,"26":1,"27":34,"28":34,"29":34,"30":34,"31":34,"32":34,"33":34,"34":0,"35":34,"36":40,"37":1,"38":34,"39":2,"40":34,"41":34,"42":3,"43":3,"44":3,"45":1,"46":1,"47":1,"48":1,"49":2,"50":2,"51":2,"52":1,"53":1,"54":1,"55":1,"56":1,"57":1,"58":0,"59":1,"60":1,"61":1,"62":0,"63":0,"64":1,"65":1,"66":1,"67":1,"68":1,"69":1,"70":2,"71":3,"72":3,"73":5,"74":23,"75":1,"76":4,"77":4,"78":35,"79":2,"80":2,"81":2,"82":2,"83":1,"84":1,"85":3,"86":2,"87":1,"88":1,"89":1,"90":1,"91":1,"92":1,"93":14,"94":2,"95":1,"96":1,"97":2,"98":2,"99":2,"100":2,"101":0,"102":1,"103":1,"104":1,"105":0,"106":0,"107":1,"108":0,"109":3,"110":3,"111":3,"112":1,"113":2,"114":2,"115":1,"116":1,"117":1,"118":1,"119":1,"120":2,"121":2,"122":1,"123":1},"f":{"0":34,"1":40,"2":1,"3":34,"4":40,"5":58,"6":74,"7":34,"8":34,"9":40,"10":34,"11":3,"12":3,"13":5,"14":23,"15":1,"16":4,"17":4,"18":35,"19":2,"20":2,"21":1,"22":3,"23":1,"24":14,"25":1,"26":0,"27":0,"28":3,"29":2,"30":1,"31":1},"b":{"0":[19,21],"1":[3,8],"2":[21,16],"3":[58,55],"4":[34],"5":[0,34],"6":[1,39],"7":[40,21],"8":[2,32],"9":[1,2],"10":[1,0],"11":[1,1],"12":[1,0],"13":[1,0],"14":[0,1],"15":[1,0],"16":[0,0],"17":[1,0],"18":[2,1],"19":[3,2],"20":[2,12],"21":[14,14],"22":[0,2],"23":[0,1],"24":[1,2],"25":[1,0],"26":[1,0],"27":[1,1]},"meta":{"lastBranch":28,"lastFunction":32,"lastStatement":124,"seen":{"s:35:27:45:2":0,"s:47:28:49:2":1,"s:51:23:58:2":2,"f:52:2:52:16":0,"s:52:16:52:Infinity":3,"f:53:2:53:11":1,"b:54:4:54:Infinity:undefined:undefined:undefined:undefined":0,"s:54:4:54:Infinity":4,"s:54:24:54:Infinity":5,"s:55:4:55:Infinity":6,"f:57:2:57:12":2,"s:57:18:57:Infinity":7,"s:60:28:60:58":8,"s:62:24:93:Infinity":9,"f:65:4:65:16":3,"s:66:6:66:Infinity":10,"f:68:4:68:11":4,"s:69:6:73:Infinity":11,"s:70:8:73:Infinity":12,"b:71:10:73:Infinity:undefined:undefined:undefined:undefined":1,"s:71:10:73:Infinity":13,"s:72:12:72:Infinity":14,"s:73:12:73:Infinity":15,"b:77:6:78:Infinity:undefined:undefined:undefined:undefined":2,"s:77:6:78:Infinity":16,"s:78:8:78:Infinity":17,"f:81:4:81:21":5,"s:82:20:82:36":18,"b:82:20:82:34:82:34:82:36":3,"s:83:43:83:45":19,"s:84:6:86:Infinity":20,"s:85:25:85:50":21,"s:86:8:86:Infinity":22,"s:88:6:88:Infinity":23,"f:92:4:92:18":6,"s:92:24:92:Infinity":24,"s:96:14:194:19":25,"s:196:18:239:18":26,"s:245:33:245:35":27,"s:246:61:246:Infinity":28,"s:247:73:247:Infinity":29,"f:249:2:249:14":7,"b:249:60:249:62":4,"s:250:4:250:Infinity":30,"s:251:4:251:Infinity":31,"s:252:4:255:Infinity":32,"b:256:4:257:Infinity:undefined:undefined:undefined:undefined":5,"s:256:4:257:Infinity":33,"s:257:6:257:Infinity":34,"f:261:2:261:10":8,"s:262:23:299:Infinity":35,"f:293:32:293:36":9,"b:294:8:295:Infinity:undefined:undefined:undefined:undefined":6,"s:294:8:295:Infinity":36,"b:294:12:294:33:294:33:294:54":7,"s:295:10:295:Infinity":37,"b:301:4:302:Infinity:undefined:undefined:undefined:undefined":8,"s:301:4:302:Infinity":38,"s:302:6:302:Infinity":39,"s:305:4:307:Infinity":40,"f:310:2:310:10":10,"s:311:4:367:Infinity":41,"f:311:4:311:12":11,"s:312:40:312:42":42,"s:313:22:313:47":43,"b:315:6:320:Infinity:undefined:undefined:undefined:undefined":9,"s:315:6:320:Infinity":44,"b:316:8:317:Infinity:undefined:undefined:undefined:undefined":10,"s:316:8:317:Infinity":45,"s:317:10:317:Infinity":46,"s:319:8:319:Infinity":47,"s:320:8:320:Infinity":48,"s:323:6:363:Infinity":49,"s:324:8:324:Infinity":50,"b:325:8:326:Infinity:undefined:undefined:undefined:undefined":11,"s:325:8:326:Infinity":51,"s:326:10:326:Infinity":52,"s:328:8:328:Infinity":53,"b:330:8:363:Infinity:undefined:undefined:undefined:undefined":12,"s:330:8:363:Infinity":54,"s:331:24:331:61":55,"s:332:25:332:Infinity":56,"b:332:33:332:55:332:58:332:Infinity":13,"b:334:10:335:Infinity:undefined:undefined:undefined:undefined":14,"s:334:10:335:Infinity":57,"s:335:12:335:Infinity":58,"s:338:24:338:Infinity":59,"b:339:10:342:Infinity:341:21:342:Infinity":15,"s:339:10:342:Infinity":60,"s:340:12:340:Infinity":61,"b:341:21:342:Infinity:undefined:undefined:undefined:undefined":16,"s:341:21:342:Infinity":62,"s:342:12:342:Infinity":63,"s:345:23:345:87":64,"s:346:41:351:Infinity":65,"s:353:10:358:Infinity":66,"b:360:10:361:Infinity:undefined:undefined:undefined:undefined":17,"s:360:10:361:Infinity":67,"s:361:12:361:Infinity":68,"s:363:10:363:Infinity":69,"s:367:6:367:Infinity":70,"f:371:2:371:10":12,"s:372:4:372:Infinity":71,"s:373:4:375:Infinity":72,"f:378:2:378:21":13,"s:379:4:379:Infinity":73,"f:382:2:382:11":14,"s:383:4:389:Infinity":74,"f:392:2:392:11":15,"s:393:4:393:Infinity":75,"f:396:2:396:16":16,"s:397:4:397:Infinity":76,"f:400:2:400:16":17,"s:401:4:401:Infinity":77,"f:404:2:404:18":18,"s:405:4:405:Infinity":78,"f:408:2:408:25":19,"s:409:4:409:Infinity":79,"f:412:2:412:11":20,"s:413:17:413:90":80,"s:414:4:418:Infinity":81,"s:419:4:419:Infinity":82,"f:422:2:422:15":21,"s:423:4:427:Infinity":83,"s:428:4:428:Infinity":84,"f:431:2:431:18":22,"b:432:4:433:Infinity:undefined:undefined:undefined:undefined":18,"s:432:4:433:Infinity":85,"b:432:8:432:26:432:26:432:66":19,"s:433:6:433:Infinity":86,"s:435:17:435:53":87,"s:436:4:436:Infinity":88,"f:439:2:439:18":23,"s:440:22:440:Infinity":89,"s:441:10:441:34":90,"s:442:51:442:53":91,"s:444:4:450:Infinity":92,"f:445:6:445:14":24,"b:446:8:447:Infinity:undefined:undefined:undefined:undefined":20,"s:446:8:447:Infinity":93,"b:446:12:446:37:446:37:446:61":21,"s:447:10:447:Infinity":94,"s:452:4:459:Infinity":95,"s:452:17:452:36":96,"s:453:20:453:Infinity":97,"s:454:23:454:51":98,"s:455:21:455:47":99,"b:456:6:459:Infinity:undefined:undefined:undefined:undefined":22,"s:456:6:459:Infinity":100,"s:457:8:459:Infinity":101,"f:464:2:464:20":25,"s:465:44:465:46":102,"s:466:22:466:Infinity":103,"s:468:19:473:Infinity":104,"f:470:8:470:22":26,"s:470:22:470:Infinity":105,"f:471:8:471:22":27,"s:471:22:471:Infinity":106,"b:476:4:479:Infinity:undefined:undefined:undefined:undefined":23,"s:476:4:479:Infinity":107,"s:477:6:479:Infinity":108,"f:483:2:483:28":28,"s:484:20:484:50":109,"s:485:33:485:35":110,"b:487:4:488:Infinity:undefined:undefined:undefined:undefined":24,"s:487:4:488:Infinity":111,"s:488:6:488:Infinity":112,"s:491:4:504:Infinity":113,"s:492:6:492:Infinity":114,"b:494:6:504:Infinity:undefined:undefined:undefined:undefined":25,"s:494:6:504:Infinity":115,"s:495:22:495:59":116,"s:496:25:496:Infinity":117,"b:496:33:496:55:496:58:496:Infinity":26,"s:497:21:497:95":118,"s:499:8:504:Infinity":119,"s:508:4:508:Infinity":120,"f:511:2:511:11":29,"s:512:4:514:Infinity":121,"b:513:52:513:64:513:64:513:70":27,"f:517:2:517:30":30,"s:518:4:518:Infinity":122,"f:521:2:521:28":31,"s:522:4:522:Infinity":123}}}
,"/Users/zhangyuqing/Desktop/aaaa/json-master/src/editor/JSONPathNavigator.ts": {"path":"/Users/zhangyuqing/Desktop/aaaa/json-master/src/editor/JSONPathNavigator.ts","statementMap":{"0":{"start":{"line":24,"column":38},"end":{"line":24,"column":null}},"1":{"start":{"line":26,"column":31},"end":{"line":26,"column":null}},"2":{"start":{"line":27,"column":40},"end":{"line":27,"column":49}},"3":{"start":{"line":30,"column":4},"end":{"line":30,"column":null}},"4":{"start":{"line":31,"column":4},"end":{"line":31,"column":null}},"5":{"start":{"line":32,"column":4},"end":{"line":32,"column":null}},"6":{"start":{"line":33,"column":4},"end":{"line":33,"column":null}},"7":{"start":{"line":34,"column":4},"end":{"line":34,"column":null}},"8":{"start":{"line":38,"column":20},"end":{"line":38,"column":49}},"9":{"start":{"line":39,"column":4},"end":{"line":39,"column":null}},"10":{"start":{"line":41,"column":18},"end":{"line":41,"column":49}},"11":{"start":{"line":42,"column":4},"end":{"line":42,"column":null}},"12":{"start":{"line":43,"column":4},"end":{"line":43,"column":null}},"13":{"start":{"line":44,"column":4},"end":{"line":44,"column":null}},"14":{"start":{"line":46,"column":4},"end":{"line":49,"column":null}},"15":{"start":{"line":47,"column":6},"end":{"line":47,"column":null}},"16":{"start":{"line":48,"column":6},"end":{"line":48,"column":null}},"17":{"start":{"line":51,"column":4},"end":{"line":51,"column":null}},"18":{"start":{"line":52,"column":4},"end":{"line":52,"column":null}},"19":{"start":{"line":54,"column":4},"end":{"line":54,"column":null}},"20":{"start":{"line":58,"column":26},"end":{"line":58,"column":55}},"21":{"start":{"line":59,"column":4},"end":{"line":59,"column":null}},"22":{"start":{"line":60,"column":4},"end":{"line":60,"column":null}},"23":{"start":{"line":61,"column":4},"end":{"line":61,"column":null}},"24":{"start":{"line":65,"column":4},"end":{"line":65,"column":null}},"25":{"start":{"line":66,"column":4},"end":{"line":66,"column":null}},"26":{"start":{"line":67,"column":4},"end":{"line":67,"column":null}},"27":{"start":{"line":71,"column":4},"end":{"line":74,"column":null}},"28":{"start":{"line":72,"column":6},"end":{"line":72,"column":null}},"29":{"start":{"line":73,"column":6},"end":{"line":73,"column":null}},"30":{"start":{"line":74,"column":6},"end":{"line":74,"column":null}},"31":{"start":{"line":77,"column":4},"end":{"line":85,"column":null}},"32":{"start":{"line":78,"column":21},"end":{"line":78,"column":37}},"33":{"start":{"line":79,"column":6},"end":{"line":79,"column":null}},"34":{"start":{"line":80,"column":6},"end":{"line":80,"column":null}},"35":{"start":{"line":81,"column":6},"end":{"line":81,"column":null}},"36":{"start":{"line":83,"column":6},"end":{"line":83,"column":null}},"37":{"start":{"line":84,"column":6},"end":{"line":84,"column":null}},"38":{"start":{"line":85,"column":6},"end":{"line":85,"column":null}},"39":{"start":{"line":96,"column":17},"end":{"line":96,"column":40}},"40":{"start":{"line":97,"column":27},"end":{"line":107,"column":null}},"41":{"start":{"line":109,"column":4},"end":{"line":126,"column":null}},"42":{"start":{"line":110,"column":18},"end":{"line":110,"column":null}},"43":{"start":{"line":111,"column":22},"end":{"line":111,"column":41}},"44":{"start":{"line":112,"column":6},"end":{"line":112,"column":null}},"45":{"start":{"line":114,"column":6},"end":{"line":117,"column":null}},"46":{"start":{"line":115,"column":26},"end":{"line":115,"column":null}},"47":{"start":{"line":116,"column":26},"end":{"line":116,"column":69}},"48":{"start":{"line":117,"column":8},"end":{"line":117,"column":null}},"49":{"start":{"line":119,"column":15},"end":{"line":126,"column":null}},"50":{"start":{"line":120,"column":18},"end":{"line":120,"column":null}},"51":{"start":{"line":121,"column":6},"end":{"line":121,"column":null}},"52":{"start":{"line":123,"column":6},"end":{"line":126,"column":null}},"53":{"start":{"line":123,"column":19},"end":{"line":123,"column":22}},"54":{"start":{"line":124,"column":26},"end":{"line":124,"column":null}},"55":{"start":{"line":125,"column":26},"end":{"line":125,"column":82}},"56":{"start":{"line":126,"column":8},"end":{"line":126,"column":null}},"57":{"start":{"line":130,"column":4},"end":{"line":130,"column":null}},"58":{"start":{"line":134,"column":4},"end":{"line":134,"column":null}},"59":{"start":{"line":134,"column":24},"end":{"line":134,"column":null}},"60":{"start":{"line":135,"column":4},"end":{"line":135,"column":null}},"61":{"start":{"line":135,"column":30},"end":{"line":135,"column":null}},"62":{"start":{"line":136,"column":4},"end":{"line":136,"column":null}},"63":{"start":{"line":136,"column":35},"end":{"line":136,"column":null}},"64":{"start":{"line":137,"column":4},"end":{"line":137,"column":null}},"65":{"start":{"line":137,"column":35},"end":{"line":137,"column":null}},"66":{"start":{"line":138,"column":4},"end":{"line":138,"column":null}},"67":{"start":{"line":138,"column":35},"end":{"line":138,"column":null}},"68":{"start":{"line":139,"column":4},"end":{"line":139,"column":null}},"69":{"start":{"line":139,"column":36},"end":{"line":139,"column":null}},"70":{"start":{"line":140,"column":4},"end":{"line":140,"column":null}},"71":{"start":{"line":144,"column":4},"end":{"line":144,"column":null}},"72":{"start":{"line":146,"column":4},"end":{"line":148,"column":null}},"73":{"start":{"line":147,"column":6},"end":{"line":147,"column":null}},"74":{"start":{"line":148,"column":6},"end":{"line":148,"column":null}},"75":{"start":{"line":151,"column":4},"end":{"line":151,"column":null}},"76":{"start":{"line":152,"column":24},"end":{"line":152,"column":57}},"77":{"start":{"line":153,"column":4},"end":{"line":153,"column":null}},"78":{"start":{"line":157,"column":4},"end":{"line":157,"column":null}},"79":{"start":{"line":157,"column":24},"end":{"line":157,"column":null}},"80":{"start":{"line":159,"column":17},"end":{"line":159,"column":46}},"81":{"start":{"line":160,"column":4},"end":{"line":160,"column":null}},"82":{"start":{"line":164,"column":4},"end":{"line":169,"column":null}},"83":{"start":{"line":165,"column":6},"end":{"line":165,"column":null}},"84":{"start":{"line":166,"column":6},"end":{"line":167,"column":null}},"85":{"start":{"line":167,"column":8},"end":{"line":167,"column":null}},"86":{"start":{"line":169,"column":6},"end":{"line":169,"column":null}},"87":{"start":{"line":172,"column":21},"end":{"line":172,"column":58}},"88":{"start":{"line":173,"column":23},"end":{"line":173,"column":77}},"89":{"start":{"line":174,"column":22},"end":{"line":174,"column":60}},"90":{"start":{"line":176,"column":21},"end":{"line":176,"column":null}},"91":{"start":{"line":177,"column":4},"end":{"line":179,"column":null}},"92":{"start":{"line":178,"column":6},"end":{"line":179,"column":null}},"93":{"start":{"line":179,"column":8},"end":{"line":179,"column":null}},"94":{"start":{"line":183,"column":4},"end":{"line":183,"column":null}},"95":{"start":{"line":184,"column":4},"end":{"line":185,"column":null}},"96":{"start":{"line":185,"column":6},"end":{"line":185,"column":null}},"97":{"start":{"line":188,"column":4},"end":{"line":188,"column":null}},"98":{"start":{"line":192,"column":20},"end":{"line":192,"column":49}},"99":{"start":{"line":193,"column":4},"end":{"line":193,"column":null}},"100":{"start":{"line":194,"column":4},"end":{"line":194,"column":null}},"101":{"start":{"line":196,"column":24},"end":{"line":196,"column":53}},"102":{"start":{"line":197,"column":4},"end":{"line":197,"column":null}},"103":{"start":{"line":198,"column":4},"end":{"line":198,"column":null}},"104":{"start":{"line":200,"column":17},"end":{"line":200,"column":39}},"105":{"start":{"line":201,"column":4},"end":{"line":201,"column":null}},"106":{"start":{"line":202,"column":4},"end":{"line":202,"column":null}},"107":{"start":{"line":204,"column":23},"end":{"line":204,"column":53}},"108":{"start":{"line":205,"column":4},"end":{"line":205,"column":null}},"109":{"start":{"line":206,"column":4},"end":{"line":206,"column":null}},"110":{"start":{"line":207,"column":4},"end":{"line":207,"column":null}},"111":{"start":{"line":209,"column":4},"end":{"line":227,"column":null}},"112":{"start":{"line":210,"column":27},"end":{"line":210,"column":57}},"113":{"start":{"line":211,"column":6},"end":{"line":211,"column":null}},"114":{"start":{"line":212,"column":6},"end":{"line":212,"column":null}},"115":{"start":{"line":213,"column":6},"end":{"line":213,"column":null}},"116":{"start":{"line":215,"column":25},"end":{"line":215,"column":55}},"117":{"start":{"line":216,"column":6},"end":{"line":216,"column":null}},"118":{"start":{"line":217,"column":6},"end":{"line":217,"column":null}},"119":{"start":{"line":218,"column":6},"end":{"line":221,"column":null}},"120":{"start":{"line":219,"column":8},"end":{"line":219,"column":null}},"121":{"start":{"line":220,"column":8},"end":{"line":220,"column":null}},"122":{"start":{"line":222,"column":6},"end":{"line":222,"column":null}},"123":{"start":{"line":224,"column":29},"end":{"line":224,"column":59}},"124":{"start":{"line":225,"column":6},"end":{"line":225,"column":null}},"125":{"start":{"line":226,"column":6},"end":{"line":226,"column":null}},"126":{"start":{"line":227,"column":6},"end":{"line":227,"column":null}},"127":{"start":{"line":230,"column":4},"end":{"line":234,"column":null}},"128":{"start":{"line":231,"column":6},"end":{"line":232,"column":null}},"129":{"start":{"line":232,"column":8},"end":{"line":232,"column":null}},"130":{"start":{"line":236,"column":4},"end":{"line":240,"column":null}},"131":{"start":{"line":237,"column":6},"end":{"line":238,"column":null}},"132":{"start":{"line":238,"column":8},"end":{"line":238,"column":null}},"133":{"start":{"line":242,"column":4},"end":{"line":246,"column":null}},"134":{"start":{"line":243,"column":6},"end":{"line":244,"column":null}},"135":{"start":{"line":244,"column":8},"end":{"line":244,"column":null}},"136":{"start":{"line":248,"column":4},"end":{"line":248,"column":null}},"137":{"start":{"line":250,"column":4},"end":{"line":259,"column":null}},"138":{"start":{"line":251,"column":32},"end":{"line":251,"column":61}},"139":{"start":{"line":252,"column":6},"end":{"line":252,"column":null}},"140":{"start":{"line":254,"column":6},"end":{"line":256,"column":null}},"141":{"start":{"line":255,"column":29},"end":{"line":255,"column":62}},"142":{"start":{"line":256,"column":8},"end":{"line":256,"column":null}},"143":{"start":{"line":259,"column":6},"end":{"line":259,"column":null}},"144":{"start":{"line":262,"column":4},"end":{"line":262,"column":null}},"145":{"start":{"line":266,"column":4},"end":{"line":266,"column":null}},"146":{"start":{"line":268,"column":4},"end":{"line":271,"column":null}},"147":{"start":{"line":269,"column":6},"end":{"line":269,"column":null}},"148":{"start":{"line":271,"column":6},"end":{"line":271,"column":null}},"149":{"start":{"line":274,"column":30},"end":{"line":274,"column":73}},"150":{"start":{"line":275,"column":23},"end":{"line":275,"column":64}},"151":{"start":{"line":277,"column":4},"end":{"line":296,"column":null}},"152":{"start":{"line":278,"column":6},"end":{"line":284,"column":null}},"153":{"start":{"line":279,"column":37},"end":{"line":279,"column":66}},"154":{"start":{"line":280,"column":8},"end":{"line":280,"column":null}},"155":{"start":{"line":281,"column":8},"end":{"line":282,"column":null}},"156":{"start":{"line":282,"column":10},"end":{"line":282,"column":null}},"157":{"start":{"line":284,"column":8},"end":{"line":284,"column":null}},"158":{"start":{"line":286,"column":6},"end":{"line":288,"column":null}},"159":{"start":{"line":287,"column":8},"end":{"line":287,"column":null}},"160":{"start":{"line":288,"column":8},"end":{"line":288,"column":null}},"161":{"start":{"line":291,"column":6},"end":{"line":292,"column":null}},"162":{"start":{"line":292,"column":8},"end":{"line":292,"column":null}},"163":{"start":{"line":294,"column":6},"end":{"line":296,"column":null}},"164":{"start":{"line":295,"column":8},"end":{"line":295,"column":null}},"165":{"start":{"line":296,"column":8},"end":{"line":296,"column":null}},"166":{"start":{"line":302,"column":17},"end":{"line":302,"column":47}},"167":{"start":{"line":304,"column":4},"end":{"line":341,"column":null}},"168":{"start":{"line":306,"column":8},"end":{"line":306,"column":null}},"169":{"start":{"line":309,"column":8},"end":{"line":309,"column":null}},"170":{"start":{"line":310,"column":8},"end":{"line":310,"column":null}},"171":{"start":{"line":312,"column":8},"end":{"line":312,"column":null}},"172":{"start":{"line":315,"column":8},"end":{"line":315,"column":null}},"173":{"start":{"line":316,"column":8},"end":{"line":316,"column":null}},"174":{"start":{"line":318,"column":8},"end":{"line":318,"column":null}},"175":{"start":{"line":321,"column":8},"end":{"line":321,"column":null}},"176":{"start":{"line":322,"column":8},"end":{"line":322,"column":null}},"177":{"start":{"line":324,"column":8},"end":{"line":324,"column":null}},"178":{"start":{"line":327,"column":8},"end":{"line":327,"column":null}},"179":{"start":{"line":328,"column":8},"end":{"line":328,"column":null}},"180":{"start":{"line":330,"column":8},"end":{"line":330,"column":null}},"181":{"start":{"line":334,"column":8},"end":{"line":334,"column":null}},"182":{"start":{"line":335,"column":8},"end":{"line":335,"column":null}},"183":{"start":{"line":337,"column":8},"end":{"line":337,"column":null}},"184":{"start":{"line":340,"column":8},"end":{"line":340,"column":null}},"185":{"start":{"line":341,"column":8},"end":{"line":341,"column":null}},"186":{"start":{"line":344,"column":4},"end":{"line":344,"column":null}},"187":{"start":{"line":348,"column":4},"end":{"line":362,"column":null}},"188":{"start":{"line":350,"column":8},"end":{"line":350,"column":null}},"189":{"start":{"line":352,"column":8},"end":{"line":352,"column":null}},"190":{"start":{"line":354,"column":8},"end":{"line":354,"column":null}},"191":{"start":{"line":356,"column":8},"end":{"line":356,"column":null}},"192":{"start":{"line":358,"column":8},"end":{"line":358,"column":null}},"193":{"start":{"line":360,"column":8},"end":{"line":360,"column":null}},"194":{"start":{"line":362,"column":8},"end":{"line":362,"column":null}},"195":{"start":{"line":367,"column":4},"end":{"line":370,"column":null}},"196":{"start":{"line":368,"column":6},"end":{"line":368,"column":null}},"197":{"start":{"line":369,"column":6},"end":{"line":369,"column":null}},"198":{"start":{"line":370,"column":6},"end":{"line":370,"column":null}},"199":{"start":{"line":375,"column":4},"end":{"line":378,"column":null}},"200":{"start":{"line":376,"column":6},"end":{"line":376,"column":null}},"201":{"start":{"line":377,"column":6},"end":{"line":377,"column":null}},"202":{"start":{"line":378,"column":6},"end":{"line":378,"column":null}},"203":{"start":{"line":383,"column":4},"end":{"line":383,"column":null}},"204":{"start":{"line":384,"column":4},"end":{"line":385,"column":null}},"205":{"start":{"line":385,"column":6},"end":{"line":385,"column":null}},"206":{"start":{"line":390,"column":4},"end":{"line":391,"column":null}},"207":{"start":{"line":391,"column":6},"end":{"line":391,"column":null}},"208":{"start":{"line":393,"column":4},"end":{"line":394,"column":null}},"209":{"start":{"line":394,"column":6},"end":{"line":394,"column":null}},"210":{"start":{"line":399,"column":4},"end":{"line":399,"column":null}},"211":{"start":{"line":399,"column":24},"end":{"line":399,"column":null}},"212":{"start":{"line":400,"column":4},"end":{"line":400,"column":null}},"213":{"start":{"line":404,"column":4},"end":{"line":404,"column":null}},"214":{"start":{"line":404,"column":28},"end":{"line":404,"column":null}},"215":{"start":{"line":405,"column":4},"end":{"line":407,"column":null}},"216":{"start":{"line":406,"column":20},"end":{"line":406,"column":54}},"217":{"start":{"line":407,"column":6},"end":{"line":407,"column":null}},"218":{"start":{"line":407,"column":17},"end":{"line":407,"column":null}},"219":{"start":{"line":409,"column":4},"end":{"line":409,"column":null}},"220":{"start":{"line":413,"column":4},"end":{"line":413,"column":null}},"221":{"start":{"line":414,"column":4},"end":{"line":414,"column":null}},"222":{"start":{"line":415,"column":4},"end":{"line":415,"column":null}},"223":{"start":{"line":416,"column":4},"end":{"line":417,"column":null}},"224":{"start":{"line":417,"column":6},"end":{"line":417,"column":null}},"225":{"start":{"line":419,"column":4},"end":{"line":419,"column":null}},"226":{"start":{"line":423,"column":4},"end":{"line":423,"column":null}}},"fnMap":{"0":{"name":"(anonymous_0)","decl":{"start":{"line":29,"column":2},"end":{"line":29,"column":14}},"loc":{"start":{"line":29,"column":72},"end":{"line":34,"column":null}},"line":29},"1":{"name":"(anonymous_1)","decl":{"start":{"line":37,"column":2},"end":{"line":37,"column":10}},"loc":{"start":{"line":37,"column":48},"end":{"line":54,"column":null}},"line":37},"2":{"name":"(anonymous_2)","decl":{"start":{"line":46,"column":27},"end":{"line":46,"column":37}},"loc":{"start":{"line":46,"column":43},"end":{"line":49,"column":null}},"line":46},"3":{"name":"(anonymous_3)","decl":{"start":{"line":57,"column":2},"end":{"line":57,"column":10}},"loc":{"start":{"line":57,"column":45},"end":{"line":61,"column":null}},"line":57},"4":{"name":"(anonymous_4)","decl":{"start":{"line":64,"column":2},"end":{"line":64,"column":10}},"loc":{"start":{"line":64,"column":25},"end":{"line":67,"column":null}},"line":64},"5":{"name":"(anonymous_5)","decl":{"start":{"line":70,"column":2},"end":{"line":70,"column":12}},"loc":{"start":{"line":70,"column":43},"end":{"line":85,"column":null}},"line":70},"6":{"name":"(anonymous_6)","decl":{"start":{"line":89,"column":2},"end":{"line":89,"column":10}},"loc":{"start":{"line":95,"column":14},"end":{"line":130,"column":null}},"line":95},"7":{"name":"(anonymous_7)","decl":{"start":{"line":133,"column":2},"end":{"line":133,"column":10}},"loc":{"start":{"line":133,"column":48},"end":{"line":140,"column":null}},"line":133},"8":{"name":"(anonymous_8)","decl":{"start":{"line":143,"column":2},"end":{"line":143,"column":10}},"loc":{"start":{"line":143,"column":29},"end":{"line":153,"column":null}},"line":143},"9":{"name":"(anonymous_9)","decl":{"start":{"line":156,"column":2},"end":{"line":156,"column":10}},"loc":{"start":{"line":156,"column":30},"end":{"line":160,"column":null}},"line":156},"10":{"name":"(anonymous_10)","decl":{"start":{"line":163,"column":2},"end":{"line":163,"column":10}},"loc":{"start":{"line":163,"column":61},"end":{"line":188,"column":null}},"line":163},"11":{"name":"(anonymous_11)","decl":{"start":{"line":191,"column":2},"end":{"line":191,"column":10}},"loc":{"start":{"line":191,"column":65},"end":{"line":262,"column":null}},"line":191},"12":{"name":"(anonymous_12)","decl":{"start":{"line":218,"column":34},"end":{"line":218,"column":44}},"loc":{"start":{"line":218,"column":50},"end":{"line":221,"column":null}},"line":218},"13":{"name":"(anonymous_13)","decl":{"start":{"line":230,"column":33},"end":{"line":230,"column":48}},"loc":{"start":{"line":230,"column":48},"end":{"line":234,"column":null}},"line":230},"14":{"name":"(anonymous_14)","decl":{"start":{"line":236,"column":33},"end":{"line":236,"column":53}},"loc":{"start":{"line":236,"column":53},"end":{"line":240,"column":null}},"line":236},"15":{"name":"(anonymous_15)","decl":{"start":{"line":242,"column":33},"end":{"line":242,"column":53}},"loc":{"start":{"line":242,"column":53},"end":{"line":246,"column":null}},"line":242},"16":{"name":"(anonymous_16)","decl":{"start":{"line":265,"column":2},"end":{"line":265,"column":10}},"loc":{"start":{"line":265,"column":65},"end":{"line":296,"column":null}},"line":265},"17":{"name":"(anonymous_17)","decl":{"start":{"line":301,"column":2},"end":{"line":301,"column":10}},"loc":{"start":{"line":301,"column":51},"end":{"line":344,"column":null}},"line":301},"18":{"name":"(anonymous_18)","decl":{"start":{"line":347,"column":2},"end":{"line":347,"column":10}},"loc":{"start":{"line":347,"column":49},"end":{"line":362,"column":null}},"line":347},"19":{"name":"(anonymous_19)","decl":{"start":{"line":366,"column":2},"end":{"line":366,"column":20}},"loc":{"start":{"line":366,"column":20},"end":{"line":370,"column":null}},"line":366},"20":{"name":"(anonymous_20)","decl":{"start":{"line":374,"column":2},"end":{"line":374,"column":22}},"loc":{"start":{"line":374,"column":22},"end":{"line":378,"column":null}},"line":374},"21":{"name":"(anonymous_21)","decl":{"start":{"line":382,"column":2},"end":{"line":382,"column":10}},"loc":{"start":{"line":382,"column":66},"end":{"line":385,"column":null}},"line":382},"22":{"name":"(anonymous_22)","decl":{"start":{"line":389,"column":2},"end":{"line":389,"column":10}},"loc":{"start":{"line":389,"column":49},"end":{"line":394,"column":null}},"line":389},"23":{"name":"(anonymous_23)","decl":{"start":{"line":398,"column":2},"end":{"line":398,"column":17}},"loc":{"start":{"line":398,"column":48},"end":{"line":400,"column":null}},"line":398},"24":{"name":"(anonymous_24)","decl":{"start":{"line":403,"column":2},"end":{"line":403,"column":10}},"loc":{"start":{"line":403,"column":74},"end":{"line":409,"column":null}},"line":403},"25":{"name":"(anonymous_25)","decl":{"start":{"line":412,"column":2},"end":{"line":412,"column":16}},"loc":{"start":{"line":412,"column":16},"end":{"line":419,"column":null}},"line":412},"26":{"name":"(anonymous_26)","decl":{"start":{"line":422,"column":2},"end":{"line":422,"column":33}},"loc":{"start":{"line":422,"column":33},"end":{"line":423,"column":null}},"line":422}},"branchMap":{"0":{"loc":{"start":{"line":29,"column":38},"end":{"line":29,"column":70}},"type":"default-arg","locations":[{"start":{"line":29,"column":68},"end":{"line":29,"column":70}}],"line":29},"1":{"loc":{"start":{"line":71,"column":4},"end":{"line":74,"column":null}},"type":"if","locations":[{"start":{"line":71,"column":4},"end":{"line":74,"column":null}},{"start":{},"end":{}}],"line":71},"2":{"loc":{"start":{"line":94,"column":4},"end":{"line":94,"column":null}},"type":"default-arg","locations":[{"start":{"line":94,"column":75},"end":{"line":94,"column":null}}],"line":94},"3":{"loc":{"start":{"line":104,"column":41},"end":{"line":104,"column":53}},"type":"binary-expr","locations":[{"start":{"line":104,"column":41},"end":{"line":104,"column":49}},{"start":{"line":104,"column":49},"end":{"line":104,"column":53}}],"line":104},"4":{"loc":{"start":{"line":109,"column":4},"end":{"line":126,"column":null}},"type":"if","locations":[{"start":{"line":109,"column":4},"end":{"line":126,"column":null}},{"start":{"line":119,"column":15},"end":{"line":126,"column":null}}],"line":109},"5":{"loc":{"start":{"line":109,"column":8},"end":{"line":109,"column":45}},"type":"binary-expr","locations":[{"start":{"line":109,"column":8},"end":{"line":109,"column":29}},{"start":{"line":109,"column":29},"end":{"line":109,"column":45}}],"line":109},"6":{"loc":{"start":{"line":115,"column":26},"end":{"line":115,"column":null}},"type":"cond-expr","locations":[{"start":{"line":115,"column":33},"end":{"line":115,"column":50}},{"start":{"line":115,"column":50},"end":{"line":115,"column":null}}],"line":115},"7":{"loc":{"start":{"line":119,"column":15},"end":{"line":126,"column":null}},"type":"if","locations":[{"start":{"line":119,"column":15},"end":{"line":126,"column":null}},{"start":{},"end":{}}],"line":119},"8":{"loc":{"start":{"line":124,"column":26},"end":{"line":124,"column":null}},"type":"cond-expr","locations":[{"start":{"line":124,"column":33},"end":{"line":124,"column":51}},{"start":{"line":124,"column":51},"end":{"line":124,"column":null}}],"line":124},"9":{"loc":{"start":{"line":134,"column":4},"end":{"line":134,"column":null}},"type":"if","locations":[{"start":{"line":134,"column":4},"end":{"line":134,"column":null}},{"start":{},"end":{}}],"line":134},"10":{"loc":{"start":{"line":135,"column":4},"end":{"line":135,"column":null}},"type":"if","locations":[{"start":{"line":135,"column":4},"end":{"line":135,"column":null}},{"start":{},"end":{}}],"line":135},"11":{"loc":{"start":{"line":136,"column":4},"end":{"line":136,"column":null}},"type":"if","locations":[{"start":{"line":136,"column":4},"end":{"line":136,"column":null}},{"start":{},"end":{}}],"line":136},"12":{"loc":{"start":{"line":137,"column":4},"end":{"line":137,"column":null}},"type":"if","locations":[{"start":{"line":137,"column":4},"end":{"line":137,"column":null}},{"start":{},"end":{}}],"line":137},"13":{"loc":{"start":{"line":138,"column":4},"end":{"line":138,"column":null}},"type":"if","locations":[{"start":{"line":138,"column":4},"end":{"line":138,"column":null}},{"start":{},"end":{}}],"line":138},"14":{"loc":{"start":{"line":139,"column":4},"end":{"line":139,"column":null}},"type":"if","locations":[{"start":{"line":139,"column":4},"end":{"line":139,"column":null}},{"start":{},"end":{}}],"line":139},"15":{"loc":{"start":{"line":146,"column":4},"end":{"line":148,"column":null}},"type":"if","locations":[{"start":{"line":146,"column":4},"end":{"line":148,"column":null}},{"start":{},"end":{}}],"line":146},"16":{"loc":{"start":{"line":157,"column":4},"end":{"line":157,"column":null}},"type":"if","locations":[{"start":{"line":157,"column":4},"end":{"line":157,"column":null}},{"start":{},"end":{}}],"line":157},"17":{"loc":{"start":{"line":164,"column":4},"end":{"line":169,"column":null}},"type":"if","locations":[{"start":{"line":164,"column":4},"end":{"line":169,"column":null}},{"start":{},"end":{}}],"line":164},"18":{"loc":{"start":{"line":178,"column":6},"end":{"line":179,"column":null}},"type":"if","locations":[{"start":{"line":178,"column":6},"end":{"line":179,"column":null}},{"start":{},"end":{}}],"line":178},"19":{"loc":{"start":{"line":183,"column":19},"end":{"line":183,"column":null}},"type":"binary-expr","locations":[{"start":{"line":183,"column":19},"end":{"line":183,"column":31}},{"start":{"line":183,"column":31},"end":{"line":183,"column":45}},{"start":{"line":183,"column":45},"end":{"line":183,"column":58}},{"start":{"line":183,"column":58},"end":{"line":183,"column":null}}],"line":183},"20":{"loc":{"start":{"line":184,"column":4},"end":{"line":185,"column":null}},"type":"if","locations":[{"start":{"line":184,"column":4},"end":{"line":185,"column":null}},{"start":{},"end":{}}],"line":184},"21":{"loc":{"start":{"line":193,"column":49},"end":{"line":193,"column":null}},"type":"cond-expr","locations":[{"start":{"line":193,"column":64},"end":{"line":193,"column":69}},{"start":{"line":193,"column":69},"end":{"line":193,"column":null}}],"line":193},"22":{"loc":{"start":{"line":209,"column":4},"end":{"line":227,"column":null}},"type":"if","locations":[{"start":{"line":209,"column":4},"end":{"line":227,"column":null}},{"start":{"line":223,"column":11},"end":{"line":227,"column":null}}],"line":209},"23":{"loc":{"start":{"line":209,"column":8},"end":{"line":209,"column":57}},"type":"binary-expr","locations":[{"start":{"line":209,"column":8},"end":{"line":209,"column":34}},{"start":{"line":209,"column":34},"end":{"line":209,"column":57}}],"line":209},"24":{"loc":{"start":{"line":216,"column":48},"end":{"line":216,"column":null}},"type":"cond-expr","locations":[{"start":{"line":216,"column":64},"end":{"line":216,"column":77}},{"start":{"line":216,"column":77},"end":{"line":216,"column":null}}],"line":216},"25":{"loc":{"start":{"line":217,"column":31},"end":{"line":217,"column":null}},"type":"cond-expr","locations":[{"start":{"line":217,"column":47},"end":{"line":217,"column":53}},{"start":{"line":217,"column":53},"end":{"line":217,"column":null}}],"line":217},"26":{"loc":{"start":{"line":231,"column":6},"end":{"line":232,"column":null}},"type":"if","locations":[{"start":{"line":231,"column":6},"end":{"line":232,"column":null}},{"start":{},"end":{}}],"line":231},"27":{"loc":{"start":{"line":237,"column":6},"end":{"line":238,"column":null}},"type":"if","locations":[{"start":{"line":237,"column":6},"end":{"line":238,"column":null}},{"start":{},"end":{}}],"line":237},"28":{"loc":{"start":{"line":243,"column":6},"end":{"line":244,"column":null}},"type":"if","locations":[{"start":{"line":243,"column":6},"end":{"line":244,"column":null}},{"start":{},"end":{}}],"line":243},"29":{"loc":{"start":{"line":250,"column":4},"end":{"line":259,"column":null}},"type":"if","locations":[{"start":{"line":250,"column":4},"end":{"line":259,"column":null}},{"start":{},"end":{}}],"line":250},"30":{"loc":{"start":{"line":250,"column":4},"end":{"line":250,"column":76}},"type":"binary-expr","locations":[{"start":{"line":250,"column":9},"end":{"line":250,"column":35}},{"start":{"line":250,"column":35},"end":{"line":250,"column":61}},{"start":{"line":250,"column":61},"end":{"line":250,"column":76}}],"line":250},"31":{"loc":{"start":{"line":268,"column":4},"end":{"line":271,"column":null}},"type":"if","locations":[{"start":{"line":268,"column":4},"end":{"line":271,"column":null}},{"start":{"line":270,"column":11},"end":{"line":271,"column":null}}],"line":268},"32":{"loc":{"start":{"line":277,"column":4},"end":{"line":296,"column":null}},"type":"if","locations":[{"start":{"line":277,"column":4},"end":{"line":296,"column":null}},{"start":{"line":290,"column":11},"end":{"line":296,"column":null}}],"line":277},"33":{"loc":{"start":{"line":278,"column":6},"end":{"line":284,"column":null}},"type":"if","locations":[{"start":{"line":278,"column":6},"end":{"line":284,"column":null}},{"start":{},"end":{}}],"line":278},"34":{"loc":{"start":{"line":286,"column":6},"end":{"line":288,"column":null}},"type":"if","locations":[{"start":{"line":286,"column":6},"end":{"line":288,"column":null}},{"start":{},"end":{}}],"line":286},"35":{"loc":{"start":{"line":291,"column":6},"end":{"line":292,"column":null}},"type":"if","locations":[{"start":{"line":291,"column":6},"end":{"line":292,"column":null}},{"start":{},"end":{}}],"line":291},"36":{"loc":{"start":{"line":294,"column":6},"end":{"line":296,"column":null}},"type":"if","locations":[{"start":{"line":294,"column":6},"end":{"line":296,"column":null}},{"start":{},"end":{}}],"line":294},"37":{"loc":{"start":{"line":304,"column":4},"end":{"line":341,"column":null}},"type":"switch","locations":[{"start":{"line":305,"column":6},"end":{"line":310,"column":null}},{"start":{"line":311,"column":6},"end":{"line":316,"column":null}},{"start":{"line":317,"column":6},"end":{"line":322,"column":null}},{"start":{"line":323,"column":6},"end":{"line":328,"column":null}},{"start":{"line":329,"column":6},"end":{"line":335,"column":null}},{"start":{"line":336,"column":6},"end":{"line":341,"column":null}}],"line":304},"38":{"loc":{"start":{"line":348,"column":4},"end":{"line":362,"column":null}},"type":"switch","locations":[{"start":{"line":349,"column":6},"end":{"line":350,"column":null}},{"start":{"line":351,"column":6},"end":{"line":352,"column":null}},{"start":{"line":353,"column":6},"end":{"line":354,"column":null}},{"start":{"line":355,"column":6},"end":{"line":356,"column":null}},{"start":{"line":357,"column":6},"end":{"line":358,"column":null}},{"start":{"line":359,"column":6},"end":{"line":360,"column":null}},{"start":{"line":361,"column":6},"end":{"line":362,"column":null}}],"line":348},"39":{"loc":{"start":{"line":350,"column":57},"end":{"line":350,"column":101}},"type":"cond-expr","locations":[{"start":{"line":350,"column":90},"end":{"line":350,"column":98}},{"start":{"line":350,"column":98},"end":{"line":350,"column":101}}],"line":350},"40":{"loc":{"start":{"line":354,"column":15},"end":{"line":354,"column":null}},"type":"cond-expr","locations":[{"start":{"line":354,"column":28},"end":{"line":354,"column":37}},{"start":{"line":354,"column":37},"end":{"line":354,"column":null}}],"line":354},"41":{"loc":{"start":{"line":367,"column":4},"end":{"line":370,"column":null}},"type":"if","locations":[{"start":{"line":367,"column":4},"end":{"line":370,"column":null}},{"start":{},"end":{}}],"line":367},"42":{"loc":{"start":{"line":375,"column":4},"end":{"line":378,"column":null}},"type":"if","locations":[{"start":{"line":375,"column":4},"end":{"line":378,"column":null}},{"start":{},"end":{}}],"line":375},"43":{"loc":{"start":{"line":390,"column":4},"end":{"line":391,"column":null}},"type":"if","locations":[{"start":{"line":390,"column":4},"end":{"line":391,"column":null}},{"start":{},"end":{}}],"line":390},"44":{"loc":{"start":{"line":390,"column":8},"end":{"line":390,"column":37}},"type":"binary-expr","locations":[{"start":{"line":390,"column":8},"end":{"line":390,"column":26}},{"start":{"line":390,"column":26},"end":{"line":390,"column":37}}],"line":390},"45":{"loc":{"start":{"line":399,"column":4},"end":{"line":399,"column":null}},"type":"if","locations":[{"start":{"line":399,"column":4},"end":{"line":399,"column":null}},{"start":{},"end":{}}],"line":399},"46":{"loc":{"start":{"line":404,"column":4},"end":{"line":404,"column":null}},"type":"if","locations":[{"start":{"line":404,"column":4},"end":{"line":404,"column":null}},{"start":{},"end":{}}],"line":404},"47":{"loc":{"start":{"line":407,"column":6},"end":{"line":407,"column":null}},"type":"if","locations":[{"start":{"line":407,"column":6},"end":{"line":407,"column":null}},{"start":{},"end":{}}],"line":407},"48":{"loc":{"start":{"line":416,"column":4},"end":{"line":417,"column":null}},"type":"if","locations":[{"start":{"line":416,"column":4},"end":{"line":417,"column":null}},{"start":{},"end":{}}],"line":416}},"s":{"0":21,"1":21,"2":21,"3":21,"4":21,"5":21,"6":21,"7":21,"8":42,"9":42,"10":42,"11":42,"12":42,"13":42,"14":42,"15":1,"16":1,"17":42,"18":42,"19":42,"20":21,"21":21,"22":21,"23":21,"24":21,"25":21,"26":21,"27":18,"28":1,"29":1,"30":1,"31":17,"32":17,"33":17,"34":17,"35":17,"36":1,"37":1,"38":1,"39":42,"40":42,"41":42,"42":20,"43":20,"44":20,"45":20,"46":23,"47":23,"48":23,"49":22,"50":1,"51":1,"52":1,"53":1,"54":3,"55":3,"56":3,"57":42,"58":42,"59":1,"60":41,"61":1,"62":40,"63":40,"64":20,"65":14,"66":6,"67":5,"68":1,"69":1,"70":0,"71":43,"72":43,"73":24,"74":24,"75":19,"76":19,"77":19,"78":20,"79":0,"80":20,"81":20,"82":54,"83":51,"84":51,"85":32,"86":51,"87":3,"88":3,"89":3,"90":3,"91":3,"92":2,"93":1,"94":3,"95":54,"96":1,"97":3,"98":47,"99":47,"100":47,"101":47,"102":47,"103":47,"104":47,"105":47,"106":47,"107":47,"108":47,"109":47,"110":47,"111":47,"112":25,"113":25,"114":25,"115":25,"116":25,"117":25,"118":25,"119":25,"120":0,"121":0,"122":25,"123":22,"124":22,"125":22,"126":22,"127":47,"128":1,"129":1,"130":47,"131":0,"132":0,"133":47,"134":0,"135":0,"136":47,"137":47,"138":23,"139":23,"140":23,"141":28,"142":28,"143":23,"144":47,"145":0,"146":0,"147":0,"148":0,"149":0,"150":0,"151":0,"152":0,"153":0,"154":0,"155":0,"156":0,"157":0,"158":0,"159":0,"160":0,"161":0,"162":0,"163":0,"164":0,"165":0,"166":47,"167":47,"168":24,"169":24,"170":24,"171":1,"172":1,"173":1,"174":15,"175":15,"176":15,"177":5,"178":5,"179":5,"180":1,"181":1,"182":1,"183":1,"184":1,"185":1,"186":47,"187":25,"188":17,"189":5,"190":1,"191":1,"192":1,"193":0,"194":0,"195":1,"196":1,"197":1,"198":1,"199":2,"200":2,"201":2,"202":2,"203":9,"204":9,"205":6,"206":6,"207":4,"208":6,"209":4,"210":3,"211":0,"212":3,"213":8,"214":2,"215":6,"216":5,"217":5,"218":3,"219":3,"220":22,"221":22,"222":22,"223":22,"224":22,"225":22,"226":6},"f":{"0":21,"1":42,"2":1,"3":21,"4":21,"5":18,"6":42,"7":42,"8":43,"9":20,"10":54,"11":47,"12":0,"13":1,"14":0,"15":0,"16":0,"17":47,"18":25,"19":1,"20":2,"21":9,"22":6,"23":3,"24":8,"25":22,"26":6},"b":{"0":[21],"1":[1,17],"2":[42],"3":[42,16],"4":[20,22],"5":[42,20],"6":[5,18],"7":[1,21],"8":[0,3],"9":[1,41],"10":[1,40],"11":[20,20],"12":[14,6],"13":[5,1],"14":[1,0],"15":[24,19],"16":[0,20],"17":[51,3],"18":[1,1],"19":[3,2,2,2],"20":[1,53],"21":[47,0],"22":[25,22],"23":[47,23],"24":[23,2],"25":[23,2],"26":[1,0],"27":[0,0],"28":[0,0],"29":[23,24],"30":[47,23,25],"31":[0,0],"32":[0,0],"33":[0,0],"34":[0,0],"35":[0,0],"36":[0,0],"37":[24,1,15,5,1,1],"38":[17,5,1,1,1,0,0],"39":[0,17],"40":[1,0],"41":[1,0],"42":[2,0],"43":[4,2],"44":[6,6],"45":[0,3],"46":[2,6],"47":[3,2],"48":[22,0]},"meta":{"lastBranch":49,"lastFunction":27,"lastStatement":227,"seen":{"s:24:38:24:Infinity":0,"s:26:31:26:Infinity":1,"s:27:40:27:49":2,"f:29:2:29:14":0,"b:29:68:29:70":0,"s:30:4:30:Infinity":3,"s:31:4:31:Infinity":4,"s:32:4:32:Infinity":5,"s:33:4:33:Infinity":6,"s:34:4:34:Infinity":7,"f:37:2:37:10":1,"s:38:20:38:49":8,"s:39:4:39:Infinity":9,"s:41:18:41:49":10,"s:42:4:42:Infinity":11,"s:43:4:43:Infinity":12,"s:44:4:44:Infinity":13,"s:46:4:49:Infinity":14,"f:46:27:46:37":2,"s:47:6:47:Infinity":15,"s:48:6:48:Infinity":16,"s:51:4:51:Infinity":17,"s:52:4:52:Infinity":18,"s:54:4:54:Infinity":19,"f:57:2:57:10":3,"s:58:26:58:55":20,"s:59:4:59:Infinity":21,"s:60:4:60:Infinity":22,"s:61:4:61:Infinity":23,"f:64:2:64:10":4,"s:65:4:65:Infinity":24,"s:66:4:66:Infinity":25,"s:67:4:67:Infinity":26,"f:70:2:70:12":5,"b:71:4:74:Infinity:undefined:undefined:undefined:undefined":1,"s:71:4:74:Infinity":27,"s:72:6:72:Infinity":28,"s:73:6:73:Infinity":29,"s:74:6:74:Infinity":30,"s:77:4:85:Infinity":31,"s:78:21:78:37":32,"s:79:6:79:Infinity":33,"s:80:6:80:Infinity":34,"s:81:6:81:Infinity":35,"s:83:6:83:Infinity":36,"s:84:6:84:Infinity":37,"s:85:6:85:Infinity":38,"f:89:2:89:10":6,"b:94:75:94:Infinity":2,"s:96:17:96:40":39,"s:97:27:107:Infinity":40,"b:104:41:104:49:104:49:104:53":3,"b:109:4:126:Infinity:119:15:126:Infinity":4,"s:109:4:126:Infinity":41,"b:109:8:109:29:109:29:109:45":5,"s:110:18:110:Infinity":42,"s:111:22:111:41":43,"s:112:6:112:Infinity":44,"s:114:6:117:Infinity":45,"s:115:26:115:Infinity":46,"b:115:33:115:50:115:50:115:Infinity":6,"s:116:26:116:69":47,"s:117:8:117:Infinity":48,"b:119:15:126:Infinity:undefined:undefined:undefined:undefined":7,"s:119:15:126:Infinity":49,"s:120:18:120:Infinity":50,"s:121:6:121:Infinity":51,"s:123:6:126:Infinity":52,"s:123:19:123:22":53,"s:124:26:124:Infinity":54,"b:124:33:124:51:124:51:124:Infinity":8,"s:125:26:125:82":55,"s:126:8:126:Infinity":56,"s:130:4:130:Infinity":57,"f:133:2:133:10":7,"b:134:4:134:Infinity:undefined:undefined:undefined:undefined":9,"s:134:4:134:Infinity":58,"s:134:24:134:Infinity":59,"b:135:4:135:Infinity:undefined:undefined:undefined:undefined":10,"s:135:4:135:Infinity":60,"s:135:30:135:Infinity":61,"b:136:4:136:Infinity:undefined:undefined:undefined:undefined":11,"s:136:4:136:Infinity":62,"s:136:35:136:Infinity":63,"b:137:4:137:Infinity:undefined:undefined:undefined:undefined":12,"s:137:4:137:Infinity":64,"s:137:35:137:Infinity":65,"b:138:4:138:Infinity:undefined:undefined:undefined:undefined":13,"s:138:4:138:Infinity":66,"s:138:35:138:Infinity":67,"b:139:4:139:Infinity:undefined:undefined:undefined:undefined":14,"s:139:4:139:Infinity":68,"s:139:36:139:Infinity":69,"s:140:4:140:Infinity":70,"f:143:2:143:10":8,"s:144:4:144:Infinity":71,"b:146:4:148:Infinity:undefined:undefined:undefined:undefined":15,"s:146:4:148:Infinity":72,"s:147:6:147:Infinity":73,"s:148:6:148:Infinity":74,"s:151:4:151:Infinity":75,"s:152:24:152:57":76,"s:153:4:153:Infinity":77,"f:156:2:156:10":9,"b:157:4:157:Infinity:undefined:undefined:undefined:undefined":16,"s:157:4:157:Infinity":78,"s:157:24:157:Infinity":79,"s:159:17:159:46":80,"s:160:4:160:Infinity":81,"f:163:2:163:10":10,"b:164:4:169:Infinity:undefined:undefined:undefined:undefined":17,"s:164:4:169:Infinity":82,"s:165:6:165:Infinity":83,"s:166:6:167:Infinity":84,"s:167:8:167:Infinity":85,"s:169:6:169:Infinity":86,"s:172:21:172:58":87,"s:173:23:173:77":88,"s:174:22:174:60":89,"s:176:21:176:Infinity":90,"s:177:4:179:Infinity":91,"b:178:6:179:Infinity:undefined:undefined:undefined:undefined":18,"s:178:6:179:Infinity":92,"s:179:8:179:Infinity":93,"s:183:4:183:Infinity":94,"b:183:19:183:31:183:31:183:45:183:45:183:58:183:58:183:Infinity":19,"b:184:4:185:Infinity:undefined:undefined:undefined:undefined":20,"s:184:4:185:Infinity":95,"s:185:6:185:Infinity":96,"s:188:4:188:Infinity":97,"f:191:2:191:10":11,"s:192:20:192:49":98,"s:193:4:193:Infinity":99,"b:193:64:193:69:193:69:193:Infinity":21,"s:194:4:194:Infinity":100,"s:196:24:196:53":101,"s:197:4:197:Infinity":102,"s:198:4:198:Infinity":103,"s:200:17:200:39":104,"s:201:4:201:Infinity":105,"s:202:4:202:Infinity":106,"s:204:23:204:53":107,"s:205:4:205:Infinity":108,"s:206:4:206:Infinity":109,"s:207:4:207:Infinity":110,"b:209:4:227:Infinity:223:11:227:Infinity":22,"s:209:4:227:Infinity":111,"b:209:8:209:34:209:34:209:57":23,"s:210:27:210:57":112,"s:211:6:211:Infinity":113,"s:212:6:212:Infinity":114,"s:213:6:213:Infinity":115,"s:215:25:215:55":116,"s:216:6:216:Infinity":117,"b:216:64:216:77:216:77:216:Infinity":24,"s:217:6:217:Infinity":118,"b:217:47:217:53:217:53:217:Infinity":25,"s:218:6:221:Infinity":119,"f:218:34:218:44":12,"s:219:8:219:Infinity":120,"s:220:8:220:Infinity":121,"s:222:6:222:Infinity":122,"s:224:29:224:59":123,"s:225:6:225:Infinity":124,"s:226:6:226:Infinity":125,"s:227:6:227:Infinity":126,"s:230:4:234:Infinity":127,"f:230:33:230:48":13,"b:231:6:232:Infinity:undefined:undefined:undefined:undefined":26,"s:231:6:232:Infinity":128,"s:232:8:232:Infinity":129,"s:236:4:240:Infinity":130,"f:236:33:236:53":14,"b:237:6:238:Infinity:undefined:undefined:undefined:undefined":27,"s:237:6:238:Infinity":131,"s:238:8:238:Infinity":132,"s:242:4:246:Infinity":133,"f:242:33:242:53":15,"b:243:6:244:Infinity:undefined:undefined:undefined:undefined":28,"s:243:6:244:Infinity":134,"s:244:8:244:Infinity":135,"s:248:4:248:Infinity":136,"b:250:4:259:Infinity:undefined:undefined:undefined:undefined":29,"s:250:4:259:Infinity":137,"b:250:9:250:35:250:35:250:61:250:61:250:76":30,"s:251:32:251:61":138,"s:252:6:252:Infinity":139,"s:254:6:256:Infinity":140,"s:255:29:255:62":141,"s:256:8:256:Infinity":142,"s:259:6:259:Infinity":143,"s:262:4:262:Infinity":144,"f:265:2:265:10":16,"s:266:4:266:Infinity":145,"b:268:4:271:Infinity:270:11:271:Infinity":31,"s:268:4:271:Infinity":146,"s:269:6:269:Infinity":147,"s:271:6:271:Infinity":148,"s:274:30:274:73":149,"s:275:23:275:64":150,"b:277:4:296:Infinity:290:11:296:Infinity":32,"s:277:4:296:Infinity":151,"b:278:6:284:Infinity:undefined:undefined:undefined:undefined":33,"s:278:6:284:Infinity":152,"s:279:37:279:66":153,"s:280:8:280:Infinity":154,"s:281:8:282:Infinity":155,"s:282:10:282:Infinity":156,"s:284:8:284:Infinity":157,"b:286:6:288:Infinity:undefined:undefined:undefined:undefined":34,"s:286:6:288:Infinity":158,"s:287:8:287:Infinity":159,"s:288:8:288:Infinity":160,"b:291:6:292:Infinity:undefined:undefined:undefined:undefined":35,"s:291:6:292:Infinity":161,"s:292:8:292:Infinity":162,"b:294:6:296:Infinity:undefined:undefined:undefined:undefined":36,"s:294:6:296:Infinity":163,"s:295:8:295:Infinity":164,"s:296:8:296:Infinity":165,"f:301:2:301:10":17,"s:302:17:302:47":166,"b:305:6:310:Infinity:311:6:316:Infinity:317:6:322:Infinity:323:6:328:Infinity:329:6:335:Infinity:336:6:341:Infinity":37,"s:304:4:341:Infinity":167,"s:306:8:306:Infinity":168,"s:309:8:309:Infinity":169,"s:310:8:310:Infinity":170,"s:312:8:312:Infinity":171,"s:315:8:315:Infinity":172,"s:316:8:316:Infinity":173,"s:318:8:318:Infinity":174,"s:321:8:321:Infinity":175,"s:322:8:322:Infinity":176,"s:324:8:324:Infinity":177,"s:327:8:327:Infinity":178,"s:328:8:328:Infinity":179,"s:330:8:330:Infinity":180,"s:334:8:334:Infinity":181,"s:335:8:335:Infinity":182,"s:337:8:337:Infinity":183,"s:340:8:340:Infinity":184,"s:341:8:341:Infinity":185,"s:344:4:344:Infinity":186,"f:347:2:347:10":18,"b:349:6:350:Infinity:351:6:352:Infinity:353:6:354:Infinity:355:6:356:Infinity:357:6:358:Infinity:359:6:360:Infinity:361:6:362:Infinity":38,"s:348:4:362:Infinity":187,"s:350:8:350:Infinity":188,"b:350:90:350:98:350:98:350:101":39,"s:352:8:352:Infinity":189,"s:354:8:354:Infinity":190,"b:354:28:354:37:354:37:354:Infinity":40,"s:356:8:356:Infinity":191,"s:358:8:358:Infinity":192,"s:360:8:360:Infinity":193,"s:362:8:362:Infinity":194,"f:366:2:366:20":19,"b:367:4:370:Infinity:undefined:undefined:undefined:undefined":41,"s:367:4:370:Infinity":195,"s:368:6:368:Infinity":196,"s:369:6:369:Infinity":197,"s:370:6:370:Infinity":198,"f:374:2:374:22":20,"b:375:4:378:Infinity:undefined:undefined:undefined:undefined":42,"s:375:4:378:Infinity":199,"s:376:6:376:Infinity":200,"s:377:6:377:Infinity":201,"s:378:6:378:Infinity":202,"f:382:2:382:10":21,"s:383:4:383:Infinity":203,"s:384:4:385:Infinity":204,"s:385:6:385:Infinity":205,"f:389:2:389:10":22,"b:390:4:391:Infinity:undefined:undefined:undefined:undefined":43,"s:390:4:391:Infinity":206,"b:390:8:390:26:390:26:390:3
[...]
:{"line":136,"column":4},"end":{"line":158,"column":null}},"47":{"start":{"line":137,"column":6},"end":{"line":137,"column":null}},"48":{"start":{"line":138,"column":26},"end":{"line":138,"column":null}},"49":{"start":{"line":139,"column":6},"end":{"line":144,"column":null}},"50":{"start":{"line":140,"column":27},"end":{"line":140,"column":61}},"51":{"start":{"line":141,"column":8},"end":{"line":141,"column":null}},"52":{"start":{"line":142,"column":8},"end":{"line":142,"column":null}},"53":{"start":{"line":143,"column":8},"end":{"line":143,"column":null}},"54":{"start":{"line":144,"column":8},"end":{"line":144,"column":null}},"55":{"start":{"line":146,"column":6},"end":{"line":146,"column":null}},"56":{"start":{"line":147,"column":15},"end":{"line":158,"column":null}},"57":{"start":{"line":148,"column":6},"end":{"line":148,"column":null}},"58":{"start":{"line":149,"column":6},"end":{"line":149,"column":null}},"59":{"start":{"line":150,"column":26},"end":{"line":150,"column":null}},"60":{"start":{"line":151,"column":6},"end":{"line":156,"column":null}},"61":{"start":{"line":152,"column":27},"end":{"line":152,"column":96}},"62":{"start":{"line":153,"column":8},"end":{"line":153,"column":null}},"63":{"start":{"line":154,"column":8},"end":{"line":154,"column":null}},"64":{"start":{"line":155,"column":8},"end":{"line":155,"column":null}},"65":{"start":{"line":156,"column":8},"end":{"line":156,"column":null}},"66":{"start":{"line":158,"column":6},"end":{"line":158,"column":null}},"67":{"start":{"line":161,"column":4},"end":{"line":161,"column":null}}},"fnMap":{"0":{"name":"(anonymous_0)","decl":{"start":{"line":14,"column":9},"end":{"line":14,"column":16}},"loc":{"start":{"line":14,"column":76},"end":{"line":36,"column":null}},"line":14},"1":{"name":"(anonymous_1)","decl":{"start":{"line":40,"column":9},"end":{"line":40,"column":16}},"loc":{"start":{"line":40,"column":38},"end":{"line":45,"column":null}},"line":40},"2":{"name":"(anonymous_2)","decl":{"start":{"line":49,"column":9},"end":{"line":49,"column":18}},"loc":{"start":{"line":49,"column":87},"end":{"line":63,"column":null}},"line":49},"3":{"name":"(anonymous_3)","decl":{"start":{"line":67,"column":9},"end":{"line":67,"column":26}},"loc":{"start":{"line":67,"column":92},"end":{"line":72,"column":null}},"line":67},"4":{"name":"(anonymous_4)","decl":{"start":{"line":75,"column":9},"end":{"line":75,"column":18}},"loc":{"start":{"line":82,"column":4},"end":{"line":107,"column":null}},"line":82},"5":{"name":"(anonymous_5)","decl":{"start":{"line":111,"column":17},"end":{"line":111,"column":30}},"loc":{"start":{"line":111,"column":69},"end":{"line":118,"column":null}},"line":111},"6":{"name":"(anonymous_6)","decl":{"start":{"line":113,"column":39},"end":{"line":113,"column":47}},"loc":{"start":{"line":113,"column":61},"end":{"line":116,"column":11}},"line":113},"7":{"name":"(anonymous_7)","decl":{"start":{"line":121,"column":17},"end":{"line":121,"column":31}},"loc":{"start":{"line":121,"column":52},"end":{"line":125,"column":null}},"line":121},"8":{"name":"(anonymous_8)","decl":{"start":{"line":123,"column":23},"end":{"line":123,"column":41}},"loc":{"start":{"line":123,"column":50},"end":{"line":125,"column":null}},"line":123},"9":{"name":"(anonymous_9)","decl":{"start":{"line":128,"column":17},"end":{"line":128,"column":30}},"loc":{"start":{"line":133,"column":4},"end":{"line":161,"column":null}},"line":133}},"branchMap":{"0":{"loc":{"start":{"line":14,"column":30},"end":{"line":14,"column":66}},"type":"default-arg","locations":[{"start":{"line":14,"column":64},"end":{"line":14,"column":66}}],"line":14},"1":{"loc":{"start":{"line":19,"column":21},"end":{"line":21,"column":null}},"type":"cond-expr","locations":[{"start":{"line":20,"column":10},"end":{"line":20,"column":33}},{"start":{"line":21,"column":10},"end":{"line":21,"column":null}}],"line":19},"2":{"loc":{"start":{"line":24,"column":6},"end":{"line":27,"column":null}},"type":"if","locations":[{"start":{"line":24,"column":6},"end":{"line":27,"column":null}},{"start":{"line":26,"column":13},"end":{"line":27,"column":null}}],"line":24},"3":{"loc":{"start":{"line":30,"column":6},"end":{"line":31,"column":null}},"type":"if","locations":[{"start":{"line":30,"column":6},"end":{"line":31,"column":null}},{"start":{},"end":{}}],"line":30},"4":{"loc":{"start":{"line":36,"column":32},"end":{"line":36,"column":82}},"type":"cond-expr","locations":[{"start":{"line":36,"column":57},"end":{"line":36,"column":73}},{"start":{"line":36,"column":73},"end":{"line":36,"column":82}}],"line":36},"5":{"loc":{"start":{"line":45,"column":31},"end":{"line":45,"column":81}},"type":"cond-expr","locations":[{"start":{"line":45,"column":56},"end":{"line":45,"column":72}},{"start":{"line":45,"column":72},"end":{"line":45,"column":81}}],"line":45},"6":{"loc":{"start":{"line":54,"column":6},"end":{"line":61,"column":null}},"type":"if","locations":[{"start":{"line":54,"column":6},"end":{"line":61,"column":null}},{"start":{},"end":{}}],"line":54},"7":{"loc":{"start":{"line":56,"column":25},"end":{"line":56,"column":null}},"type":"cond-expr","locations":[{"start":{"line":56,"column":33},"end":{"line":56,"column":55}},{"start":{"line":56,"column":58},"end":{"line":56,"column":null}}],"line":56},"8":{"loc":{"start":{"line":96,"column":6},"end":{"line":104,"column":null}},"type":"if","locations":[{"start":{"line":96,"column":6},"end":{"line":104,"column":null}},{"start":{},"end":{}}],"line":96},"9":{"loc":{"start":{"line":98,"column":27},"end":{"line":100,"column":null}},"type":"cond-expr","locations":[{"start":{"line":99,"column":14},"end":{"line":99,"column":77}},{"start":{"line":100,"column":14},"end":{"line":100,"column":null}}],"line":98},"10":{"loc":{"start":{"line":99,"column":23},"end":{"line":99,"column":74}},"type":"binary-expr","locations":[{"start":{"line":99,"column":23},"end":{"line":99,"column":69}},{"start":{"line":99,"column":69},"end":{"line":99,"column":74}}],"line":99},"11":{"loc":{"start":{"line":101,"column":46},"end":{"line":101,"column":84}},"type":"cond-expr","locations":[{"start":{"line":101,"column":61},"end":{"line":101,"column":72}},{"start":{"line":101,"column":72},"end":{"line":101,"column":84}}],"line":101},"12":{"loc":{"start":{"line":112,"column":4},"end":{"line":116,"column":null}},"type":"if","locations":[{"start":{"line":112,"column":4},"end":{"line":116,"column":null}},{"start":{},"end":{}}],"line":112},"13":{"loc":{"start":{"line":112,"column":8},"end":{"line":112,"column":76}},"type":"binary-expr","locations":[{"start":{"line":112,"column":8},"end":{"line":112,"column":26}},{"start":{"line":112,"column":26},"end":{"line":112,"column":55}},{"start":{"line":112,"column":55},"end":{"line":112,"column":76}}],"line":112},"14":{"loc":{"start":{"line":136,"column":4},"end":{"line":158,"column":null}},"type":"if","locations":[{"start":{"line":136,"column":4},"end":{"line":158,"column":null}},{"start":{"line":147,"column":15},"end":{"line":158,"column":null}}],"line":136},"15":{"loc":{"start":{"line":147,"column":15},"end":{"line":158,"column":null}},"type":"if","locations":[{"start":{"line":147,"column":15},"end":{"line":158,"column":null}},{"start":{},"end":{}}],"line":147},"16":{"loc":{"start":{"line":147,"column":15},"end":{"line":147,"column":60}},"type":"binary-expr","locations":[{"start":{"line":147,"column":15},"end":{"line":147,"column":33}},{"start":{"line":147,"column":33},"end":{"line":147,"column":60}}],"line":147}},"s":{"0":1,"1":10,"2":10,"3":10,"4":10,"5":10,"6":1,"7":8,"8":9,"9":1,"10":9,"11":1,"12":3,"13":3,"14":3,"15":1,"16":6,"17":6,"18":6,"19":2,"20":2,"21":2,"22":2,"23":0,"24":3,"25":3,"26":7,"27":7,"28":7,"29":7,"30":2,"31":2,"32":1,"33":1,"34":1,"35":1,"36":0,"37":2,"38":4,"39":1,"40":3,"41":3,"42":3,"43":1,"44":2,"45":18,"46":18,"47":2,"48":2,"49":2,"50":4,"51":4,"52":4,"53":4,"54":4,"55":2,"56":16,"57":8,"58":8,"59":8,"60":8,"61":9,"62":9,"63":9,"64":9,"65":9,"66":8,"67":18},"f":{"0":1,"1":1,"2":1,"3":1,"4":1,"5":1,"6":3,"7":1,"8":2,"9":1},"b":{"0":[10],"1":[8,1],"2":[1,8],"3":[1,8],"4":[1,0],"5":[1,0],"6":[2,0],"7":[0,2],"8":[1,1],"9":[1,0],"10":[1,0],"11":[1,0],"12":[1,3],"13":[4,4,1],"14":[2,16],"15":[8,8],"16":[16,16]},"meta":{"lastBranch":17,"lastFunction":10,"lastStatement":68,"seen":{"s:7:51:11:Infinity":0,"f:14:9:14:16":0,"b:14:64:14:66":0,"s:15:17:15:Infinity":1,"s:17:4:36:Infinity":2,"s:18:21:18:37":3,"s:19:21:21:Infinity":4,"b:20:10:20:33:21:10:21:Infinity":1,"b:24:6:27:Infinity:26:13:27:Infinity":2,"s:24:6:27:Infinity":5,"s:25:8:25:Infinity":6,"s:27:8:27:Infinity":7,"b:30:6:31:Infinity:undefined:undefined:undefined:undefined":3,"s:30:6:31:Infinity":8,"s:31:8:31:Infinity":9,"s:34:6:34:Infinity":10,"s:36:6:36:Infinity":11,"b:36:57:36:73:36:73:36:82":4,"f:40:9:40:16":1,"s:41:4:45:Infinity":12,"s:42:21:42:37":13,"s:43:6:43:Infinity":14,"s:45:6:45:Infinity":15,"b:45:56:45:72:45:72:45:81":5,"f:49:9:49:18":2,"s:50:4:63:Infinity":16,"s:51:6:51:Infinity":17,"s:52:6:52:Infinity":18,"b:54:6:61:Infinity:undefined:undefined:undefined:undefined":6,"s:54:6:61:Infinity":19,"s:55:22:55:59":20,"s:56:25:56:Infinity":21,"b:56:33:56:55:56:58:56:Infinity":7,"s:57:8:61:Infinity":22,"s:63:6:63:Infinity":23,"f:67:9:67:26":3,"s:68:18:68:57":24,"s:69:4:72:Infinity":25,"f:75:9:75:18":4,"s:83:4:107:Infinity":26,"s:84:21:84:37":27,"s:85:20:85:48":28,"s:86:6:93:Infinity":29,"s:95:18:95:Infinity":30,"b:96:6:104:Infinity:undefined:undefined:undefined:undefined":8,"s:96:6:104:Infinity":31,"s:97:8:104:Infinity":32,"s:98:27:100:Infinity":33,"b:99:14:99:77:100:14:100:Infinity":9,"b:99:23:99:69:99:69:99:74":10,"s:101:28:101:84":34,"b:101:61:101:72:101:72:101:84":11,"s:102:10:102:Infinity":35,"s:104:10:104:Infinity":36,"s:107:6:107:Infinity":37,"f:111:17:111:30":5,"b:112:4:116:Infinity:undefined:undefined:undefined:undefined":12,"s:112:4:116:Infinity":38,"b:112:8:112:26:112:26:112:55:112:55:112:76":13,"s:113:6:116:Infinity":39,"f:113:39:113:47":6,"s:114:8:114:Infinity":40,"s:115:8:115:Infinity":41,"s:118:4:118:Infinity":42,"f:121:17:121:31":7,"s:123:4:125:Infinity":43,"f:123:23:123:41":8,"s:124:6:124:Infinity":44,"f:128:17:128:30":9,"s:134:18:134:Infinity":45,"b:136:4:158:Infinity:147:15:158:Infinity":14,"s:136:4:158:Infinity":46,"s:137:6:137:Infinity":47,"s:138:26:138:Infinity":48,"s:139:6:144:Infinity":49,"s:140:27:140:61":50,"s:141:8:141:Infinity":51,"s:142:8:142:Infinity":52,"s:143:8:143:Infinity":53,"s:144:8:144:Infinity":54,"s:146:6:146:Infinity":55,"b:147:15:158:Infinity:undefined:undefined:undefined:undefined":15,"s:147:15:158:Infinity":56,"b:147:15:147:33:147:33:147:60":16,"s:148:6:148:Infinity":57,"s:149:6:149:Infinity":58,"s:150:26:150:Infinity":59,"s:151:6:156:Infinity":60,"s:152:27:152:96":61,"s:153:8:153:Infinity":62,"s:154:8:154:Infinity":63,"s:155:8:155:Infinity":64,"s:156:8:156:Infinity":65,"s:158:6:158:Infinity":66,"s:161:4:161:Infinity":67}}}
,"/Users/zhangyuqing/Desktop/aaaa/json-master/src/utils/storage.ts": {"path":"/Users/zhangyuqing/Desktop/aaaa/json-master/src/utils/storage.ts","statementMap":{"0":{"start":{"line":19,"column":41},"end":{"line":26,"column":null}},"1":{"start":{"line":29,"column":40},"end":{"line":29,"column":null}},"2":{"start":{"line":30,"column":41},"end":{"line":30,"column":null}},"3":{"start":{"line":31,"column":48},"end":{"line":31,"column":null}},"4":{"start":{"line":34,"column":4},"end":{"line":38,"column":null}},"5":{"start":{"line":35,"column":21},"end":{"line":35,"column":69}},"6":{"start":{"line":36,"column":6},"end":{"line":36,"column":null}},"7":{"start":{"line":38,"column":6},"end":{"line":38,"column":null}},"8":{"start":{"line":43,"column":4},"end":{"line":56,"column":null}},"9":{"start":{"line":44,"column":22},"end":{"line":44,"column":45}},"10":{"start":{"line":45,"column":23},"end":{"line":45,"column":47}},"11":{"start":{"line":47,"column":35},"end":{"line":51,"column":null}},"12":{"start":{"line":53,"column":29},"end":{"line":53,"column":85}},"13":{"start":{"line":54,"column":6},"end":{"line":54,"column":null}},"14":{"start":{"line":56,"column":6},"end":{"line":56,"column":null}},"15":{"start":{"line":61,"column":4},"end":{"line":64,"column":null}},"16":{"start":{"line":62,"column":6},"end":{"line":62,"column":null}},"17":{"start":{"line":64,"column":6},"end":{"line":64,"column":null}},"18":{"start":{"line":69,"column":4},"end":{"line":74,"column":null}},"19":{"start":{"line":70,"column":22},"end":{"line":70,"column":45}},"20":{"start":{"line":71,"column":29},"end":{"line":71,"column":67}},"21":{"start":{"line":71,"column":52},"end":{"line":71,"column":67}},"22":{"start":{"line":72,"column":6},"end":{"line":72,"column":null}},"23":{"start":{"line":74,"column":6},"end":{"line":74,"column":null}},"24":{"start":{"line":79,"column":4},"end":{"line":83,"column":null}},"25":{"start":{"line":80,"column":21},"end":{"line":80,"column":69}},"26":{"start":{"line":81,"column":6},"end":{"line":81,"column":null}},"27":{"start":{"line":83,"column":6},"end":{"line":83,"column":null}},"28":{"start":{"line":88,"column":4},"end":{"line":93,"column":null}},"29":{"start":{"line":89,"column":30},"end":{"line":89,"column":54}},"30":{"start":{"line":90,"column":26},"end":{"line":90,"column":null}},"31":{"start":{"line":91,"column":6},"end":{"line":91,"column":null}},"32":{"start":{"line":93,"column":6},"end":{"line":93,"column":null}},"33":{"start":{"line":98,"column":4},"end":{"line":102,"column":null}},"34":{"start":{"line":99,"column":21},"end":{"line":99,"column":77}},"35":{"start":{"line":100,"column":6},"end":{"line":100,"column":null}},"36":{"start":{"line":102,"column":6},"end":{"line":102,"column":null}},"37":{"start":{"line":107,"column":4},"end":{"line":110,"column":null}},"38":{"start":{"line":108,"column":6},"end":{"line":108,"column":null}},"39":{"start":{"line":110,"column":6},"end":{"line":110,"column":null}},"40":{"start":{"line":115,"column":4},"end":{"line":120,"column":null}},"41":{"start":{"line":116,"column":6},"end":{"line":116,"column":null}},"42":{"start":{"line":117,"column":6},"end":{"line":117,"column":null}},"43":{"start":{"line":119,"column":6},"end":{"line":119,"column":null}},"44":{"start":{"line":120,"column":6},"end":{"line":120,"column":null}},"45":{"start":{"line":125,"column":4},"end":{"line":139,"column":null}},"46":{"start":{"line":126,"column":19},"end":{"line":126,"column":48}},"47":{"start":{"line":127,"column":18},"end":{"line":127,"column":43}},"48":{"start":{"line":129,"column":16},"end":{"line":129,"column":43}},"49":{"start":{"line":130,"column":6},"end":{"line":130,"column":null}},"50":{"start":{"line":131,"column":6},"end":{"line":131,"column":null}},"51":{"start":{"line":132,"column":6},"end":{"line":132,"column":null}},"52":{"start":{"line":133,"column":6},"end":{"line":133,"column":null}},"53":{"start":{"line":134,"column":6},"end":{"line":134,"column":null}},"54":{"start":{"line":136,"column":6},"end":{"line":136,"column":null}},"55":{"start":{"line":138,"column":6},"end":{"line":138,"column":null}},"56":{"start":{"line":139,"column":6},"end":{"line":139,"column":null}}},"fnMap":{"0":{"name":"(anonymous_0)","decl":{"start":{"line":33,"column":15},"end":{"line":33,"column":52}},"loc":{"start":{"line":33,"column":52},"end":{"line":38,"column":null}},"line":33},"1":{"name":"(anonymous_1)","decl":{"start":{"line":42,"column":15},"end":{"line":42,"column":30}},"loc":{"start":{"line":42,"column":90},"end":{"line":56,"column":null}},"line":42},"2":{"name":"(anonymous_2)","decl":{"start":{"line":60,"column":15},"end":{"line":60,"column":45}},"loc":{"start":{"line":60,"column":45},"end":{"line":64,"column":null}},"line":60},"3":{"name":"(anonymous_3)","decl":{"start":{"line":68,"column":15},"end":{"line":68,"column":33}},"loc":{"start":{"line":68,"column":60},"end":{"line":74,"column":null}},"line":68},"4":{"name":"(anonymous_4)","decl":{"start":{"line":71,"column":37},"end":{"line":71,"column":44}},"loc":{"start":{"line":71,"column":52},"end":{"line":71,"column":67}},"line":71},"5":{"name":"(anonymous_5)","decl":{"start":{"line":78,"column":15},"end":{"line":78,"column":48}},"loc":{"start":{"line":78,"column":48},"end":{"line":83,"column":null}},"line":78},"6":{"name":"(anonymous_6)","decl":{"start":{"line":87,"column":15},"end":{"line":87,"column":28}},"loc":{"start":{"line":87,"column":72},"end":{"line":93,"column":null}},"line":87},"7":{"name":"(anonymous_7)","decl":{"start":{"line":97,"column":15},"end":{"line":97,"column":52}},"loc":{"start":{"line":97,"column":52},"end":{"line":102,"column":null}},"line":97},"8":{"name":"(anonymous_8)","decl":{"start":{"line":106,"column":15},"end":{"line":106,"column":34}},"loc":{"start":{"line":106,"column":66},"end":{"line":110,"column":null}},"line":106},"9":{"name":"(anonymous_9)","decl":{"start":{"line":114,"column":15},"end":{"line":114,"column":31}},"loc":{"start":{"line":114,"column":63},"end":{"line":120,"column":null}},"line":114},"10":{"name":"(anonymous_10)","decl":{"start":{"line":124,"column":15},"end":{"line":124,"column":28}},"loc":{"start":{"line":124,"column":113},"end":{"line":139,"column":null}},"line":124}},"branchMap":{"0":{"loc":{"start":{"line":36,"column":13},"end":{"line":36,"column":43}},"type":"binary-expr","locations":[{"start":{"line":36,"column":13},"end":{"line":36,"column":41}},{"start":{"line":36,"column":41},"end":{"line":36,"column":43}}],"line":36},"1":{"loc":{"start":{"line":100,"column":13},"end":{"line":100,"column":null}},"type":"binary-expr","locations":[{"start":{"line":100,"column":13},"end":{"line":100,"column":49}},{"start":{"line":100,"column":49},"end":{"line":100,"column":null}}],"line":100},"2":{"loc":{"start":{"line":124,"column":63},"end":{"line":124,"column":113}},"type":"default-arg","locations":[{"start":{"line":124,"column":78},"end":{"line":124,"column":113}}],"line":124}},"s":{"0":1,"1":1,"2":1,"3":1,"4":3,"5":3,"6":0,"7":3,"8":1,"9":1,"10":1,"11":1,"12":1,"13":1,"14":1,"15":1,"16":1,"17":1,"18":1,"19":1,"20":1,"21":0,"22":1,"23":1,"24":3,"25":3,"26":0,"27":3,"28":1,"29":1,"30":1,"31":1,"32":1,"33":1,"34":1,"35":0,"36":1,"37":1,"38":1,"39":1,"40":1,"41":1,"42":1,"43":0,"44":0,"45":1,"46":1,"47":1,"48":1,"49":1,"50":1,"51":1,"52":1,"53":1,"54":1,"55":0,"56":0},"f":{"0":1,"1":1,"2":1,"3":1,"4":0,"5":1,"6":1,"7":1,"8":1,"9":1,"10":1},"b":{"0":[0,0],"1":[0,0],"2":[1]},"meta":{"lastBranch":3,"lastFunction":11,"lastStatement":57,"seen":{"s:19:41:26:Infinity":0,"s:29:40:29:Infinity":1,"s:30:41:30:Infinity":2,"s:31:48:31:Infinity":3,"f:33:15:33:52":0,"s:34:4:38:Infinity":4,"s:35:21:35:69":5,"s:36:6:36:Infinity":6,"b:36:13:36:41:36:41:36:43":0,"s:38:6:38:Infinity":7,"f:42:15:42:30":1,"s:43:4:56:Infinity":8,"s:44:22:44:45":9,"s:45:23:45:47":10,"s:47:35:51:Infinity":11,"s:53:29:53:85":12,"s:54:6:54:Infinity":13,"s:56:6:56:Infinity":14,"f:60:15:60:45":2,"s:61:4:64:Infinity":15,"s:62:6:62:Infinity":16,"s:64:6:64:Infinity":17,"f:68:15:68:33":3,"s:69:4:74:Infinity":18,"s:70:22:70:45":19,"s:71:29:71:67":20,"f:71:37:71:44":4,"s:71:52:71:67":21,"s:72:6:72:Infinity":22,"s:74:6:74:Infinity":23,"f:78:15:78:48":5,"s:79:4:83:Infinity":24,"s:80:21:80:69":25,"s:81:6:81:Infinity":26,"s:83:6:83:Infinity":27,"f:87:15:87:28":6,"s:88:4:93:Infinity":28,"s:89:30:89:54":29,"s:90:26:90:Infinity":30,"s:91:6:91:Infinity":31,"s:93:6:93:Infinity":32,"f:97:15:97:52":7,"s:98:4:102:Infinity":33,"s:99:21:99:77":34,"s:100:6:100:Infinity":35,"b:100:13:100:49:100:49:100:Infinity":1,"s:102:6:102:Infinity":36,"f:106:15:106:34":8,"s:107:4:110:Infinity":37,"s:108:6:108:Infinity":38,"s:110:6:110:Infinity":39,"f:114:15:114:31":9,"s:115:4:120:Infinity":40,"s:116:6:116:Infinity":41,"s:117:6:117:Infinity":42,"s:119:6:119:Infinity":43,"s:120:6:120:Infinity":44,"f:124:15:124:28":10,"b:124:78:124:113":2,"s:125:4:139:Infinity":45,"s:126:19:126:48":46,"s:127:18:127:43":47,"s:129:16:129:43":48,"s:130:6:130:Infinity":49,"s:131:6:131:Infinity":50,"s:132:6:132:Infinity":51,"s:133:6:133:Infinity":52,"s:134:6:134:Infinity":53,"s:136:6:136:Infinity":54,"s:138:6:138:Infinity":55,"s:139:6:139:Infinity":56}}}
}
